This file contains any messages produced by compilers while
running configure, to aid debugging if configure makes a mistake.

It was created by spice configure 0.12.0, which was
generated by GNU Autoconf 2.69.  Invocation command line was

  $ ./configure 

## --------- ##
## Platform. ##
## --------- ##

hostname = eyeMiddle
uname -m = x86_64
uname -r = 3.2.0-32-generic
uname -s = Linux
uname -v = #51-Ubuntu SMP Wed Sep 26 21:33:09 UTC 2012

/usr/bin/uname -p = unknown
/bin/uname -X     = unknown

/bin/arch              = unknown
/usr/bin/arch -k       = unknown
/usr/convex/getsysinfo = unknown
/usr/bin/hostinfo      = unknown
/bin/machine           = unknown
/usr/bin/oslevel       = unknown
/bin/universe          = unknown

PATH: /usr/local/sbin
PATH: /usr/local/bin
PATH: /usr/sbin
PATH: /usr/bin
PATH: /sbin
PATH: /bin
PATH: /usr/games


## ----------- ##
## Core tests. ##
## ----------- ##

configure:2660: checking for gcc
configure:2676: found /usr/bin/gcc
configure:2687: result: gcc
configure:2916: checking for C compiler version
configure:2925: gcc --version >&5
gcc (Ubuntu/Linaro 4.6.3-1ubuntu5) 4.6.3
Copyright (C) 2011 Free Software Foundation, Inc.
This is free software; see the source for copying conditions.  There is NO
warranty; not even for MERCHANTABILITY or FITNESS FOR A PARTICULAR PURPOSE.

configure:2936: $? = 0
configure:2925: gcc -v >&5
Using built-in specs.
COLLECT_GCC=gcc
COLLECT_LTO_WRAPPER=/usr/lib/gcc/x86_64-linux-gnu/4.6/lto-wrapper
Target: x86_64-linux-gnu
Configured with: ../src/configure -v --with-pkgversion='Ubuntu/Linaro 4.6.3-1ubuntu5' --with-bugurl=file:///usr/share/doc/gcc-4.6/README.Bugs --enable-languages=c,c++,fortran,objc,obj-c++ --prefix=/usr --program-suffix=-4.6 --enable-shared --enable-linker-build-id --with-system-zlib --libexecdir=/usr/lib --without-included-gettext --enable-threads=posix --with-gxx-include-dir=/usr/include/c++/4.6 --libdir=/usr/lib --enable-nls --with-sysroot=/ --enable-clocale=gnu --enable-libstdcxx-debug --enable-libstdcxx-time=yes --enable-gnu-unique-object --enable-plugin --enable-objc-gc --disable-werror --with-arch-32=i686 --with-tune=generic --enable-checking=release --build=x86_64-linux-gnu --host=x86_64-linux-gnu --target=x86_64-linux-gnu
Thread model: posix
gcc version 4.6.3 (Ubuntu/Linaro 4.6.3-1ubuntu5) 
configure:2936: $? = 0
configure:2925: gcc -V >&5
gcc: error: unrecognized option '-V'
gcc: fatal error: no input files
compilation terminated.
configure:2936: $? = 4
configure:2925: gcc -qversion >&5
gcc: error: unrecognized option '-qversion'
gcc: fatal error: no input files
compilation terminated.
configure:2936: $? = 4
configure:2956: checking whether the C compiler works
configure:2978: gcc    conftest.c  >&5
configure:2982: $? = 0
configure:3030: result: yes
configure:3033: checking for C compiler default output file name
configure:3035: result: a.out
configure:3041: checking for suffix of executables
configure:3048: gcc -o conftest    conftest.c  >&5
configure:3052: $? = 0
configure:3074: result: 
configure:3096: checking whether we are cross compiling
configure:3104: gcc -o conftest    conftest.c  >&5
configure:3108: $? = 0
configure:3115: ./conftest
configure:3119: $? = 0
configure:3134: result: no
configure:3139: checking for suffix of object files
configure:3161: gcc -c   conftest.c >&5
configure:3165: $? = 0
configure:3186: result: o
configure:3190: checking whether we are using the GNU C compiler
configure:3209: gcc -c   conftest.c >&5
configure:3209: $? = 0
configure:3218: result: yes
configure:3227: checking whether gcc accepts -g
configure:3247: gcc -c -g  conftest.c >&5
configure:3247: $? = 0
configure:3288: result: yes
configure:3305: checking for gcc option to accept ISO C89
configure:3368: gcc  -c -g -O2  conftest.c >&5
configure:3368: $? = 0
configure:3381: result: none needed
configure:3451: checking for ar
configure:3467: found /usr/bin/ar
configure:3478: result: ar
configure:3504: checking the archiver (ar) interface
configure:3514: gcc -c -g -O2  conftest.c >&5
configure:3514: $? = 0
configure:3516: ar cru libconftest.a conftest.o >&5
configure:3519: $? = 0
configure:3542: result: ar
configure:3579: checking for a BSD-compatible install
configure:3647: result: /usr/bin/install -c
configure:3658: checking whether build environment is sane
configure:3713: result: yes
configure:3861: checking for a thread-safe mkdir -p
configure:3900: result: /bin/mkdir -p
configure:3907: checking for gawk
configure:3937: result: no
configure:3907: checking for mawk
configure:3923: found /usr/bin/mawk
configure:3934: result: mawk
configure:3945: checking whether make sets $(MAKE)
configure:3967: result: yes
configure:3997: checking for style of include used by make
configure:4025: result: GNU
configure:4117: checking dependency style of gcc
configure:4228: result: gcc3
configure:4245: checking whether to enable maintainer-specific portions of Makefiles
configure:4254: result: no
configure:4316: checking for gcc
configure:4343: result: gcc
configure:4572: checking for C compiler version
configure:4581: gcc --version >&5
gcc (Ubuntu/Linaro 4.6.3-1ubuntu5) 4.6.3
Copyright (C) 2011 Free Software Foundation, Inc.
This is free software; see the source for copying conditions.  There is NO
warranty; not even for MERCHANTABILITY or FITNESS FOR A PARTICULAR PURPOSE.

configure:4592: $? = 0
configure:4581: gcc -v >&5
Using built-in specs.
COLLECT_GCC=gcc
COLLECT_LTO_WRAPPER=/usr/lib/gcc/x86_64-linux-gnu/4.6/lto-wrapper
Target: x86_64-linux-gnu
Configured with: ../src/configure -v --with-pkgversion='Ubuntu/Linaro 4.6.3-1ubuntu5' --with-bugurl=file:///usr/share/doc/gcc-4.6/README.Bugs --enable-languages=c,c++,fortran,objc,obj-c++ --prefix=/usr --program-suffix=-4.6 --enable-shared --enable-linker-build-id --with-system-zlib --libexecdir=/usr/lib --without-included-gettext --enable-threads=posix --with-gxx-include-dir=/usr/include/c++/4.6 --libdir=/usr/lib --enable-nls --with-sysroot=/ --enable-clocale=gnu --enable-libstdcxx-debug --enable-libstdcxx-time=yes --enable-gnu-unique-object --enable-plugin --enable-objc-gc --disable-werror --with-arch-32=i686 --with-tune=generic --enable-checking=release --build=x86_64-linux-gnu --host=x86_64-linux-gnu --target=x86_64-linux-gnu
Thread model: posix
gcc version 4.6.3 (Ubuntu/Linaro 4.6.3-1ubuntu5) 
configure:4592: $? = 0
configure:4581: gcc -V >&5
gcc: error: unrecognized option '-V'
gcc: fatal error: no input files
compilation terminated.
configure:4592: $? = 4
configure:4581: gcc -qversion >&5
gcc: error: unrecognized option '-qversion'
gcc: fatal error: no input files
compilation terminated.
configure:4592: $? = 4
configure:4596: checking whether we are using the GNU C compiler
configure:4624: result: yes
configure:4633: checking whether gcc accepts -g
configure:4694: result: yes
configure:4711: checking for gcc option to accept ISO C89
configure:4787: result: none needed
configure:4807: checking for gcc option to accept ISO C99
configure:4956: gcc  -c -g -O2  conftest.c >&5
conftest.c:61:29: error: expected ';', ',' or ')' before 'text'
conftest.c: In function 'main':
conftest.c:115:18: error: expected '=', ',', ';', 'asm' or '__attribute__' before 'newvar'
conftest.c:115:18: error: 'newvar' undeclared (first use in this function)
conftest.c:115:18: note: each undeclared identifier is reported only once for each function it appears in
conftest.c:125:3: error: 'for' loop initial declarations are only allowed in C99 mode
conftest.c:125:3: note: use option -std=c99 or -std=gnu99 to compile your code
configure:4956: $? = 1
configure: failed program was:
| /* confdefs.h */
| #define PACKAGE_NAME "spice"
| #define PACKAGE_TARNAME "spice"
| #define PACKAGE_VERSION "0.12.0"
| #define PACKAGE_STRING "spice 0.12.0"
| #define PACKAGE_BUGREPORT ""
| #define PACKAGE_URL ""
| #define PACKAGE "spice"
| #define VERSION "0.12.0"
| /* end confdefs.h.  */
| #include <stdarg.h>
| #include <stdbool.h>
| #include <stdlib.h>
| #include <wchar.h>
| #include <stdio.h>
| 
| // Check varargs macros.  These examples are taken from C99 6.10.3.5.
| #define debug(...) fprintf (stderr, __VA_ARGS__)
| #define showlist(...) puts (#__VA_ARGS__)
| #define report(test,...) ((test) ? puts (#test) : printf (__VA_ARGS__))
| static void
| test_varargs_macros (void)
| {
|   int x = 1234;
|   int y = 5678;
|   debug ("Flag");
|   debug ("X = %d\n", x);
|   showlist (The first, second, and third items.);
|   report (x>y, "x is %d but y is %d", x, y);
| }
| 
| // Check long long types.
| #define BIG64 18446744073709551615ull
| #define BIG32 4294967295ul
| #define BIG_OK (BIG64 / BIG32 == 4294967297ull && BIG64 % BIG32 == 0)
| #if !BIG_OK
|   your preprocessor is broken;
| #endif
| #if BIG_OK
| #else
|   your preprocessor is broken;
| #endif
| static long long int bignum = -9223372036854775807LL;
| static unsigned long long int ubignum = BIG64;
| 
| struct incomplete_array
| {
|   int datasize;
|   double data[];
| };
| 
| struct named_init {
|   int number;
|   const wchar_t *name;
|   double average;
| };
| 
| typedef const char *ccp;
| 
| static inline int
| test_restrict (ccp restrict text)
| {
|   // See if C++-style comments work.
|   // Iterate through items via the restricted pointer.
|   // Also check for declarations in for loops.
|   for (unsigned int i = 0; *(text+i) != '\0'; ++i)
|     continue;
|   return 0;
| }
| 
| // Check varargs and va_copy.
| static void
| test_varargs (const char *format, ...)
| {
|   va_list args;
|   va_start (args, format);
|   va_list args_copy;
|   va_copy (args_copy, args);
| 
|   const char *str;
|   int number;
|   float fnumber;
| 
|   while (*format)
|     {
|       switch (*format++)
| 	{
| 	case 's': // string
| 	  str = va_arg (args_copy, const char *);
| 	  break;
| 	case 'd': // int
| 	  number = va_arg (args_copy, int);
| 	  break;
| 	case 'f': // float
| 	  fnumber = va_arg (args_copy, double);
| 	  break;
| 	default:
| 	  break;
| 	}
|     }
|   va_end (args_copy);
|   va_end (args);
| }
| 
| int
| main ()
| {
| 
|   // Check bool.
|   _Bool success = false;
| 
|   // Check restrict.
|   if (test_restrict ("String literal") == 0)
|     success = true;
|   char *restrict newvar = "Another string";
| 
|   // Check varargs.
|   test_varargs ("s, d' f .", "string", 65, 34.234);
|   test_varargs_macros ();
| 
|   // Check flexible array members.
|   struct incomplete_array *ia =
|     malloc (sizeof (struct incomplete_array) + (sizeof (double) * 10));
|   ia->datasize = 10;
|   for (int i = 0; i < ia->datasize; ++i)
|     ia->data[i] = i * 1.234;
| 
|   // Check named initializers.
|   struct named_init ni = {
|     .number = 34,
|     .name = L"Test wide string",
|     .average = 543.34343,
|   };
| 
|   ni.number = 58;
| 
|   int dynamic_array[ni.number];
|   dynamic_array[ni.number - 1] = 543;
| 
|   // work around unused variable warnings
|   return (!success || bignum == 0LL || ubignum == 0uLL || newvar[0] == 'x'
| 	  || dynamic_array[ni.number - 1] != 543);
| 
|   ;
|   return 0;
| }
configure:4956: gcc -std=gnu99 -c -g -O2  conftest.c >&5
configure:4956: $? = 0
configure:4976: result: -std=gnu99
configure:5045: checking for g++
configure:5061: found /usr/bin/g++
configure:5072: result: g++
configure:5099: checking for C++ compiler version
configure:5108: g++ --version >&5
g++ (Ubuntu/Linaro 4.6.3-1ubuntu5) 4.6.3
Copyright (C) 2011 Free Software Foundation, Inc.
This is free software; see the source for copying conditions.  There is NO
warranty; not even for MERCHANTABILITY or FITNESS FOR A PARTICULAR PURPOSE.

configure:5119: $? = 0
configure:5108: g++ -v >&5
Using built-in specs.
COLLECT_GCC=g++
COLLECT_LTO_WRAPPER=/usr/lib/gcc/x86_64-linux-gnu/4.6/lto-wrapper
Target: x86_64-linux-gnu
Configured with: ../src/configure -v --with-pkgversion='Ubuntu/Linaro 4.6.3-1ubuntu5' --with-bugurl=file:///usr/share/doc/gcc-4.6/README.Bugs --enable-languages=c,c++,fortran,objc,obj-c++ --prefix=/usr --program-suffix=-4.6 --enable-shared --enable-linker-build-id --with-system-zlib --libexecdir=/usr/lib --without-included-gettext --enable-threads=posix --with-gxx-include-dir=/usr/include/c++/4.6 --libdir=/usr/lib --enable-nls --with-sysroot=/ --enable-clocale=gnu --enable-libstdcxx-debug --enable-libstdcxx-time=yes --enable-gnu-unique-object --enable-plugin --enable-objc-gc --disable-werror --with-arch-32=i686 --with-tune=generic --enable-checking=release --build=x86_64-linux-gnu --host=x86_64-linux-gnu --target=x86_64-linux-gnu
Thread model: posix
gcc version 4.6.3 (Ubuntu/Linaro 4.6.3-1ubuntu5) 
configure:5119: $? = 0
configure:5108: g++ -V >&5
g++: error: unrecognized option '-V'
g++: fatal error: no input files
compilation terminated.
configure:5119: $? = 4
configure:5108: g++ -qversion >&5
g++: error: unrecognized option '-qversion'
g++: fatal error: no input files
compilation terminated.
configure:5119: $? = 4
configure:5123: checking whether we are using the GNU C++ compiler
configure:5142: g++ -c   conftest.cpp >&5
configure:5142: $? = 0
configure:5151: result: yes
configure:5160: checking whether g++ accepts -g
configure:5180: g++ -c -g  conftest.cpp >&5
configure:5180: $? = 0
configure:5221: result: yes
configure:5246: checking dependency style of g++
configure:5357: result: gcc3
configure:5377: checking build system type
configure:5391: result: x86_64-unknown-linux-gnu
configure:5411: checking host system type
configure:5424: result: x86_64-unknown-linux-gnu
configure:5490: checking how to print strings
configure:5517: result: printf
configure:5538: checking for a sed that does not truncate output
configure:5602: result: /bin/sed
configure:5620: checking for grep that handles long lines and -e
configure:5678: result: /bin/grep
configure:5683: checking for egrep
configure:5745: result: /bin/grep -E
configure:5750: checking for fgrep
configure:5812: result: /bin/grep -F
configure:5847: checking for ld used by gcc -std=gnu99
configure:5914: result: /usr/bin/ld
configure:5921: checking if the linker (/usr/bin/ld) is GNU ld
configure:5936: result: yes
configure:5948: checking for BSD- or MS-compatible name lister (nm)
configure:5997: result: /usr/bin/nm -B
configure:6127: checking the name lister (/usr/bin/nm -B) interface
configure:6134: gcc -std=gnu99 -c -g -O2  conftest.c >&5
configure:6137: /usr/bin/nm -B "conftest.o"
configure:6140: output
0000000000000000 B some_variable
configure:6147: result: BSD nm
configure:6150: checking whether ln -s works
configure:6154: result: yes
configure:6162: checking the maximum length of command line arguments
configure:6292: result: 1572864
configure:6309: checking whether the shell understands some XSI constructs
configure:6319: result: yes
configure:6323: checking whether the shell understands "+="
configure:6329: result: yes
configure:6364: checking how to convert x86_64-unknown-linux-gnu file names to x86_64-unknown-linux-gnu format
configure:6404: result: func_convert_file_noop
configure:6411: checking how to convert x86_64-unknown-linux-gnu file names to toolchain format
configure:6431: result: func_convert_file_noop
configure:6438: checking for /usr/bin/ld option to reload object files
configure:6445: result: -r
configure:6519: checking for objdump
configure:6535: found /usr/bin/objdump
configure:6546: result: objdump
configure:6578: checking how to recognize dependent libraries
configure:6780: result: pass_all
configure:6865: checking for dlltool
configure:6895: result: no
configure:6925: checking how to associate runtime and link libraries
configure:6952: result: printf %s\n
configure:7076: checking for archiver @FILE support
configure:7093: gcc -std=gnu99 -c -g -O2  conftest.c >&5
configure:7093: $? = 0
configure:7096: ar cru libconftest.a @conftest.lst >&5
configure:7099: $? = 0
configure:7104: ar cru libconftest.a @conftest.lst >&5
ar: conftest.o: No such file or directory
configure:7107: $? = 1
configure:7119: result: @
configure:7177: checking for strip
configure:7193: found /usr/bin/strip
configure:7204: result: strip
configure:7276: checking for ranlib
configure:7292: found /usr/bin/ranlib
configure:7303: result: ranlib
configure:7405: checking command to parse /usr/bin/nm -B output from gcc -std=gnu99 object
configure:7525: gcc -std=gnu99 -c -g -O2  conftest.c >&5
configure:7528: $? = 0
configure:7532: /usr/bin/nm -B conftest.o \| sed -n -e 's/^.*[ ]\([ABCDGIRSTW][ABCDGIRSTW]*\)[ ][ ]*\([_A-Za-z][_A-Za-z0-9]*\)$/\1 \2 \2/p' | sed '/ __gnu_lto/d' \> conftest.nm
configure:7535: $? = 0
configure:7601: gcc -std=gnu99 -o conftest -g -O2   conftest.c conftstm.o >&5
configure:7604: $? = 0
configure:7642: result: ok
configure:7679: checking for sysroot
configure:7709: result: no
configure:7786: gcc -std=gnu99 -c -g -O2  conftest.c >&5
configure:7789: $? = 0
configure:7965: checking for mt
configure:7981: found /bin/mt
configure:7992: result: mt
configure:8015: checking if mt is a manifest tool
configure:8021: mt '-?'
configure:8029: result: no
configure:8671: checking how to run the C preprocessor
configure:8702: gcc -std=gnu99 -E  conftest.c
configure:8702: $? = 0
configure:8716: gcc -std=gnu99 -E  conftest.c
conftest.c:11:28: fatal error: ac_nonexistent.h: No such file or directory
compilation terminated.
configure:8716: $? = 1
configure: failed program was:
| /* confdefs.h */
| #define PACKAGE_NAME "spice"
| #define PACKAGE_TARNAME "spice"
| #define PACKAGE_VERSION "0.12.0"
| #define PACKAGE_STRING "spice 0.12.0"
| #define PACKAGE_BUGREPORT ""
| #define PACKAGE_URL ""
| #define PACKAGE "spice"
| #define VERSION "0.12.0"
| /* end confdefs.h.  */
| #include <ac_nonexistent.h>
configure:8741: result: gcc -std=gnu99 -E
configure:8761: gcc -std=gnu99 -E  conftest.c
configure:8761: $? = 0
configure:8775: gcc -std=gnu99 -E  conftest.c
conftest.c:11:28: fatal error: ac_nonexistent.h: No such file or directory
compilation terminated.
configure:8775: $? = 1
configure: failed program was:
| /* confdefs.h */
| #define PACKAGE_NAME "spice"
| #define PACKAGE_TARNAME "spice"
| #define PACKAGE_VERSION "0.12.0"
| #define PACKAGE_STRING "spice 0.12.0"
| #define PACKAGE_BUGREPORT ""
| #define PACKAGE_URL ""
| #define PACKAGE "spice"
| #define VERSION "0.12.0"
| /* end confdefs.h.  */
| #include <ac_nonexistent.h>
configure:8804: checking for ANSI C header files
configure:8824: gcc -std=gnu99 -c -g -O2  conftest.c >&5
configure:8824: $? = 0
configure:8897: gcc -std=gnu99 -o conftest -g -O2   conftest.c  >&5
configure:8897: $? = 0
configure:8897: ./conftest
configure:8897: $? = 0
configure:8908: result: yes
configure:8921: checking for sys/types.h
configure:8921: gcc -std=gnu99 -c -g -O2  conftest.c >&5
configure:8921: $? = 0
configure:8921: result: yes
configure:8921: checking for sys/stat.h
configure:8921: gcc -std=gnu99 -c -g -O2  conftest.c >&5
configure:8921: $? = 0
configure:8921: result: yes
configure:8921: checking for stdlib.h
configure:8921: gcc -std=gnu99 -c -g -O2  conftest.c >&5
configure:8921: $? = 0
configure:8921: result: yes
configure:8921: checking for string.h
configure:8921: gcc -std=gnu99 -c -g -O2  conftest.c >&5
configure:8921: $? = 0
configure:8921: result: yes
configure:8921: checking for memory.h
configure:8921: gcc -std=gnu99 -c -g -O2  conftest.c >&5
configure:8921: $? = 0
configure:8921: result: yes
configure:8921: checking for strings.h
configure:8921: gcc -std=gnu99 -c -g -O2  conftest.c >&5
configure:8921: $? = 0
configure:8921: result: yes
configure:8921: checking for inttypes.h
configure:8921: gcc -std=gnu99 -c -g -O2  conftest.c >&5
configure:8921: $? = 0
configure:8921: result: yes
configure:8921: checking for stdint.h
configure:8921: gcc -std=gnu99 -c -g -O2  conftest.c >&5
configure:8921: $? = 0
configure:8921: result: yes
configure:8921: checking for unistd.h
configure:8921: gcc -std=gnu99 -c -g -O2  conftest.c >&5
configure:8921: $? = 0
configure:8921: result: yes
configure:8935: checking for dlfcn.h
configure:8935: gcc -std=gnu99 -c -g -O2  conftest.c >&5
configure:8935: $? = 0
configure:8935: result: yes
configure:9152: checking for objdir
configure:9167: result: .libs
configure:9438: checking if gcc -std=gnu99 supports -fno-rtti -fno-exceptions
configure:9456: gcc -std=gnu99 -c -g -O2  -fno-rtti -fno-exceptions conftest.c >&5
cc1: warning: command line option '-fno-rtti' is valid for C++/ObjC++ but not for C [enabled by default]
configure:9460: $? = 0
configure:9473: result: no
configure:9800: checking for gcc -std=gnu99 option to produce PIC
configure:9807: result: -fPIC -DPIC
configure:9815: checking if gcc -std=gnu99 PIC flag -fPIC -DPIC works
configure:9833: gcc -std=gnu99 -c -g -O2  -fPIC -DPIC -DPIC conftest.c >&5
configure:9837: $? = 0
configure:9850: result: yes
configure:9879: checking if gcc -std=gnu99 static flag -static works
configure:9907: result: yes
configure:9922: checking if gcc -std=gnu99 supports -c -o file.o
configure:9943: gcc -std=gnu99 -c -g -O2  -o out/conftest2.o conftest.c >&5
configure:9947: $? = 0
configure:9969: result: yes
configure:9977: checking if gcc -std=gnu99 supports -c -o file.o
configure:10024: result: yes
configure:10057: checking whether the gcc -std=gnu99 linker (/usr/bin/ld -m elf_x86_64) supports shared libraries
configure:11210: result: yes
configure:11247: checking whether -lc should be explicitly linked in
configure:11255: gcc -std=gnu99 -c -g -O2  conftest.c >&5
configure:11258: $? = 0
configure:11273: gcc -std=gnu99 -shared  -fPIC -DPIC conftest.o  -v -Wl,-soname -Wl,conftest -o conftest 2\>\&1 \| /bin/grep  -lc  \>/dev/null 2\>\&1
configure:11276: $? = 0
configure:11290: result: no
configure:11450: checking dynamic linker characteristics
configure:11961: gcc -std=gnu99 -o conftest -g -O2   -Wl,-rpath -Wl,/foo conftest.c  >&5
configure:11961: $? = 0
configure:12187: result: GNU/Linux ld.so
configure:12294: checking how to hardcode library paths into programs
configure:12319: result: immediate
configure:12859: checking whether stripping libraries is possible
configure:12864: result: yes
configure:12899: checking if libtool supports shared libraries
configure:12901: result: yes
configure:12904: checking whether to build shared libraries
configure:12925: result: yes
configure:12928: checking whether to build static libraries
configure:12932: result: yes
configure:12955: checking how to run the C++ preprocessor
configure:12982: g++ -E  conftest.cpp
configure:12982: $? = 0
configure:12996: g++ -E  conftest.cpp
conftest.cpp:23:28: fatal error: ac_nonexistent.h: No such file or directory
compilation terminated.
configure:12996: $? = 1
configure: failed program was:
| /* confdefs.h */
| #define PACKAGE_NAME "spice"
| #define PACKAGE_TARNAME "spice"
| #define PACKAGE_VERSION "0.12.0"
| #define PACKAGE_STRING "spice 0.12.0"
| #define PACKAGE_BUGREPORT ""
| #define PACKAGE_URL ""
| #define PACKAGE "spice"
| #define VERSION "0.12.0"
| #define STDC_HEADERS 1
| #define HAVE_SYS_TYPES_H 1
| #define HAVE_SYS_STAT_H 1
| #define HAVE_STDLIB_H 1
| #define HAVE_STRING_H 1
| #define HAVE_MEMORY_H 1
| #define HAVE_STRINGS_H 1
| #define HAVE_INTTYPES_H 1
| #define HAVE_STDINT_H 1
| #define HAVE_UNISTD_H 1
| #define HAVE_DLFCN_H 1
| #define LT_OBJDIR ".libs/"
| /* end confdefs.h.  */
| #include <ac_nonexistent.h>
configure:13021: result: g++ -E
configure:13041: g++ -E  conftest.cpp
configure:13041: $? = 0
configure:13055: g++ -E  conftest.cpp
conftest.cpp:23:28: fatal error: ac_nonexistent.h: No such file or directory
compilation terminated.
configure:13055: $? = 1
configure: failed program was:
| /* confdefs.h */
| #define PACKAGE_NAME "spice"
| #define PACKAGE_TARNAME "spice"
| #define PACKAGE_VERSION "0.12.0"
| #define PACKAGE_STRING "spice 0.12.0"
| #define PACKAGE_BUGREPORT ""
| #define PACKAGE_URL ""
| #define PACKAGE "spice"
| #define VERSION "0.12.0"
| #define STDC_HEADERS 1
| #define HAVE_SYS_TYPES_H 1
| #define HAVE_SYS_STAT_H 1
| #define HAVE_STDLIB_H 1
| #define HAVE_STRING_H 1
| #define HAVE_MEMORY_H 1
| #define HAVE_STRINGS_H 1
| #define HAVE_INTTYPES_H 1
| #define HAVE_STDINT_H 1
| #define HAVE_UNISTD_H 1
| #define HAVE_DLFCN_H 1
| #define LT_OBJDIR ".libs/"
| /* end confdefs.h.  */
| #include <ac_nonexistent.h>
configure:13224: checking for ld used by g++
configure:13291: result: /usr/bin/ld -m elf_x86_64
configure:13298: checking if the linker (/usr/bin/ld -m elf_x86_64) is GNU ld
configure:13313: result: yes
configure:13368: checking whether the g++ linker (/usr/bin/ld -m elf_x86_64) supports shared libraries
configure:14373: result: yes
configure:14409: g++ -c -g -O2  conftest.cpp >&5
configure:14412: $? = 0
configure:14932: checking for g++ option to produce PIC
configure:14939: result: -fPIC -DPIC
configure:14947: checking if g++ PIC flag -fPIC -DPIC works
configure:14965: g++ -c -g -O2  -fPIC -DPIC -DPIC conftest.cpp >&5
configure:14969: $? = 0
configure:14982: result: yes
configure:15005: checking if g++ static flag -static works
configure:15033: result: yes
configure:15045: checking if g++ supports -c -o file.o
configure:15066: g++ -c -g -O2  -o out/conftest2.o conftest.cpp >&5
configure:15070: $? = 0
configure:15092: result: yes
configure:15097: checking if g++ supports -c -o file.o
configure:15144: result: yes
configure:15174: checking whether the g++ linker (/usr/bin/ld -m elf_x86_64) supports shared libraries
configure:15210: result: yes
configure:15351: checking dynamic linker characteristics
configure:16022: result: GNU/Linux ld.so
configure:16075: checking how to hardcode library paths into programs
configure:16100: result: immediate
configure:16162: checking whether gcc -std=gnu99 and cc understand -c and -o together
configure:16193: gcc -std=gnu99 -c conftest.c -o conftest2.o >&5
configure:16197: $? = 0
configure:16203: gcc -std=gnu99 -c conftest.c -o conftest2.o >&5
configure:16207: $? = 0
configure:16218: cc -c conftest.c >&5
configure:16222: $? = 0
configure:16230: cc -c conftest.c -o conftest2.o >&5
configure:16234: $? = 0
configure:16240: cc -c conftest.c -o conftest2.o >&5
configure:16244: $? = 0
configure:16262: result: yes
configure:16287: checking whether byte ordering is bigendian
configure:16302: gcc -std=gnu99 -c -g -O2  conftest.c >&5
conftest.c:24:9: error: unknown type name 'not'
conftest.c:24:15: error: expected '=', ',', ';', 'asm' or '__attribute__' before 'universal'
conftest.c:24:15: error: unknown type name 'universal'
configure:16302: $? = 1
configure: failed program was:
| /* confdefs.h */
| #define PACKAGE_NAME "spice"
| #define PACKAGE_TARNAME "spice"
| #define PACKAGE_VERSION "0.12.0"
| #define PACKAGE_STRING "spice 0.12.0"
| #define PACKAGE_BUGREPORT ""
| #define PACKAGE_URL ""
| #define PACKAGE "spice"
| #define VERSION "0.12.0"
| #define STDC_HEADERS 1
| #define HAVE_SYS_TYPES_H 1
| #define HAVE_SYS_STAT_H 1
| #define HAVE_STDLIB_H 1
| #define HAVE_STRING_H 1
| #define HAVE_MEMORY_H 1
| #define HAVE_STRINGS_H 1
| #define HAVE_INTTYPES_H 1
| #define HAVE_STDINT_H 1
| #define HAVE_UNISTD_H 1
| #define HAVE_DLFCN_H 1
| #define LT_OBJDIR ".libs/"
| /* end confdefs.h.  */
| #ifndef __APPLE_CC__
| 	       not a universal capable compiler
| 	     #endif
| 	     typedef int dummy;
| 
configure:16347: gcc -std=gnu99 -c -g -O2  conftest.c >&5
configure:16347: $? = 0
configure:16365: gcc -std=gnu99 -c -g -O2  conftest.c >&5
conftest.c: In function 'main':
conftest.c:30:4: error: unknown type name 'not'
conftest.c:30:12: error: expected '=', ',', ';', 'asm' or '__attribute__' before 'endian'
configure:16365: $? = 1
configure: failed program was:
| /* confdefs.h */
| #define PACKAGE_NAME "spice"
| #define PACKAGE_TARNAME "spice"
| #define PACKAGE_VERSION "0.12.0"
| #define PACKAGE_STRING "spice 0.12.0"
| #define PACKAGE_BUGREPORT ""
| #define PACKAGE_URL ""
| #define PACKAGE "spice"
| #define VERSION "0.12.0"
| #define STDC_HEADERS 1
| #define HAVE_SYS_TYPES_H 1
| #define HAVE_SYS_STAT_H 1
| #define HAVE_STDLIB_H 1
| #define HAVE_STRING_H 1
| #define HAVE_MEMORY_H 1
| #define HAVE_STRINGS_H 1
| #define HAVE_INTTYPES_H 1
| #define HAVE_STDINT_H 1
| #define HAVE_UNISTD_H 1
| #define HAVE_DLFCN_H 1
| #define LT_OBJDIR ".libs/"
| /* end confdefs.h.  */
| #include <sys/types.h>
| 		#include <sys/param.h>
| 
| int
| main ()
| {
| #if BYTE_ORDER != BIG_ENDIAN
| 		 not big endian
| 		#endif
| 
|   ;
|   return 0;
| }
configure:16493: result: no
configure:16515: checking for python2
configure:16533: found /usr/bin/python2
configure:16545: result: /usr/bin/python2
configure:16610: checking for pkg-config
configure:16628: found /usr/bin/pkg-config
configure:16640: result: /usr/bin/pkg-config
configure:16665: checking pkg-config is at least version 0.9.0
configure:16668: result: yes
configure:16679: checking sys/time.h usability
configure:16679: gcc -std=gnu99 -c -g -O2  conftest.c >&5
configure:16679: $? = 0
configure:16679: result: yes
configure:16679: checking sys/time.h presence
configure:16679: gcc -std=gnu99 -E  conftest.c
configure:16679: $? = 0
configure:16679: result: yes
configure:16679: checking for sys/time.h
configure:16679: result: yes
configure:16691: checking execinfo.h usability
configure:16691: gcc -std=gnu99 -c -g -O2  conftest.c >&5
configure:16691: $? = 0
configure:16691: result: yes
configure:16691: checking execinfo.h presence
configure:16691: gcc -std=gnu99 -E  conftest.c
configure:16691: $? = 0
configure:16691: result: yes
configure:16691: checking for execinfo.h
configure:16691: result: yes
configure:16701: checking for size_t
configure:16701: gcc -std=gnu99 -c -g -O2  conftest.c >&5
configure:16701: $? = 0
configure:16701: gcc -std=gnu99 -c -g -O2  conftest.c >&5
conftest.c: In function 'main':
conftest.c:61:21: error: expected expression before ')' token
configure:16701: $? = 1
configure: failed program was:
| /* confdefs.h */
| #define PACKAGE_NAME "spice"
| #define PACKAGE_TARNAME "spice"
| #define PACKAGE_VERSION "0.12.0"
| #define PACKAGE_STRING "spice 0.12.0"
| #define PACKAGE_BUGREPORT ""
| #define PACKAGE_URL ""
| #define PACKAGE "spice"
| #define VERSION "0.12.0"
| #define STDC_HEADERS 1
| #define HAVE_SYS_TYPES_H 1
| #define HAVE_SYS_STAT_H 1
| #define HAVE_STDLIB_H 1
| #define HAVE_STRING_H 1
| #define HAVE_MEMORY_H 1
| #define HAVE_STRINGS_H 1
| #define HAVE_INTTYPES_H 1
| #define HAVE_STDINT_H 1
| #define HAVE_UNISTD_H 1
| #define HAVE_DLFCN_H 1
| #define LT_OBJDIR ".libs/"
| #define HAVE_SYS_TIME_H 1
| #define HAVE_EXECINFO_H 1
| /* end confdefs.h.  */
| #include <stdio.h>
| #ifdef HAVE_SYS_TYPES_H
| # include <sys/types.h>
| #endif
| #ifdef HAVE_SYS_STAT_H
| # include <sys/stat.h>
| #endif
| #ifdef STDC_HEADERS
| # include <stdlib.h>
| # include <stddef.h>
| #else
| # ifdef HAVE_STDLIB_H
| #  include <stdlib.h>
| # endif
| #endif
| #ifdef HAVE_STRING_H
| # if !defined STDC_HEADERS && defined HAVE_MEMORY_H
| #  include <memory.h>
| # endif
| # include <string.h>
| #endif
| #ifdef HAVE_STRINGS_H
| # include <strings.h>
| #endif
| #ifdef HAVE_INTTYPES_H
| # include <inttypes.h>
| #endif
| #ifdef HAVE_STDINT_H
| # include <stdint.h>
| #endif
| #ifdef HAVE_UNISTD_H
| # include <unistd.h>
| #endif
| int
| main ()
| {
| if (sizeof ((size_t)))
| 	    return 0;
|   ;
|   return 0;
| }
configure:16701: result: yes
configure:16714: checking for working alloca.h
configure:16731: gcc -std=gnu99 -o conftest -g -O2   conftest.c  >&5
configure:16731: $? = 0
configure:16739: result: yes
configure:16747: checking for alloca
configure:16784: gcc -std=gnu99 -o conftest -g -O2   conftest.c  >&5
configure:16784: $? = 0
configure:16792: result: yes
configure:16908: checking for x86
configure:16923: result: 64 bit
configure:16934: checking for native Win32
configure:16944: result: no
configure:16954: checking for some Win32 platform
configure:16964: result: no
configure:17218: checking for cos in -lm
configure:17243: gcc -std=gnu99 -o conftest -g -O2   conftest.c -lm   >&5
conftest.c:35:6: warning: conflicting types for built-in function 'cos' [enabled by default]
configure:17243: $? = 0
configure:17252: result: yes
configure:17264: checking for clock_gettime in -lrt
configure:17289: gcc -std=gnu99 -o conftest -g -O2   conftest.c -lrt   >&5
configure:17289: $? = 0
configure:17298: result: yes
configure:17316: checking for posix yield function
configure:17333: gcc -std=gnu99 -o conftest -g -O2   -pthread -lm -lrt  conftest.c  >&5
conftest.c: In function 'main':
conftest.c:33:1: warning: implicit declaration of function 'pthread_yield' [-Wimplicit-function-declaration]
configure:17333: $? = 0
configure:17344: result: pthread_yield
configure:17831: checking for PIXMAN
configure:17838: $PKG_CONFIG --exists --print-errors "pixman-1 >= 0.17.7"
configure:17841: $? = 0
configure:17855: $PKG_CONFIG --exists --print-errors "pixman-1 >= 0.17.7"
configure:17858: $? = 0
configure:17916: result: yes
configure:17926: checking for CELT051
configure:17933: $PKG_CONFIG --exists --print-errors "celt051 >= 0.5.1.1"
configure:17936: $? = 0
configure:17950: $PKG_CONFIG --exists --print-errors "celt051 >= 0.5.1.1"
configure:17953: $? = 0
configure:18011: result: yes
configure:18021: checking for pyparsing python module
configure:18029: result: found
configure:18036: checking for ALSA
configure:18043: $PKG_CONFIG --exists --print-errors "alsa"
configure:18046: $? = 0
configure:18060: $PKG_CONFIG --exists --print-errors "alsa"
configure:18063: $? = 0
configure:18121: result: yes
configure:18131: checking for SSL
configure:18138: $PKG_CONFIG --exists --print-errors "openssl"
configure:18141: $? = 0
configure:18155: $PKG_CONFIG --exists --print-errors "openssl"
configure:18158: $? = 0
configure:18216: result: yes
configure:18335: checking for XRANDR
configure:18342: $PKG_CONFIG --exists --print-errors "xrandr"
configure:18345: $? = 0
configure:18359: $PKG_CONFIG --exists --print-errors "xrandr"
configure:18362: $? = 0
configure:18420: result: yes
configure:18426: checking for XFIXES
configure:18433: $PKG_CONFIG --exists --print-errors "xfixes"
configure:18436: $? = 0
configure:18450: $PKG_CONFIG --exists --print-errors "xfixes"
configure:18453: $? = 0
configure:18511: result: yes
configure:18517: checking for MISC_X
configure:18524: $PKG_CONFIG --exists --print-errors "x11 xext xrender"
configure:18527: $? = 0
configure:18541: $PKG_CONFIG --exists --print-errors "x11 xext xrender"
configure:18544: $? = 0
configure:18602: result: yes
configure:18613: checking for XRANDR12
configure:18620: $PKG_CONFIG --exists --print-errors "xrandr >= 1.2"
configure:18623: $? = 0
configure:18637: $PKG_CONFIG --exists --print-errors "xrandr >= 1.2"
configure:18640: $? = 0
configure:18678: result: yes
configure:18710: checking for XINERAMA
configure:18717: $PKG_CONFIG --exists --print-errors "xinerama >= 1.0"
Package xinerama was not found in the pkg-config search path.
Perhaps you should add the directory containing `xinerama.pc'
to the PKG_CONFIG_PATH environment variable
No package 'xinerama' found
configure:18720: $? = 1
configure:18734: $PKG_CONFIG --exists --print-errors "xinerama >= 1.0"
Package xinerama was not found in the pkg-config search path.
Perhaps you should add the directory containing `xinerama.pc'
to the PKG_CONFIG_PATH environment variable
No package 'xinerama' found
configure:18737: $? = 1
configure:18751: result: no
No package 'xinerama' found
configure:18817: checking for jpeg_destroy_decompress in -ljpeg
configure:18842: gcc -std=gnu99 -o conftest -g -O2   -pthread -lm -lrt  conftest.c -ljpeg   >&5
configure:18842: $? = 0
configure:18851: result: yes
configure:18854: checking for jpeglib.h
configure:18864: gcc -std=gnu99 -E   -pthread -lm -lrt conftest.c
configure:18864: $? = 0
configure:18866: result: 
configure:18878: checking for deflate in -lz
configure:18903: gcc -std=gnu99 -o conftest -g -O2   -pthread -lm -lrt  conftest.c -lz   >&5
configure:18903: $? = 0
configure:18912: result: yes
configure:18944: checking sasl/sasl.h usability
configure:18944: gcc -std=gnu99 -c -g -O2    -pthread -lm -lrt conftest.c >&5
configure:18944: $? = 0
configure:18944: result: yes
configure:18944: checking sasl/sasl.h presence
configure:18944: gcc -std=gnu99 -E   -pthread -lm -lrt conftest.c
configure:18944: $? = 0
configure:18944: result: yes
configure:18944: checking for sasl/sasl.h
configure:18944: result: yes
configure:18958: checking for sasl_client_init in -lsasl2
configure:18983: gcc -std=gnu99 -o conftest -g -O2    -pthread -lm -lrt  conftest.c -lsasl2    >&5
configure:18983: $? = 0
configure:18992: result: yes
configure:19167: checking whether -Wno-missing-field-initializers is supported
configure:19186: gcc -std=gnu99 -c -g -O2 -W -Werror -Wno-missing-field-initializers   -pthread -lm -lrt conftest.c >&5
configure:19186: $? = 0
configure:19195: result: yes
configure:19199: checking whether -Wno-missing-field-initializers is needed
configure:19223: gcc -std=gnu99 -c -g -O2 -W -Werror   -pthread -lm -lrt conftest.c >&5
conftest.c: In function 'f':
conftest.c:35:18: error: missing initializer [-Werror=missing-field-initializers]
conftest.c:35:18: error: (near initialization for 's1.b') [-Werror=missing-field-initializers]
cc1: all warnings being treated as errors
configure:19223: $? = 1
configure: failed program was:
| /* confdefs.h */
| #define PACKAGE_NAME "spice"
| #define PACKAGE_TARNAME "spice"
| #define PACKAGE_VERSION "0.12.0"
| #define PACKAGE_STRING "spice 0.12.0"
| #define PACKAGE_BUGREPORT ""
| #define PACKAGE_URL ""
| #define PACKAGE "spice"
| #define VERSION "0.12.0"
| #define STDC_HEADERS 1
| #define HAVE_SYS_TYPES_H 1
| #define HAVE_SYS_STAT_H 1
| #define HAVE_STDLIB_H 1
| #define HAVE_STRING_H 1
| #define HAVE_MEMORY_H 1
| #define HAVE_STRINGS_H 1
| #define HAVE_INTTYPES_H 1
| #define HAVE_STDINT_H 1
| #define HAVE_UNISTD_H 1
| #define HAVE_DLFCN_H 1
| #define LT_OBJDIR ".libs/"
| #define HAVE_SYS_TIME_H 1
| #define HAVE_EXECINFO_H 1
| #define HAVE_ALLOCA_H 1
| #define HAVE_ALLOCA 1
| #define __STDC_FORMAT_MACROS /**/
| #define HAVE_CLOCK_GETTIME 1
| #define POSIX_YIELD_FUNC pthread_yield()
| #define HAVE_XRANDR12 /**/
| #define HAVE_SASL 1
| /* end confdefs.h.  */
| void f (void)
|                {
|                  typedef struct { int a; int b; } s_t;
|                  s_t s1 = { 0, };
|                }
| 
| int
| main ()
| {
| 
|   ;
|   return 0;
| }
configure:19233: result: yes
configure:19362: checking whether compiler handles -Wall
configure:19381: gcc -std=gnu99 -E   -pthread -lm -lrt -Wall conftest.c
configure:19381: $? = 0
configure:19391: result: yes
configure:19362: checking whether compiler handles -W
configure:19381: gcc -std=gnu99 -E   -pthread -lm -lrt -W conftest.c
configure:19381: $? = 0
configure:19391: result: yes
configure:19362: checking whether compiler handles -Wformat-y2k
configure:19381: gcc -std=gnu99 -E   -pthread -lm -lrt -Wformat-y2k conftest.c
configure:19381: $? = 0
configure:19391: result: yes
configure:19362: checking whether compiler handles -Wformat-security
configure:19381: gcc -std=gnu99 -E   -pthread -lm -lrt -Wformat-security conftest.c
configure:19381: $? = 0
configure:19391: result: yes
configure:19362: checking whether compiler handles -Winit-self
configure:19381: gcc -std=gnu99 -E   -pthread -lm -lrt -Winit-self conftest.c
configure:19381: $? = 0
configure:19391: result: yes
configure:19362: checking whether compiler handles -Wmissing-include-dirs
configure:19381: gcc -std=gnu99 -E   -pthread -lm -lrt -Wmissing-include-dirs conftest.c
configure:19381: $? = 0
configure:19391: result: yes
configure:19362: checking whether compiler handles -Wunused
configure:19381: gcc -std=gnu99 -E   -pthread -lm -lrt -Wunused conftest.c
configure:19381: $? = 0
configure:19391: result: yes
configure:19362: checking whether compiler handles -Wunknown-pragmas
configure:19381: gcc -std=gnu99 -E   -pthread -lm -lrt -Wunknown-pragmas conftest.c
configure:19381: $? = 0
configure:19391: result: yes
configure:19362: checking whether compiler handles -Wstrict-aliasing
configure:19381: gcc -std=gnu99 -E   -pthread -lm -lrt -Wstrict-aliasing conftest.c
configure:19381: $? = 0
configure:19391: result: yes
configure:19362: checking whether compiler handles -Wpointer-arith
configure:19381: gcc -std=gnu99 -E   -pthread -lm -lrt -Wpointer-arith conftest.c
configure:19381: $? = 0
configure:19391: result: yes
configure:19362: checking whether compiler handles -Wcast-align
configure:19381: gcc -std=gnu99 -E   -pthread -lm -lrt -Wcast-align conftest.c
configure:19381: $? = 0
configure:19391: result: yes
configure:19362: checking whether compiler handles -Wwrite-strings
configure:19381: gcc -std=gnu99 -E   -pthread -lm -lrt -Wwrite-strings conftest.c
configure:19381: $? = 0
configure:19391: result: yes
configure:19362: checking whether compiler handles -Wlogical-op
configure:19381: gcc -std=gnu99 -E   -pthread -lm -lrt -Wlogical-op conftest.c
configure:19381: $? = 0
configure:19391: result: yes
configure:19362: checking whether compiler handles -Wmissing-noreturn
configure:19381: gcc -std=gnu99 -E   -pthread -lm -lrt -Wmissing-noreturn conftest.c
configure:19381: $? = 0
configure:19391: result: yes
configure:19362: checking whether compiler handles -Wredundant-decls
configure:19381: gcc -std=gnu99 -E   -pthread -lm -lrt -Wredundant-decls conftest.c
configure:19381: $? = 0
configure:19391: result: yes
configure:19362: checking whether compiler handles -Winvalid-pch
configure:19381: gcc -std=gnu99 -E   -pthread -lm -lrt -Winvalid-pch conftest.c
configure:19381: $? = 0
configure:19391: result: yes
configure:19362: checking whether compiler handles -Wvolatile-register-var
configure:19381: gcc -std=gnu99 -E   -pthread -lm -lrt -Wvolatile-register-var conftest.c
configure:19381: $? = 0
configure:19391: result: yes
configure:19362: checking whether compiler handles -Wdisabled-optimization
configure:19381: gcc -std=gnu99 -E   -pthread -lm -lrt -Wdisabled-optimization conftest.c
configure:19381: $? = 0
configure:19391: result: yes
configure:19362: checking whether compiler handles -Wbuiltin-macro-redefined
configure:19381: gcc -std=gnu99 -E   -pthread -lm -lrt -Wbuiltin-macro-redefined conftest.c
configure:19381: $? = 0
configure:19391: result: yes
configure:19362: checking whether compiler handles -Wmudflap
configure:19381: gcc -std=gnu99 -E   -pthread -lm -lrt -Wmudflap conftest.c
configure:19381: $? = 0
configure:19391: result: yes
configure:19362: checking whether compiler handles -Wpacked-bitfield-compat
configure:19381: gcc -std=gnu99 -E   -pthread -lm -lrt -Wpacked-bitfield-compat conftest.c
configure:19381: $? = 0
configure:19391: result: yes
configure:19362: checking whether compiler handles -Wsync-nand
configure:19381: gcc -std=gnu99 -E   -pthread -lm -lrt -Wsync-nand conftest.c
configure:19381: $? = 0
configure:19391: result: yes
configure:19362: checking whether compiler handles -Wattributes
configure:19381: gcc -std=gnu99 -E   -pthread -lm -lrt -Wattributes conftest.c
configure:19381: $? = 0
configure:19391: result: yes
configure:19362: checking whether compiler handles -Wcoverage-mismatch
configure:19381: gcc -std=gnu99 -E   -pthread -lm -lrt -Wcoverage-mismatch conftest.c
configure:19381: $? = 0
configure:19391: result: yes
configure:19362: checking whether compiler handles -Wmultichar
configure:19381: gcc -std=gnu99 -E   -pthread -lm -lrt -Wmultichar conftest.c
configure:19381: $? = 0
configure:19391: result: yes
configure:19362: checking whether compiler handles -Wcpp
configure:19381: gcc -std=gnu99 -E   -pthread -lm -lrt -Wcpp conftest.c
configure:19381: $? = 0
configure:19391: result: yes
configure:19362: checking whether compiler handles -Wdeprecated-declarations
configure:19381: gcc -std=gnu99 -E   -pthread -lm -lrt -Wdeprecated-declarations conftest.c
configure:19381: $? = 0
configure:19391: result: yes
configure:19362: checking whether compiler handles -Wdiv-by-zero
configure:19381: gcc -std=gnu99 -E   -pthread -lm -lrt -Wdiv-by-zero conftest.c
configure:19381: $? = 0
configure:19391: result: yes
configure:19362: checking whether compiler handles -Wdouble-promotion
configure:19381: gcc -std=gnu99 -E   -pthread -lm -lrt -Wdouble-promotion conftest.c
configure:19381: $? = 0
configure:19391: result: yes
configure:19362: checking whether compiler handles -Wendif-labels
configure:19381: gcc -std=gnu99 -E   -pthread -lm -lrt -Wendif-labels conftest.c
configure:19381: $? = 0
configure:19391: result: yes
configure:19362: checking whether compiler handles -Wextra
configure:19381: gcc -std=gnu99 -E   -pthread -lm -lrt -Wextra conftest.c
configure:19381: $? = 0
configure:19391: result: yes
configure:19362: checking whether compiler handles -Wformat-contains-nul
configure:19381: gcc -std=gnu99 -E   -pthread -lm -lrt -Wformat-contains-nul conftest.c
configure:19381: $? = 0
configure:19391: result: yes
configure:19362: checking whether compiler handles -Wformat-extra-args
configure:19381: gcc -std=gnu99 -E   -pthread -lm -lrt -Wformat-extra-args conftest.c
configure:19381: $? = 0
configure:19391: result: yes
configure:19362: checking whether compiler handles -Wformat=2
configure:19381: gcc -std=gnu99 -E   -pthread -lm -lrt -Wformat=2 conftest.c
configure:19381: $? = 0
configure:19391: result: yes
configure:19362: checking whether compiler handles -Wmultichar
configure:19391: result: yes
configure:19362: checking whether compiler handles -Wnormalized=nfc
configure:19381: gcc -std=gnu99 -E   -pthread -lm -lrt -Wnormalized=nfc conftest.c
configure:19381: $? = 0
configure:19391: result: yes
configure:19362: checking whether compiler handles -Woverflow
configure:19381: gcc -std=gnu99 -E   -pthread -lm -lrt -Woverflow conftest.c
configure:19381: $? = 0
configure:19391: result: yes
configure:19362: checking whether compiler handles -Wpragmas
configure:19381: gcc -std=gnu99 -E   -pthread -lm -lrt -Wpragmas conftest.c
configure:19381: $? = 0
configure:19391: result: yes
configure:19362: checking whether compiler handles -Wsuggest-attribute=const
configure:19381: gcc -std=gnu99 -E   -pthread -lm -lrt -Wsuggest-attribute=const conftest.c
configure:19381: $? = 0
configure:19391: result: yes
configure:19362: checking whether compiler handles -Wsuggest-attribute=noreturn
configure:19381: gcc -std=gnu99 -E   -pthread -lm -lrt -Wsuggest-attribute=noreturn conftest.c
configure:19381: $? = 0
configure:19391: result: yes
configure:19362: checking whether compiler handles -Wsuggest-attribute=pure
configure:19381: gcc -std=gnu99 -E   -pthread -lm -lrt -Wsuggest-attribute=pure conftest.c
configure:19381: $? = 0
configure:19391: result: yes
configure:19362: checking whether compiler handles -Wtrampolines
configure:19381: gcc -std=gnu99 -E   -pthread -lm -lrt -Wtrampolines conftest.c
configure:19381: $? = 0
configure:19391: result: yes
configure:19362: checking whether compiler handles -Wno-missing-field-initializers
configure:19381: gcc -std=gnu99 -E   -pthread -lm -lrt -Wno-missing-field-initializers conftest.c
configure:19381: $? = 0
configure:19391: result: yes
configure:19403: checking whether compiler handles -Wno-sign-compare
configure:19422: gcc -std=gnu99 -E   -pthread -lm -lrt -Wno-sign-compare conftest.c
configure:19422: $? = 0
configure:19431: result: yes
configure:19437: checking whether compiler handles -Wno-unused-parameter
configure:19456: gcc -std=gnu99 -E   -pthread -lm -lrt -Wno-unused-parameter conftest.c
configure:19456: $? = 0
configure:19465: result: yes
configure:19473: checking whether compiler handles -Wno-format-nonliteral
configure:19492: gcc -std=gnu99 -E   -pthread -lm -lrt -Wno-format-nonliteral conftest.c
configure:19492: $? = 0
configure:19501: result: yes
configure:19508: checking whether compiler handles -Wno-ignored-qualifiers
configure:19527: gcc -std=gnu99 -E   -pthread -lm -lrt -Wno-ignored-qualifiers conftest.c
configure:19527: $? = 0
configure:19536: result: yes
configure:19548: checking whether compiler handles -Wno-format-nonliteral
configure:19576: result: yes
configure:19585: checking whether compiler handles -Wframe-larger-than=20460
configure:19604: gcc -std=gnu99 -E   -pthread -lm -lrt -Wframe-larger-than=20460 conftest.c
configure:19604: $? = 0
configure:19613: result: yes
configure:19626: checking whether compiler handles -fstack-protector-all
configure:19645: gcc -std=gnu99 -E   -pthread -lm -lrt -fstack-protector-all conftest.c
configure:19645: $? = 0
configure:19654: result: yes
configure:19660: checking whether compiler handles --param=ssp-buffer-size=4
configure:19679: gcc -std=gnu99 -E   -pthread -lm -lrt --param=ssp-buffer-size=4 conftest.c
configure:19679: $? = 0
configure:19688: result: yes
configure:19696: checking whether compiler handles -fexceptions
configure:19715: gcc -std=gnu99 -E   -pthread -lm -lrt -fexceptions conftest.c
configure:19715: $? = 0
configure:19724: result: yes
configure:19730: checking whether compiler handles -fasynchronous-unwind-tables
configure:19749: gcc -std=gnu99 -E   -pthread -lm -lrt -fasynchronous-unwind-tables conftest.c
configure:19749: $? = 0
configure:19758: result: yes
configure:19764: checking whether compiler handles -fdiagnostics-show-option
configure:19783: gcc -std=gnu99 -E   -pthread -lm -lrt -fdiagnostics-show-option conftest.c
configure:19783: $? = 0
configure:19792: result: yes
configure:19798: checking whether compiler handles -funit-at-a-time
configure:19817: gcc -std=gnu99 -E   -pthread -lm -lrt -funit-at-a-time conftest.c
configure:19817: $? = 0
configure:19826: result: yes
configure:19835: checking whether compiler handles -fipa-pure-const
configure:19854: gcc -std=gnu99 -E   -pthread -lm -lrt -fipa-pure-const conftest.c
configure:19854: $? = 0
configure:19863: result: yes
configure:19872: checking whether compiler handles -Wno-suggest-attribute=pure
configure:19891: gcc -std=gnu99 -E   -pthread -lm -lrt -Wno-suggest-attribute=pure conftest.c
configure:19891: $? = 0
configure:19900: result: yes
configure:19906: checking whether compiler handles -Wno-suggest-attribute=const
configure:19925: gcc -std=gnu99 -E   -pthread -lm -lrt -Wno-suggest-attribute=const conftest.c
configure:19925: $? = 0
configure:19934: result: yes
configure:19984: checking whether compiler handles -Waggregate-return
configure:20003: gcc -std=gnu99 -E   -pthread -lm -lrt -Waggregate-return conftest.c
configure:20003: $? = 0
configure:20012: result: yes
configure:20019: checking whether compiler handles -Wstrict-prototypes
configure:20038: gcc -std=gnu99 -E   -pthread -lm -lrt -Wstrict-prototypes conftest.c
configure:20038: $? = 0
configure:20047: result: yes
configure:20053: checking whether compiler handles -Wold-style-definition
configure:20072: gcc -std=gnu99 -E   -pthread -lm -lrt -Wold-style-definition conftest.c
configure:20072: $? = 0
configure:20081: result: yes
configure:20087: checking whether compiler handles -Wnested-externs
configure:20106: gcc -std=gnu99 -E   -pthread -lm -lrt -Wnested-externs conftest.c
configure:20106: $? = 0
configure:20115: result: yes
configure:20121: checking whether compiler handles -Wformat-zero-length
configure:20140: gcc -std=gnu99 -E   -pthread -lm -lrt -Wformat-zero-length conftest.c
configure:20140: $? = 0
configure:20149: result: yes
configure:20155: checking whether compiler handles -Wpointer-to-int-cast
configure:20174: gcc -std=gnu99 -E   -pthread -lm -lrt -Wpointer-to-int-cast conftest.c
configure:20174: $? = 0
configure:20183: result: yes
configure:20189: checking whether compiler handles -Wjump-misses-init
configure:20208: gcc -std=gnu99 -E   -pthread -lm -lrt -Wjump-misses-init conftest.c
configure:20208: $? = 0
configure:20217: result: yes
configure:20314: checking for -fvisibility
configure:20326: gcc -std=gnu99 -c -g -O2   -pthread -lm -lrt conftest.c >&5
configure:20326: $? = 0
configure:20334: result: yes
configure:20338: checking if -Wl,--version-script works
configure:20356: gcc -std=gnu99 -o conftest -g -O2   -pthread -lm -lrt  -Wl,--version-script=./server/spice-server.syms conftest.c  >&5
configure:20356: $? = 0
configure:20365: result: yes
configure:20393: checking whether make supports nested variables
configure:20410: result: yes
configure:20533: checking that generated files are newer than configure
configure:20539: result: done
configure:20627: creating ./config.status

## ---------------------- ##
## Running config.status. ##
## ---------------------- ##

This file was extended by spice config.status 0.12.0, which was
generated by GNU Autoconf 2.69.  Invocation command line was

  CONFIG_FILES    = 
  CONFIG_HEADERS  = 
  CONFIG_LINKS    = 
  CONFIG_COMMANDS = 
  $ ./config.status 

on eyeMiddle

config.status:1266: creating Makefile
config.status:1266: creating spice-server.pc
config.status:1266: creating server/Makefile
config.status:1266: creating server/tests/Makefile
config.status:1266: creating client/Makefile
config.status:1266: creating config.h
config.status:1447: config.h is unchanged
config.status:1495: executing depfiles commands
config.status:1495: executing libtool commands
configure:23186: === configuring in spice-common (/var/www/spice/misc/spice-0.12.0/spice-common)
configure:23249: running /bin/bash ./configure --disable-option-checking '--prefix=/usr/local'  --cache-file=/dev/null --srcdir=.

## ---------------- ##
## Cache variables. ##
## ---------------- ##

ac_cv_build=x86_64-unknown-linux-gnu
ac_cv_c_bigendian=no
ac_cv_c_compiler_gnu=yes
ac_cv_cxx_compiler_gnu=yes
ac_cv_env_ALSA_CFLAGS_set=
ac_cv_env_ALSA_CFLAGS_value=
ac_cv_env_ALSA_LIBS_set=
ac_cv_env_ALSA_LIBS_value=
ac_cv_env_CAC_CARD_CFLAGS_set=
ac_cv_env_CAC_CARD_CFLAGS_value=
ac_cv_env_CAC_CARD_LIBS_set=
ac_cv_env_CAC_CARD_LIBS_value=
ac_cv_env_CCC_set=
ac_cv_env_CCC_value=
ac_cv_env_CC_set=
ac_cv_env_CC_value=
ac_cv_env_CEGUI06_CFLAGS_set=
ac_cv_env_CEGUI06_CFLAGS_value=
ac_cv_env_CEGUI06_LIBS_set=
ac_cv_env_CEGUI06_LIBS_value=
ac_cv_env_CEGUI_CFLAGS_set=
ac_cv_env_CEGUI_CFLAGS_value=
ac_cv_env_CEGUI_LIBS_set=
ac_cv_env_CEGUI_LIBS_value=
ac_cv_env_CELT051_CFLAGS_set=
ac_cv_env_CELT051_CFLAGS_value=
ac_cv_env_CELT051_LIBS_set=
ac_cv_env_CELT051_LIBS_value=
ac_cv_env_CFLAGS_set=
ac_cv_env_CFLAGS_value=
ac_cv_env_CPPFLAGS_set=
ac_cv_env_CPPFLAGS_value=
ac_cv_env_CPP_set=
ac_cv_env_CPP_value=
ac_cv_env_CXXCPP_set=
ac_cv_env_CXXCPP_value=
ac_cv_env_CXXFLAGS_set=
ac_cv_env_CXXFLAGS_value=
ac_cv_env_CXX_set=
ac_cv_env_CXX_value=
ac_cv_env_LDFLAGS_set=
ac_cv_env_LDFLAGS_value=
ac_cv_env_LIBS_set=
ac_cv_env_LIBS_value=
ac_cv_env_MISC_X_CFLAGS_set=
ac_cv_env_MISC_X_CFLAGS_value=
ac_cv_env_MISC_X_LIBS_set=
ac_cv_env_MISC_X_LIBS_value=
ac_cv_env_PIXMAN_CFLAGS_set=
ac_cv_env_PIXMAN_CFLAGS_value=
ac_cv_env_PIXMAN_LIBS_set=
ac_cv_env_PIXMAN_LIBS_value=
ac_cv_env_PKG_CONFIG_LIBDIR_set=
ac_cv_env_PKG_CONFIG_LIBDIR_value=
ac_cv_env_PKG_CONFIG_PATH_set=
ac_cv_env_PKG_CONFIG_PATH_value=
ac_cv_env_PKG_CONFIG_set=
ac_cv_env_PKG_CONFIG_value=
ac_cv_env_SLIRP_CFLAGS_set=
ac_cv_env_SLIRP_CFLAGS_value=
ac_cv_env_SLIRP_LIBS_set=
ac_cv_env_SLIRP_LIBS_value=
ac_cv_env_SSL_CFLAGS_set=
ac_cv_env_SSL_CFLAGS_value=
ac_cv_env_SSL_LIBS_set=
ac_cv_env_SSL_LIBS_value=
ac_cv_env_XFIXES_CFLAGS_set=
ac_cv_env_XFIXES_CFLAGS_value=
ac_cv_env_XFIXES_LIBS_set=
ac_cv_env_XFIXES_LIBS_value=
ac_cv_env_XINERAMA_CFLAGS_set=
ac_cv_env_XINERAMA_CFLAGS_value=
ac_cv_env_XINERAMA_LIBS_set=
ac_cv_env_XINERAMA_LIBS_value=
ac_cv_env_XRANDR12_CFLAGS_set=
ac_cv_env_XRANDR12_CFLAGS_value=
ac_cv_env_XRANDR12_LIBS_set=
ac_cv_env_XRANDR12_LIBS_value=
ac_cv_env_XRANDR_CFLAGS_set=
ac_cv_env_XRANDR_CFLAGS_value=
ac_cv_env_XRANDR_LIBS_set=
ac_cv_env_XRANDR_LIBS_value=
ac_cv_env_build_alias_set=
ac_cv_env_build_alias_value=
ac_cv_env_host_alias_set=
ac_cv_env_host_alias_value=
ac_cv_env_target_alias_set=
ac_cv_env_target_alias_value=
ac_cv_func_alloca_works=yes
ac_cv_header_dlfcn_h=yes
ac_cv_header_execinfo_h=yes
ac_cv_header_inttypes_h=yes
ac_cv_header_memory_h=yes
ac_cv_header_sasl_sasl_h=yes
ac_cv_header_stdc=yes
ac_cv_header_stdint_h=yes
ac_cv_header_stdlib_h=yes
ac_cv_header_string_h=yes
ac_cv_header_strings_h=yes
ac_cv_header_sys_stat_h=yes
ac_cv_header_sys_time_h=yes
ac_cv_header_sys_types_h=yes
ac_cv_header_unistd_h=yes
ac_cv_host=x86_64-unknown-linux-gnu
ac_cv_lib_jpeg_jpeg_destroy_decompress=yes
ac_cv_lib_m_cos=yes
ac_cv_lib_rt_clock_gettime=yes
ac_cv_lib_sasl2_sasl_client_init=yes
ac_cv_lib_z_deflate=yes
ac_cv_objext=o
ac_cv_path_EGREP='/bin/grep -E'
ac_cv_path_FGREP='/bin/grep -F'
ac_cv_path_GREP=/bin/grep
ac_cv_path_PYTHON=/usr/bin/python2
ac_cv_path_SED=/bin/sed
ac_cv_path_ac_pt_PKG_CONFIG=/usr/bin/pkg-config
ac_cv_path_install='/usr/bin/install -c'
ac_cv_path_mkdir=/bin/mkdir
ac_cv_prog_AWK=mawk
ac_cv_prog_CPP='gcc -std=gnu99 -E'
ac_cv_prog_CXXCPP='g++ -E'
ac_cv_prog_ac_ct_AR=ar
ac_cv_prog_ac_ct_CC=gcc
ac_cv_prog_ac_ct_CXX=g++
ac_cv_prog_ac_ct_MANIFEST_TOOL=mt
ac_cv_prog_ac_ct_OBJDUMP=objdump
ac_cv_prog_ac_ct_RANLIB=ranlib
ac_cv_prog_ac_ct_STRIP=strip
ac_cv_prog_cc_c89=
ac_cv_prog_cc_c99=-std=gnu99
ac_cv_prog_cc_g=yes
ac_cv_prog_cc_gcc_c_o=yes
ac_cv_prog_cxx_g=yes
ac_cv_prog_make_make_set=yes
ac_cv_type_size_t=yes
ac_cv_working_alloca_h=yes
am_cv_CC_dependencies_compiler_type=gcc3
am_cv_CXX_dependencies_compiler_type=gcc3
am_cv_ar_interface=ar
am_cv_make_support_nested_variables=yes
gl_cv_cc_nomfi_needed=yes
gl_cv_cc_nomfi_supported=yes
gl_cv_warn__W=yes
gl_cv_warn__Waggregate_return=yes
gl_cv_warn__Wall=yes
gl_cv_warn__Wattributes=yes
gl_cv_warn__Wbuiltin_macro_redefined=yes
gl_cv_warn__Wcast_align=yes
gl_cv_warn__Wcoverage_mismatch=yes
gl_cv_warn__Wcpp=yes
gl_cv_warn__Wdeprecated_declarations=yes
gl_cv_warn__Wdisabled_optimization=yes
gl_cv_warn__Wdiv_by_zero=yes
gl_cv_warn__Wdouble_promotion=yes
gl_cv_warn__Wendif_labels=yes
gl_cv_warn__Wextra=yes
gl_cv_warn__Wformat_2=yes
gl_cv_warn__Wformat_contains_nul=yes
gl_cv_warn__Wformat_extra_args=yes
gl_cv_warn__Wformat_security=yes
gl_cv_warn__Wformat_y2k=yes
gl_cv_warn__Wformat_zero_length=yes
gl_cv_warn__Wframe_larger_than_20460=yes
gl_cv_warn__Winit_self=yes
gl_cv_warn__Winvalid_pch=yes
gl_cv_warn__Wjump_misses_init=yes
gl_cv_warn__Wlogical_op=yes
gl_cv_warn__Wmissing_include_dirs=yes
gl_cv_warn__Wmissing_noreturn=yes
gl_cv_warn__Wmudflap=yes
gl_cv_warn__Wmultichar=yes
gl_cv_warn__Wnested_externs=yes
gl_cv_warn__Wno_format_nonliteral=yes
gl_cv_warn__Wno_ignored_qualifiers=yes
gl_cv_warn__Wno_missing_field_initializers=yes
gl_cv_warn__Wno_sign_compare=yes
gl_cv_warn__Wno_suggest_attribute_const=yes
gl_cv_warn__Wno_suggest_attribute_pure=yes
gl_cv_warn__Wno_unused_parameter=yes
gl_cv_warn__Wnormalized_nfc=yes
gl_cv_warn__Wold_style_definition=yes
gl_cv_warn__Woverflow=yes
gl_cv_warn__Wpacked_bitfield_compat=yes
gl_cv_warn__Wpointer_arith=yes
gl_cv_warn__Wpointer_to_int_cast=yes
gl_cv_warn__Wpragmas=yes
gl_cv_warn__Wredundant_decls=yes
gl_cv_warn__Wstrict_aliasing=yes
gl_cv_warn__Wstrict_prototypes=yes
gl_cv_warn__Wsuggest_attribute_const=yes
gl_cv_warn__Wsuggest_attribute_noreturn=yes
gl_cv_warn__Wsuggest_attribute_pure=yes
gl_cv_warn__Wsync_nand=yes
gl_cv_warn__Wtrampolines=yes
gl_cv_warn__Wunknown_pragmas=yes
gl_cv_warn__Wunused=yes
gl_cv_warn__Wvolatile_register_var=yes
gl_cv_warn__Wwrite_strings=yes
gl_cv_warn___param_ssp_buffer_size_4=yes
gl_cv_warn__fasynchronous_unwind_tables=yes
gl_cv_warn__fdiagnostics_show_option=yes
gl_cv_warn__fexceptions=yes
gl_cv_warn__fipa_pure_const=yes
gl_cv_warn__fstack_protector_all=yes
gl_cv_warn__funit_at_a_time=yes
lt_cv_ar_at_file=@
lt_cv_archive_cmds_need_lc=no
lt_cv_deplibs_check_method=pass_all
lt_cv_file_magic_cmd='$MAGIC_CMD'
lt_cv_file_magic_test_file=
lt_cv_ld_reload_flag=-r
lt_cv_nm_interface='BSD nm'
lt_cv_objdir=.libs
lt_cv_path_LD=/usr/bin/ld
lt_cv_path_LDCXX='/usr/bin/ld -m elf_x86_64'
lt_cv_path_NM='/usr/bin/nm -B'
lt_cv_path_mainfest_tool=no
lt_cv_prog_compiler_c_o=yes
lt_cv_prog_compiler_c_o_CXX=yes
lt_cv_prog_compiler_pic='-fPIC -DPIC'
lt_cv_prog_compiler_pic_CXX='-fPIC -DPIC'
lt_cv_prog_compiler_pic_works=yes
lt_cv_prog_compiler_pic_works_CXX=yes
lt_cv_prog_compiler_rtti_exceptions=no
lt_cv_prog_compiler_static_works=yes
lt_cv_prog_compiler_static_works_CXX=yes
lt_cv_prog_gnu_ld=yes
lt_cv_prog_gnu_ldcxx=yes
lt_cv_sharedlib_from_linklib_cmd='printf %s\n'
lt_cv_shlibpath_overrides_runpath=no
lt_cv_sys_global_symbol_pipe='sed -n -e '\''s/^.*[	 ]\([ABCDGIRSTW][ABCDGIRSTW]*\)[	 ][	 ]*\([_A-Za-z][_A-Za-z0-9]*\)$/\1 \2 \2/p'\'' | sed '\''/ __gnu_lto/d'\'''
lt_cv_sys_global_symbol_to_c_name_address='sed -n -e '\''s/^: \([^ ]*\)[ ]*$/  {\"\1\", (void *) 0},/p'\'' -e '\''s/^[ABCDGIRSTW]* \([^ ]*\) \([^ ]*\)$/  {"\2", (void *) \&\2},/p'\'''
lt_cv_sys_global_symbol_to_c_name_address_lib_prefix='sed -n -e '\''s/^: \([^ ]*\)[ ]*$/  {\"\1\", (void *) 0},/p'\'' -e '\''s/^[ABCDGIRSTW]* \([^ ]*\) \(lib[^ ]*\)$/  {"\2", (void *) \&\2},/p'\'' -e '\''s/^[ABCDGIRSTW]* \([^ ]*\) \([^ ]*\)$/  {"lib\2", (void *) \&\2},/p'\'''
lt_cv_sys_global_symbol_to_cdecl='sed -n -e '\''s/^T .* \(.*\)$/extern int \1();/p'\'' -e '\''s/^[ABCDGIRSTW]* .* \(.*\)$/extern char \1;/p'\'''
lt_cv_sys_max_cmd_len=1572864
lt_cv_to_host_file_cmd=func_convert_file_noop
lt_cv_to_tool_file_cmd=func_convert_file_noop
pkg_cv_ALSA_CFLAGS='-I/usr/include/alsa  '
pkg_cv_ALSA_LIBS='-lasound  '
pkg_cv_CELT051_CFLAGS='-I/usr/local/include  '
pkg_cv_CELT051_LIBS='-L/usr/local/lib -lcelt051 -lm  '
pkg_cv_MISC_X_CFLAGS=' '
pkg_cv_MISC_X_LIBS='-lXext -lXrender -lX11  '
pkg_cv_PIXMAN_CFLAGS='-I/usr/include/pixman-1  '
pkg_cv_PIXMAN_LIBS='-lpixman-1  '
pkg_cv_SSL_CFLAGS=' '
pkg_cv_SSL_LIBS='-lssl -lcrypto  '
pkg_cv_XFIXES_CFLAGS=' '
pkg_cv_XFIXES_LIBS='-lXfixes  '
pkg_cv_XRANDR12_CFLAGS=' '
pkg_cv_XRANDR12_LIBS='-lXrandr  '
pkg_cv_XRANDR_CFLAGS=' '
pkg_cv_XRANDR_LIBS='-lXrandr  '
spice_cv_ld_version_script=yes

## ----------------- ##
## Output variables. ##
## ----------------- ##

ACLOCAL='${SHELL} /var/www/spice/misc/spice-0.12.0/missing --run aclocal-1.12'
ALLOCA=''
ALSA_CFLAGS='-I/usr/include/alsa  '
ALSA_LIBS='-lasound  '
AMDEPBACKSLASH='\'
AMDEP_FALSE='#'
AMDEP_TRUE=''
AMTAR='$${TAR-tar}'
AM_BACKSLASH='\'
AM_DEFAULT_V='$(AM_DEFAULT_VERBOSITY)'
AM_DEFAULT_VERBOSITY='0'
AM_V='$(V)'
AR='ar'
AUTOCONF='${SHELL} /var/www/spice/misc/spice-0.12.0/missing --run autoconf'
AUTOHEADER='${SHELL} /var/www/spice/misc/spice-0.12.0/missing --run autoheader'
AUTOMAKE='${SHELL} /var/www/spice/misc/spice-0.12.0/missing --run automake-1.12'
AWK='mawk'
CAC_CARD_CFLAGS=''
CAC_CARD_LIBS=''
CC='gcc -std=gnu99'
CCDEPMODE='depmode=gcc3'
CEGUI06_CFLAGS=''
CEGUI06_LIBS=''
CEGUI_CFLAGS=''
CEGUI_LIBS=''
CELT051_CFLAGS='-I/usr/local/include  '
CELT051_LIBDIR=''
CELT051_LIBS='-L/usr/local/lib -lcelt051 -lm  '
CFLAGS='-g -O2'
CFLAGS_CFLAGS=''
COMMON_CFLAGS='-I ${top_srcdir}/spice-common/ -I ${top_srcdir}/spice-common/spice-protocol/'
CPP='gcc -std=gnu99 -E'
CPPFLAGS='  -pthread -lm -lrt'
CXIMAGE_CFLAGS=''
CXX='g++'
CXXCPP='g++ -E'
CXXDEPMODE='depmode=gcc3'
CXXFLAGS='-g -O2'
CYGPATH_W='echo'
DEFS='-DHAVE_CONFIG_H'
DEPDIR='.deps'
DLLTOOL='false'
DSYMUTIL=''
DUMPBIN=''
ECHO_C=''
ECHO_N='-n'
ECHO_T=''
EGREP='/bin/grep -E'
EXEEXT=''
FGREP='/bin/grep -F'
GL_CFLAGS=''
GL_LIBS=''
GREP='/bin/grep'
HAVE_LD_VERSION_SCRIPT_FALSE='#'
HAVE_LD_VERSION_SCRIPT_TRUE=''
HAVE_SASL_FALSE='#'
HAVE_SASL_TRUE=''
HAVE_XINERAMA_FALSE=''
HAVE_XINERAMA_TRUE='#'
HAVE_XRANDR12_FALSE='#'
HAVE_XRANDR12_TRUE=''
INSTALL_DATA='${INSTALL} -m 644'
INSTALL_PROGRAM='${INSTALL}'
INSTALL_SCRIPT='${INSTALL}'
INSTALL_STRIP_PROGRAM='$(install_sh) -c -s'
JPEG_LIBS='-ljpeg'
LD='/usr/bin/ld -m elf_x86_64'
LDFLAGS=''
LIBM='-lm'
LIBOBJS=''
LIBRT='-lrt'
LIBS=''
LIBTOOL='$(SHELL) $(top_builddir)/libtool'
LIPO=''
LN_S='ln -s'
LTLIBOBJS=''
MAINT='#'
MAINTAINER_MODE_FALSE=''
MAINTAINER_MODE_TRUE='#'
MAKEINFO='${SHELL} /var/www/spice/misc/spice-0.12.0/missing --run makeinfo'
MANIFEST_TOOL=':'
MISC_X_CFLAGS=' '
MISC_X_LIBS='-lXext -lXrender -lX11  '
MKDIR_P='/bin/mkdir -p'
NM='/usr/bin/nm -B'
NMEDIT=''
OBJDUMP='objdump'
OBJEXT='o'
OS_LINUX_FALSE='#'
OS_LINUX_TRUE=''
OS_UNIX_FALSE='#'
OS_UNIX_TRUE=''
OS_WIN32_FALSE=''
OS_WIN32_TRUE='#'
OTOOL64=''
OTOOL=''
PACKAGE='spice'
PACKAGE_BUGREPORT=''
PACKAGE_NAME='spice'
PACKAGE_STRING='spice 0.12.0'
PACKAGE_TARNAME='spice'
PACKAGE_URL=''
PACKAGE_VERSION='0.12.0'
PATH_SEPARATOR=':'
PIXMAN_CFLAGS='-I/usr/include/pixman-1  '
PIXMAN_LIBS='-lpixman-1  '
PKG_CONFIG='/usr/bin/pkg-config'
PKG_CONFIG_LIBDIR=''
PKG_CONFIG_PATH=''
PYTHON='/usr/bin/python2'
RANLIB='ranlib'
SASL_CFLAGS=''
SASL_LIBS=' -lsasl2'
SED='/bin/sed'
SET_MAKE=''
SHELL='/bin/bash'
SLIRP_CFLAGS=''
SLIRP_LIBS=''
SMARTCARD_CFLAGS=''
SMARTCARD_LIBS=''
SPICEC_STATIC_LINKAGE_BSTATIC=''
SPICE_LT_VERSION='6:0:5'
SPICE_NONPKGCONFIG_CFLAGS=''
SPICE_NONPKGCONFIG_LIBS=' -pthread -lm -lrt '
SPICE_REQUIRES=' pixman-1 >= 0.17.7 celt051 >= 0.5.1.1 openssl'
SSL_CFLAGS=' '
SSL_LIBS='-lssl -lcrypto  '
STRIP='strip'
SUPPORT_AUTOMATED_TESTS_FALSE=''
SUPPORT_AUTOMATED_TESTS_TRUE='#'
SUPPORT_CLIENT_FALSE='#'
SUPPORT_CLIENT_TRUE=''
SUPPORT_GL_FALSE=''
SUPPORT_GL_TRUE='#'
SUPPORT_GUI_FALSE=''
SUPPORT_GUI_TRUE='#'
SUPPORT_SMARTCARD_FALSE=''
SUPPORT_SMARTCARD_TRUE='#'
SUPPORT_TUNNEL_FALSE=''
SUPPORT_TUNNEL_TRUE='#'
VERSION='0.12.0'
VISIBILITY_HIDDEN_CFLAGS='-fvisibility=hidden'
WARN_CFLAGS=' -Wall -W -Wformat-y2k -Wformat-security -Winit-self -Wmissing-include-dirs -Wunused -Wunknown-pragmas -Wstrict-aliasing -Wpointer-arith -Wcast-align -Wwrite-strings -Wlogical-op -Wmissing-noreturn -Wredundant-decls -Winvalid-pch -Wvolatile-register-var -Wdisabled-optimization -Wbuiltin-macro-redefined -Wmudflap -Wpacked-bitfield-compat -Wsync-nand -Wattributes -Wcoverage-mismatch -Wmultichar -Wcpp -Wdeprecated-declarations -Wdiv-by-zero -Wdouble-promotion -Wendif-labels -Wextra -Wformat-contains-nul -Wformat-extra-args -Wformat=2 -Wmultichar -Wnormalized=nfc -Woverflow -Wpragmas -Wsuggest-attribute=const -Wsuggest-attribute=noreturn -Wsuggest-attribute=pure -Wtrampolines -Wno-missing-field-initializers -Wno-sign-compare -Wno-unused-parameter -Wno-format-nonliteral -Wno-ignored-qualifiers -Wno-format-nonliteral -Wframe-larger-than=20460 -fstack-protector-all --param=ssp-buffer-size=4 -fexceptions -fasynchronous-unwind-tables -fdiagnostics-show-option -funit-at-a-time -fipa-pure-const -Wno-suggest-attribute=pure -Wno-suggest-attribute=const -Waggregate-return -Wstrict-prototypes -Wold-style-definition -Wnested-externs -Wformat-zero-length -Wpointer-to-int-cast -Wjump-misses-init'
WARN_CXXFLAGS=' -Wall -W -Wformat-y2k -Wformat-security -Winit-self -Wmissing-include-dirs -Wunused -Wunknown-pragmas -Wstrict-aliasing -Wpointer-arith -Wcast-align -Wwrite-strings -Wlogical-op -Wmissing-noreturn -Wredundant-decls -Winvalid-pch -Wvolatile-register-var -Wdisabled-optimization -Wbuiltin-macro-redefined -Wmudflap -Wpacked-bitfield-compat -Wsync-nand -Wattributes -Wcoverage-mismatch -Wmultichar -Wcpp -Wdeprecated-declarations -Wdiv-by-zero -Wdouble-promotion -Wendif-labels -Wextra -Wformat-contains-nul -Wformat-extra-args -Wformat=2 -Wmultichar -Wnormalized=nfc -Woverflow -Wpragmas -Wsuggest-attribute=const -Wsuggest-attribute=noreturn -Wsuggest-attribute=pure -Wtrampolines -Wno-missing-field-initializers -Wno-sign-compare -Wno-unused-parameter -Wno-format-nonliteral -Wno-ignored-qualifiers -Wno-format-nonliteral -Wframe-larger-than=20460 -fstack-protector-all --param=ssp-buffer-size=4 -fexceptions -fasynchronous-unwind-tables -fdiagnostics-show-option -funit-at-a-time -fipa-pure-const -Wno-suggest-attribute=pure -Wno-suggest-attribute=const'
WARN_LDFLAGS=' -Wall -W -Wformat-y2k -Wformat-security -Winit-self -Wmissing-include-dirs -Wunused -Wunknown-pragmas -Wstrict-aliasing -Wpointer-arith -Wcast-align -Wwrite-strings -Wlogical-op -Wmissing-noreturn -Wredundant-decls -Winvalid-pch -Wvolatile-register-var -Wdisabled-optimization -Wbuiltin-macro-redefined -Wmudflap -Wpacked-bitfield-compat -Wsync-nand -Wattributes -Wcoverage-mismatch -Wmultichar -Wcpp -Wdeprecated-declarations -Wdiv-by-zero -Wdouble-promotion -Wendif-labels -Wextra -Wformat-contains-nul -Wformat-extra-args -Wformat=2 -Wmultichar -Wnormalized=nfc -Woverflow -Wpragmas -Wsuggest-attribute=const -Wsuggest-attribute=noreturn -Wsuggest-attribute=pure -Wtrampolines -Wno-missing-field-initializers -Wno-sign-compare -Wno-unused-parameter -Wno-format-nonliteral -Wno-ignored-qualifiers -Wno-format-nonliteral -Wframe-larger-than=20460 -fstack-protector-all --param=ssp-buffer-size=4 -fexceptions -fasynchronous-unwind-tables -fdiagnostics-show-option -funit-at-a-time -fipa-pure-const -Wno-suggest-attribute=pure -Wno-suggest-attribute=const -Waggregate-return -Wstrict-prototypes -Wold-style-definition -Wnested-externs -Wformat-zero-length -Wpointer-to-int-cast -Wjump-misses-init'
WINDRES=''
X86_64_FALSE='#'
X86_64_TRUE=''
XFIXES_CFLAGS=' '
XFIXES_LIBS='-lXfixes  '
XINERAMA_CFLAGS=''
XINERAMA_LIBS=''
XRANDR12_CFLAGS=' '
XRANDR12_LIBS='-lXrandr  '
XRANDR_CFLAGS=' '
XRANDR_LIBS='-lXrandr  '
Z_LIBS='-lz'
ac_ct_AR='ar'
ac_ct_CC='gcc'
ac_ct_CXX='g++'
ac_ct_DUMPBIN=''
am__EXEEXT_FALSE=''
am__EXEEXT_TRUE='#'
am__fastdepCC_FALSE='#'
am__fastdepCC_TRUE=''
am__fastdepCXX_FALSE='#'
am__fastdepCXX_TRUE=''
am__include='include'
am__isrc=''
am__leading_dot='.'
am__nodep='_no'
am__quote=''
am__tar='$${TAR-tar} chof - "$$tardir"'
am__untar='$${TAR-tar} xf -'
bindir='${exec_prefix}/bin'
build='x86_64-unknown-linux-gnu'
build_alias=''
build_cpu='x86_64'
build_os='linux-gnu'
build_vendor='unknown'
datadir='${datarootdir}'
datarootdir='${prefix}/share'
docdir='${datarootdir}/doc/${PACKAGE_TARNAME}'
dvidir='${docdir}'
exec_prefix='${prefix}'
host='x86_64-unknown-linux-gnu'
host_alias=''
host_cpu='x86_64'
host_os='linux-gnu'
host_vendor='unknown'
htmldir='${docdir}'
includedir='${prefix}/include'
infodir='${datarootdir}/info'
install_sh='${SHELL} /var/www/spice/misc/spice-0.12.0/install-sh'
libdir='${exec_prefix}/lib'
libexecdir='${exec_prefix}/libexec'
localedir='${datarootdir}/locale'
localstatedir='${prefix}/var'
mandir='${datarootdir}/man'
mkdir_p='$(MKDIR_P)'
oldincludedir='/usr/include'
pdfdir='${docdir}'
prefix='/usr/local'
program_transform_name='s,x,x,'
psdir='${docdir}'
sbindir='${exec_prefix}/sbin'
sharedstatedir='${prefix}/com'
subdirs=' spice-common'
sysconfdir='${prefix}/etc'
target_alias=''

## ----------- ##
## confdefs.h. ##
## ----------- ##

/* confdefs.h */
#define PACKAGE_NAME "spice"
#define PACKAGE_TARNAME "spice"
#define PACKAGE_VERSION "0.12.0"
#define PACKAGE_STRING "spice 0.12.0"
#define PACKAGE_BUGREPORT ""
#define PACKAGE_URL ""
#define PACKAGE "spice"
#define VERSION "0.12.0"
#define STDC_HEADERS 1
#define HAVE_SYS_TYPES_H 1
#define HAVE_SYS_STAT_H 1
#define HAVE_STDLIB_H 1
#define HAVE_STRING_H 1
#define HAVE_MEMORY_H 1
#define HAVE_STRINGS_H 1
#define HAVE_INTTYPES_H 1
#define HAVE_STDINT_H 1
#define HAVE_UNISTD_H 1
#define HAVE_DLFCN_H 1
#define LT_OBJDIR ".libs/"
#define HAVE_SYS_TIME_H 1
#define HAVE_EXECINFO_H 1
#define HAVE_ALLOCA_H 1
#define HAVE_ALLOCA 1
#define __STDC_FORMAT_MACROS /**/
#define HAVE_CLOCK_GETTIME 1
#define POSIX_YIELD_FUNC pthread_yield()
#define HAVE_XRANDR12 /**/
#define HAVE_SASL 1

configure: exit 0
