This file contains any messages produced by compilers while
running configure, to aid debugging if configure makes a mistake.

It was created by spice-protocol configure 0.10.1, which was
generated by GNU Autoconf 2.68.  Invocation command line was

  $ ./configure 

## --------- ##
## Platform. ##
## --------- ##

hostname = eyemiddle
uname -m = x86_64
uname -r = 3.2.0-24-generic
uname -s = Linux
uname -v = #37-Ubuntu SMP Wed Apr 25 08:43:22 UTC 2012

/usr/bin/uname -p = unknown
/bin/uname -X     = unknown

/bin/arch              = unknown
/usr/bin/arch -k       = unknown
/usr/convex/getsysinfo = unknown
/usr/bin/hostinfo      = unknown
/bin/machine           = unknown
/usr/bin/oslevel       = unknown
/bin/universe          = unknown

PATH: /usr/local/sbin
PATH: /usr/local/bin
PATH: /usr/sbin
PATH: /usr/bin
PATH: /sbin
PATH: /bin
PATH: /usr/games


## ----------- ##
## Core tests. ##
## ----------- ##

configure:1735: checking for a BSD-compatible install
configure:1803: result: /usr/bin/install -c
configure:1814: checking whether build environment is sane
configure:1864: result: yes
configure:2005: checking for a thread-safe mkdir -p
configure:2044: result: /bin/mkdir -p
configure:2057: checking for gawk
configure:2087: result: no
configure:2057: checking for mawk
configure:2073: found /usr/bin/mawk
configure:2084: result: mawk
configure:2095: checking whether make sets $(MAKE)
configure:2117: result: yes
configure:2198: checking whether to enable maintainer-specific portions of Makefiles
configure:2207: result: no
configure:2342: creating ./config.status

## ---------------------- ##
## Running config.status. ##
## ---------------------- ##

This file was extended by spice-protocol config.status 0.10.1, which was
generated by GNU Autoconf 2.68.  Invocation command line was

  CONFIG_FILES    = 
  CONFIG_HEADERS  = 
  CONFIG_LINKS    = 
  CONFIG_COMMANDS = 
  $ ./config.status 

on eyemiddle

config.status:822: creating Makefile
config.status:822: creating spice-protocol.pc
config.status:822: creating spice/Makefile
config.status:822: creating config.h

## ---------------- ##
## Cache variables. ##
## ---------------- ##

ac_cv_env_build_alias_set=
ac_cv_env_build_alias_value=
ac_cv_env_host_alias_set=
ac_cv_env_host_alias_value=
ac_cv_env_target_alias_set=
ac_cv_env_target_alias_value=
ac_cv_path_install='/usr/bin/install -c'
ac_cv_path_mkdir=/bin/mkdir
ac_cv_prog_AWK=mawk
ac_cv_prog_make_make_set=yes

## ----------------- ##
## Output variables. ##
## ----------------- ##

ACLOCAL='${SHELL} /home/marc/spice/spice-protocol-0.10.1/missing --run aclocal-1.11'
AMTAR='${SHELL} /home/marc/spice/spice-protocol-0.10.1/missing --run tar'
AUTOCONF='${SHELL} /home/marc/spice/spice-protocol-0.10.1/missing --run autoconf'
AUTOHEADER='${SHELL} /home/marc/spice/spice-protocol-0.10.1/missing --run autoheader'
AUTOMAKE='${SHELL} /home/marc/spice/spice-protocol-0.10.1/missing --run automake-1.11'
AWK='mawk'
CYGPATH_W='echo'
DEFS='-DHAVE_CONFIG_H'
ECHO_C=''
ECHO_N='-n'
ECHO_T=''
INSTALL_DATA='${INSTALL} -m 644'
INSTALL_PROGRAM='${INSTALL}'
INSTALL_SCRIPT='${INSTALL}'
INSTALL_STRIP_PROGRAM='$(install_sh) -c -s'
LIBOBJS=''
LIBS=''
LTLIBOBJS=''
MAINT='#'
MAINTAINER_MODE_FALSE=''
MAINTAINER_MODE_TRUE='#'
MAKEINFO='${SHELL} /home/marc/spice/spice-protocol-0.10.1/missing --run makeinfo'
MKDIR_P='/bin/mkdir -p'
PACKAGE='spice-protocol'
PACKAGE_BUGREPORT=''
PACKAGE_NAME='spice-protocol'
PACKAGE_STRING='spice-protocol 0.10.1'
PACKAGE_TARNAME='spice-protocol'
PACKAGE_URL=''
PACKAGE_VERSION='0.10.1'
PATH_SEPARATOR=':'
SET_MAKE=''
SHELL='/bin/bash'
STRIP=''
VERSION='0.10.1'
am__isrc=''
am__leading_dot='.'
am__tar='${AMTAR} chof - "$$tardir"'
am__untar='${AMTAR} xf -'
bindir='${exec_prefix}/bin'
build_alias=''
datadir='${datarootdir}'
datarootdir='${prefix}/share'
docdir='${datarootdir}/doc/${PACKAGE_TARNAME}'
dvidir='${docdir}'
exec_prefix='${prefix}'
host_alias=''
htmldir='${docdir}'
includedir='${prefix}/include'
infodir='${datarootdir}/info'
install_sh='${SHELL} /home/marc/spice/spice-protocol-0.10.1/install-sh'
libdir='${exec_prefix}/lib'
libexecdir='${exec_prefix}/libexec'
localedir='${datarootdir}/locale'
localstatedir='${prefix}/var'
mandir='${datarootdir}/man'
mkdir_p='/bin/mkdir -p'
oldincludedir='/usr/include'
pdfdir='${docdir}'
prefix='/usr/local'
program_transform_name='s,x,x,'
psdir='${docdir}'
sbindir='${exec_prefix}/sbin'
sharedstatedir='${prefix}/com'
sysconfdir='${prefix}/etc'
target_alias=''

## ----------- ##
## confdefs.h. ##
## ----------- ##

/* confdefs.h */
#define PACKAGE_NAME "spice-protocol"
#define PACKAGE_TARNAME "spice-protocol"
#define PACKAGE_VERSION "0.10.1"
#define PACKAGE_STRING "spice-protocol 0.10.1"
#define PACKAGE_BUGREPORT ""
#define PACKAGE_URL ""
#define PACKAGE "spice-protocol"
#define VERSION "0.10.1"

configure: exit 0
