This file contains any messages produced by compilers while
running configure, to aid debugging if configure makes a mistake.

It was created by libcacard configure 0.1.2, which was
generated by GNU Autoconf 2.68.  Invocation command line was

  $ ./configure 

## --------- ##
## Platform. ##
## --------- ##

hostname = eyeMiddle
uname -m = x86_64
uname -r = 3.2.0-32-generic
uname -s = Linux
uname -v = #51-Ubuntu SMP Wed Sep 26 21:33:09 UTC 2012

/usr/bin/uname -p = unknown
/bin/uname -X     = unknown

/bin/arch              = unknown
/usr/bin/arch -k       = unknown
/usr/convex/getsysinfo = unknown
/usr/bin/hostinfo      = unknown
/bin/machine           = unknown
/usr/bin/oslevel       = unknown
/bin/universe          = unknown

PATH: /usr/local/sbin
PATH: /usr/local/bin
PATH: /usr/sbin
PATH: /usr/bin
PATH: /sbin
PATH: /bin
PATH: /usr/games


## ----------- ##
## Core tests. ##
## ----------- ##

configure:2173: checking for a BSD-compatible install
configure:2241: result: /usr/bin/install -c
configure:2252: checking whether build environment is sane
configure:2302: result: yes
configure:2443: checking for a thread-safe mkdir -p
configure:2482: result: /bin/mkdir -p
configure:2495: checking for gawk
configure:2525: result: no
configure:2495: checking for mawk
configure:2511: found /usr/bin/mawk
configure:2522: result: mawk
configure:2533: checking whether make sets $(MAKE)
configure:2555: result: yes
configure:2636: checking whether to enable maintainer-specific portions of Makefiles
configure:2645: result: no
configure:2712: checking for gcc
configure:2728: found /usr/bin/gcc
configure:2739: result: gcc
configure:2968: checking for C compiler version
configure:2977: gcc --version >&5
gcc (Ubuntu/Linaro 4.6.3-1ubuntu5) 4.6.3
Copyright (C) 2011 Free Software Foundation, Inc.
This is free software; see the source for copying conditions.  There is NO
warranty; not even for MERCHANTABILITY or FITNESS FOR A PARTICULAR PURPOSE.

configure:2988: $? = 0
configure:2977: gcc -v >&5
Using built-in specs.
COLLECT_GCC=gcc
COLLECT_LTO_WRAPPER=/usr/lib/gcc/x86_64-linux-gnu/4.6/lto-wrapper
Target: x86_64-linux-gnu
Configured with: ../src/configure -v --with-pkgversion='Ubuntu/Linaro 4.6.3-1ubuntu5' --with-bugurl=file:///usr/share/doc/gcc-4.6/README.Bugs --enable-languages=c,c++,fortran,objc,obj-c++ --prefix=/usr --program-suffix=-4.6 --enable-shared --enable-linker-build-id --with-system-zlib --libexecdir=/usr/lib --without-included-gettext --enable-threads=posix --with-gxx-include-dir=/usr/include/c++/4.6 --libdir=/usr/lib --enable-nls --with-sysroot=/ --enable-clocale=gnu --enable-libstdcxx-debug --enable-libstdcxx-time=yes --enable-gnu-unique-object --enable-plugin --enable-objc-gc --disable-werror --with-arch-32=i686 --with-tune=generic --enable-checking=release --build=x86_64-linux-gnu --host=x86_64-linux-gnu --target=x86_64-linux-gnu
Thread model: posix
gcc version 4.6.3 (Ubuntu/Linaro 4.6.3-1ubuntu5) 
configure:2988: $? = 0
configure:2977: gcc -V >&5
gcc: error: unrecognized option '-V'
gcc: fatal error: no input files
compilation terminated.
configure:2988: $? = 4
configure:2977: gcc -qversion >&5
gcc: error: unrecognized option '-qversion'
gcc: fatal error: no input files
compilation terminated.
configure:2988: $? = 4
configure:3008: checking whether the C compiler works
configure:3030: gcc    conftest.c  >&5
configure:3034: $? = 0
configure:3082: result: yes
configure:3085: checking for C compiler default output file name
configure:3087: result: a.out
configure:3093: checking for suffix of executables
configure:3100: gcc -o conftest    conftest.c  >&5
configure:3104: $? = 0
configure:3126: result: 
configure:3148: checking whether we are cross compiling
configure:3156: gcc -o conftest    conftest.c  >&5
configure:3160: $? = 0
configure:3167: ./conftest
configure:3171: $? = 0
configure:3186: result: no
configure:3191: checking for suffix of object files
configure:3213: gcc -c   conftest.c >&5
configure:3217: $? = 0
configure:3238: result: o
configure:3242: checking whether we are using the GNU C compiler
configure:3261: gcc -c   conftest.c >&5
configure:3261: $? = 0
configure:3270: result: yes
configure:3279: checking whether gcc accepts -g
configure:3299: gcc -c -g  conftest.c >&5
configure:3299: $? = 0
configure:3340: result: yes
configure:3357: checking for gcc option to accept ISO C89
configure:3421: gcc  -c -g -O2  conftest.c >&5
configure:3421: $? = 0
configure:3434: result: none needed
configure:3465: checking for style of include used by make
configure:3493: result: GNU
configure:3518: checking dependency style of gcc
configure:3628: result: gcc3
configure:3648: checking build system type
configure:3662: result: x86_64-unknown-linux-gnu
configure:3682: checking host system type
configure:3695: result: x86_64-unknown-linux-gnu
configure:3761: checking how to print strings
configure:3788: result: printf
configure:3809: checking for a sed that does not truncate output
configure:3873: result: /bin/sed
configure:3891: checking for grep that handles long lines and -e
configure:3949: result: /bin/grep
configure:3954: checking for egrep
configure:4016: result: /bin/grep -E
configure:4021: checking for fgrep
configure:4083: result: /bin/grep -F
configure:4118: checking for ld used by gcc
configure:4185: result: /usr/bin/ld
configure:4192: checking if the linker (/usr/bin/ld) is GNU ld
configure:4207: result: yes
configure:4219: checking for BSD- or MS-compatible name lister (nm)
configure:4268: result: /usr/bin/nm -B
configure:4398: checking the name lister (/usr/bin/nm -B) interface
configure:4405: gcc -c -g -O2  conftest.c >&5
configure:4408: /usr/bin/nm -B "conftest.o"
configure:4411: output
0000000000000000 B some_variable
configure:4418: result: BSD nm
configure:4421: checking whether ln -s works
configure:4425: result: yes
configure:4433: checking the maximum length of command line arguments
configure:4558: result: 1572864
configure:4575: checking whether the shell understands some XSI constructs
configure:4585: result: yes
configure:4589: checking whether the shell understands "+="
configure:4595: result: yes
configure:4630: checking how to convert x86_64-unknown-linux-gnu file names to x86_64-unknown-linux-gnu format
configure:4670: result: func_convert_file_noop
configure:4677: checking how to convert x86_64-unknown-linux-gnu file names to toolchain format
configure:4697: result: func_convert_file_noop
configure:4704: checking for /usr/bin/ld option to reload object files
configure:4711: result: -r
configure:4785: checking for objdump
configure:4801: found /usr/bin/objdump
configure:4812: result: objdump
configure:4844: checking how to recognize dependent libraries
configure:5046: result: pass_all
configure:5131: checking for dlltool
configure:5161: result: no
configure:5191: checking how to associate runtime and link libraries
configure:5218: result: printf %s\n
configure:5279: checking for ar
configure:5295: found /usr/bin/ar
configure:5306: result: ar
configure:5343: checking for archiver @FILE support
configure:5360: gcc -c -g -O2  conftest.c >&5
configure:5360: $? = 0
configure:5363: ar cru libconftest.a @conftest.lst >&5
configure:5366: $? = 0
configure:5371: ar cru libconftest.a @conftest.lst >&5
ar: conftest.o: No such file or directory
configure:5374: $? = 1
configure:5386: result: @
configure:5444: checking for strip
configure:5460: found /usr/bin/strip
configure:5471: result: strip
configure:5543: checking for ranlib
configure:5559: found /usr/bin/ranlib
configure:5570: result: ranlib
configure:5672: checking command to parse /usr/bin/nm -B output from gcc object
configure:5791: gcc -c -g -O2  conftest.c >&5
configure:5794: $? = 0
configure:5798: /usr/bin/nm -B conftest.o \| sed -n -e 's/^.*[ ]\([ABCDGIRSTW][ABCDGIRSTW]*\)[ ][ ]*\([_A-Za-z][_A-Za-z0-9]*\)$/\1 \2 \2/p' | sed '/ __gnu_lto/d' \> conftest.nm
configure:5801: $? = 0
configure:5867: gcc -o conftest -g -O2   conftest.c conftstm.o >&5
configure:5870: $? = 0
configure:5908: result: ok
configure:5945: checking for sysroot
configure:5975: result: no
configure:6052: gcc -c -g -O2  conftest.c >&5
configure:6055: $? = 0
configure:6218: checking for mt
configure:6234: found /bin/mt
configure:6245: result: mt
configure:6268: checking if mt is a manifest tool
configure:6274: mt '-?'
configure:6282: result: no
configure:6914: checking how to run the C preprocessor
configure:6945: gcc -E  conftest.c
configure:6945: $? = 0
configure:6959: gcc -E  conftest.c
conftest.c:11:28: fatal error: ac_nonexistent.h: No such file or directory
compilation terminated.
configure:6959: $? = 1
configure: failed program was:
| /* confdefs.h */
| #define PACKAGE_NAME "libcacard"
| #define PACKAGE_TARNAME "libcacard"
| #define PACKAGE_VERSION "0.1.2"
| #define PACKAGE_STRING "libcacard 0.1.2"
| #define PACKAGE_BUGREPORT ""
| #define PACKAGE_URL ""
| #define PACKAGE "libcacard"
| #define VERSION "0.1.2"
| /* end confdefs.h.  */
| #include <ac_nonexistent.h>
configure:6984: result: gcc -E
configure:7004: gcc -E  conftest.c
configure:7004: $? = 0
configure:7018: gcc -E  conftest.c
conftest.c:11:28: fatal error: ac_nonexistent.h: No such file or directory
compilation terminated.
configure:7018: $? = 1
configure: failed program was:
| /* confdefs.h */
| #define PACKAGE_NAME "libcacard"
| #define PACKAGE_TARNAME "libcacard"
| #define PACKAGE_VERSION "0.1.2"
| #define PACKAGE_STRING "libcacard 0.1.2"
| #define PACKAGE_BUGREPORT ""
| #define PACKAGE_URL ""
| #define PACKAGE "libcacard"
| #define VERSION "0.1.2"
| /* end confdefs.h.  */
| #include <ac_nonexistent.h>
configure:7047: checking for ANSI C header files
configure:7067: gcc -c -g -O2  conftest.c >&5
configure:7067: $? = 0
configure:7140: gcc -o conftest -g -O2   conftest.c  >&5
configure:7140: $? = 0
configure:7140: ./conftest
configure:7140: $? = 0
configure:7151: result: yes
configure:7164: checking for sys/types.h
configure:7164: gcc -c -g -O2  conftest.c >&5
configure:7164: $? = 0
configure:7164: result: yes
configure:7164: checking for sys/stat.h
configure:7164: gcc -c -g -O2  conftest.c >&5
configure:7164: $? = 0
configure:7164: result: yes
configure:7164: checking for stdlib.h
configure:7164: gcc -c -g -O2  conftest.c >&5
configure:7164: $? = 0
configure:7164: result: yes
configure:7164: checking for string.h
configure:7164: gcc -c -g -O2  conftest.c >&5
configure:7164: $? = 0
configure:7164: result: yes
configure:7164: checking for memory.h
configure:7164: gcc -c -g -O2  conftest.c >&5
configure:7164: $? = 0
configure:7164: result: yes
configure:7164: checking for strings.h
configure:7164: gcc -c -g -O2  conftest.c >&5
configure:7164: $? = 0
configure:7164: result: yes
configure:7164: checking for inttypes.h
configure:7164: gcc -c -g -O2  conftest.c >&5
configure:7164: $? = 0
configure:7164: result: yes
configure:7164: checking for stdint.h
configure:7164: gcc -c -g -O2  conftest.c >&5
configure:7164: $? = 0
configure:7164: result: yes
configure:7164: checking for unistd.h
configure:7164: gcc -c -g -O2  conftest.c >&5
configure:7164: $? = 0
configure:7164: result: yes
configure:7178: checking for dlfcn.h
configure:7178: gcc -c -g -O2  conftest.c >&5
configure:7178: $? = 0
configure:7178: result: yes
configure:7365: checking for objdir
configure:7380: result: .libs
configure:7647: checking if gcc supports -fno-rtti -fno-exceptions
configure:7665: gcc -c -g -O2  -fno-rtti -fno-exceptions conftest.c >&5
cc1: warning: command line option '-fno-rtti' is valid for C++/ObjC++ but not for C [enabled by default]
configure:7669: $? = 0
configure:7682: result: no
configure:7992: checking for gcc option to produce PIC
configure:7999: result: -fPIC -DPIC
configure:8007: checking if gcc PIC flag -fPIC -DPIC works
configure:8025: gcc -c -g -O2  -fPIC -DPIC -DPIC conftest.c >&5
configure:8029: $? = 0
configure:8042: result: yes
configure:8071: checking if gcc static flag -static works
configure:8099: result: yes
configure:8114: checking if gcc supports -c -o file.o
configure:8135: gcc -c -g -O2  -o out/conftest2.o conftest.c >&5
configure:8139: $? = 0
configure:8161: result: yes
configure:8169: checking if gcc supports -c -o file.o
configure:8216: result: yes
configure:8249: checking whether the gcc linker (/usr/bin/ld -m elf_x86_64) supports shared libraries
configure:9407: result: yes
configure:9444: checking whether -lc should be explicitly linked in
configure:9452: gcc -c -g -O2  conftest.c >&5
configure:9455: $? = 0
configure:9470: gcc -shared  -fPIC -DPIC conftest.o  -v -Wl,-soname -Wl,conftest -o conftest 2\>\&1 \| /bin/grep  -lc  \>/dev/null 2\>\&1
configure:9473: $? = 0
configure:9487: result: no
configure:9652: checking dynamic linker characteristics
configure:10166: gcc -o conftest -g -O2   -Wl,-rpath -Wl,/foo conftest.c  >&5
configure:10166: $? = 0
configure:10392: result: GNU/Linux ld.so
configure:10499: checking how to hardcode library paths into programs
configure:10524: result: immediate
configure:11064: checking whether stripping libraries is possible
configure:11069: result: yes
configure:11104: checking if libtool supports shared libraries
configure:11106: result: yes
configure:11109: checking whether to build shared libraries
configure:11130: result: yes
configure:11133: checking whether to build static libraries
configure:11137: result: yes
configure:11173: checking whether gcc and cc understand -c and -o together
configure:11204: gcc -c conftest.c -o conftest2.o >&5
configure:11208: $? = 0
configure:11214: gcc -c conftest.c -o conftest2.o >&5
configure:11218: $? = 0
configure:11229: cc -c conftest.c >&5
configure:11233: $? = 0
configure:11241: cc -c conftest.c -o conftest2.o >&5
configure:11245: $? = 0
configure:11251: cc -c conftest.c -o conftest2.o >&5
configure:11255: $? = 0
configure:11273: result: yes
configure:11298: checking whether byte ordering is bigendian
configure:11313: gcc -c -g -O2  conftest.c >&5
conftest.c:24:9: error: unknown type name 'not'
conftest.c:24:15: error: expected '=', ',', ';', 'asm' or '__attribute__' before 'universal'
conftest.c:24:15: error: unknown type name 'universal'
configure:11313: $? = 1
configure: failed program was:
| /* confdefs.h */
| #define PACKAGE_NAME "libcacard"
| #define PACKAGE_TARNAME "libcacard"
| #define PACKAGE_VERSION "0.1.2"
| #define PACKAGE_STRING "libcacard 0.1.2"
| #define PACKAGE_BUGREPORT ""
| #define PACKAGE_URL ""
| #define PACKAGE "libcacard"
| #define VERSION "0.1.2"
| #define STDC_HEADERS 1
| #define HAVE_SYS_TYPES_H 1
| #define HAVE_SYS_STAT_H 1
| #define HAVE_STDLIB_H 1
| #define HAVE_STRING_H 1
| #define HAVE_MEMORY_H 1
| #define HAVE_STRINGS_H 1
| #define HAVE_INTTYPES_H 1
| #define HAVE_STDINT_H 1
| #define HAVE_UNISTD_H 1
| #define HAVE_DLFCN_H 1
| #define LT_OBJDIR ".libs/"
| /* end confdefs.h.  */
| #ifndef __APPLE_CC__
| 	       not a universal capable compiler
| 	     #endif
| 	     typedef int dummy;
| 
configure:11358: gcc -c -g -O2  conftest.c >&5
configure:11358: $? = 0
configure:11376: gcc -c -g -O2  conftest.c >&5
conftest.c: In function 'main':
conftest.c:30:4: error: unknown type name 'not'
conftest.c:30:12: error: expected '=', ',', ';', 'asm' or '__attribute__' before 'endian'
configure:11376: $? = 1
configure: failed program was:
| /* confdefs.h */
| #define PACKAGE_NAME "libcacard"
| #define PACKAGE_TARNAME "libcacard"
| #define PACKAGE_VERSION "0.1.2"
| #define PACKAGE_STRING "libcacard 0.1.2"
| #define PACKAGE_BUGREPORT ""
| #define PACKAGE_URL ""
| #define PACKAGE "libcacard"
| #define VERSION "0.1.2"
| #define STDC_HEADERS 1
| #define HAVE_SYS_TYPES_H 1
| #define HAVE_SYS_STAT_H 1
| #define HAVE_STDLIB_H 1
| #define HAVE_STRING_H 1
| #define HAVE_MEMORY_H 1
| #define HAVE_STRINGS_H 1
| #define HAVE_INTTYPES_H 1
| #define HAVE_STDINT_H 1
| #define HAVE_UNISTD_H 1
| #define HAVE_DLFCN_H 1
| #define LT_OBJDIR ".libs/"
| /* end confdefs.h.  */
| #include <sys/types.h>
| 		#include <sys/param.h>
| 
| int
| main ()
| {
| #if BYTE_ORDER != BIG_ENDIAN
| 		 not big endian
| 		#endif
| 
|   ;
|   return 0;
| }
configure:11504: result: no
configure:11526: checking for python2
configure:11544: found /usr/bin/python2
configure:11556: result: /usr/bin/python2
configure:11629: checking for pkg-config
configure:11647: found /usr/bin/pkg-config
configure:11659: result: /usr/bin/pkg-config
configure:11684: checking pkg-config is at least version 0.9.0
configure:11687: result: yes
configure:11697: checking for NSS
configure:11704: $PKG_CONFIG --exists --print-errors "nss"
configure:11707: $? = 0
configure:11720: $PKG_CONFIG --exists --print-errors "nss"
configure:11723: $? = 0
configure:11782: result: yes
configure:12075: creating ./config.status

## ---------------------- ##
## Running config.status. ##
## ---------------------- ##

This file was extended by libcacard config.status 0.1.2, which was
generated by GNU Autoconf 2.68.  Invocation command line was

  CONFIG_FILES    = 
  CONFIG_HEADERS  = 
  CONFIG_LINKS    = 
  CONFIG_COMMANDS = 
  $ ./config.status 

on eyeMiddle

config.status:1105: creating Makefile
config.status:1105: creating libcacard.pc
config.status:1105: creating config.h
config.status:1334: executing depfiles commands
config.status:1334: executing libtool commands

## ---------------- ##
## Cache variables. ##
## ---------------- ##

ac_cv_build=x86_64-unknown-linux-gnu
ac_cv_c_bigendian=no
ac_cv_c_compiler_gnu=yes
ac_cv_env_CC_set=
ac_cv_env_CC_value=
ac_cv_env_CFLAGS_set=
ac_cv_env_CFLAGS_value=
ac_cv_env_CPPFLAGS_set=
ac_cv_env_CPPFLAGS_value=
ac_cv_env_CPP_set=
ac_cv_env_CPP_value=
ac_cv_env_LDFLAGS_set=
ac_cv_env_LDFLAGS_value=
ac_cv_env_LIBS_set=
ac_cv_env_LIBS_value=
ac_cv_env_NSS_CFLAGS_set=
ac_cv_env_NSS_CFLAGS_value=
ac_cv_env_NSS_LIBS_set=
ac_cv_env_NSS_LIBS_value=
ac_cv_env_PCSC_CFLAGS_set=
ac_cv_env_PCSC_CFLAGS_value=
ac_cv_env_PCSC_LIBS_set=
ac_cv_env_PCSC_LIBS_value=
ac_cv_env_PKG_CONFIG_LIBDIR_set=
ac_cv_env_PKG_CONFIG_LIBDIR_value=
ac_cv_env_PKG_CONFIG_PATH_set=
ac_cv_env_PKG_CONFIG_PATH_value=
ac_cv_env_PKG_CONFIG_set=
ac_cv_env_PKG_CONFIG_value=
ac_cv_env_build_alias_set=
ac_cv_env_build_alias_value=
ac_cv_env_host_alias_set=
ac_cv_env_host_alias_value=
ac_cv_env_target_alias_set=
ac_cv_env_target_alias_value=
ac_cv_header_dlfcn_h=yes
ac_cv_header_inttypes_h=yes
ac_cv_header_memory_h=yes
ac_cv_header_stdc=yes
ac_cv_header_stdint_h=yes
ac_cv_header_stdlib_h=yes
ac_cv_header_string_h=yes
ac_cv_header_strings_h=yes
ac_cv_header_sys_stat_h=yes
ac_cv_header_sys_types_h=yes
ac_cv_header_unistd_h=yes
ac_cv_host=x86_64-unknown-linux-gnu
ac_cv_objext=o
ac_cv_path_EGREP='/bin/grep -E'
ac_cv_path_FGREP='/bin/grep -F'
ac_cv_path_GREP=/bin/grep
ac_cv_path_PYTHON=/usr/bin/python2
ac_cv_path_SED=/bin/sed
ac_cv_path_ac_pt_PKG_CONFIG=/usr/bin/pkg-config
ac_cv_path_install='/usr/bin/install -c'
ac_cv_path_mkdir=/bin/mkdir
ac_cv_prog_AWK=mawk
ac_cv_prog_CPP='gcc -E'
ac_cv_prog_ac_ct_AR=ar
ac_cv_prog_ac_ct_CC=gcc
ac_cv_prog_ac_ct_MANIFEST_TOOL=mt
ac_cv_prog_ac_ct_OBJDUMP=objdump
ac_cv_prog_ac_ct_RANLIB=ranlib
ac_cv_prog_ac_ct_STRIP=strip
ac_cv_prog_cc_c89=
ac_cv_prog_cc_g=yes
ac_cv_prog_cc_gcc_c_o=yes
ac_cv_prog_make_make_set=yes
am_cv_CC_dependencies_compiler_type=gcc3
lt_cv_ar_at_file=@
lt_cv_archive_cmds_need_lc=no
lt_cv_deplibs_check_method=pass_all
lt_cv_file_magic_cmd='$MAGIC_CMD'
lt_cv_file_magic_test_file=
lt_cv_ld_reload_flag=-r
lt_cv_nm_interface='BSD nm'
lt_cv_objdir=.libs
lt_cv_path_LD=/usr/bin/ld
lt_cv_path_NM='/usr/bin/nm -B'
lt_cv_path_mainfest_tool=no
lt_cv_prog_compiler_c_o=yes
lt_cv_prog_compiler_pic='-fPIC -DPIC'
lt_cv_prog_compiler_pic_works=yes
lt_cv_prog_compiler_rtti_exceptions=no
lt_cv_prog_compiler_static_works=yes
lt_cv_prog_gnu_ld=yes
lt_cv_sharedlib_from_linklib_cmd='printf %s\n'
lt_cv_shlibpath_overrides_runpath=no
lt_cv_sys_global_symbol_pipe='sed -n -e '\''s/^.*[	 ]\([ABCDGIRSTW][ABCDGIRSTW]*\)[	 ][	 ]*\([_A-Za-z][_A-Za-z0-9]*\)$/\1 \2 \2/p'\'' | sed '\''/ __gnu_lto/d'\'''
lt_cv_sys_global_symbol_to_c_name_address='sed -n -e '\''s/^: \([^ ]*\)[ ]*$/  {\"\1\", (void *) 0},/p'\'' -e '\''s/^[ABCDGIRSTW]* \([^ ]*\) \([^ ]*\)$/  {"\2", (void *) \&\2},/p'\'''
lt_cv_sys_global_symbol_to_c_name_address_lib_prefix='sed -n -e '\''s/^: \([^ ]*\)[ ]*$/  {\"\1\", (void *) 0},/p'\'' -e '\''s/^[ABCDGIRSTW]* \([^ ]*\) \(lib[^ ]*\)$/  {"\2", (void *) \&\2},/p'\'' -e '\''s/^[ABCDGIRSTW]* \([^ ]*\) \([^ ]*\)$/  {"lib\2", (void *) \&\2},/p'\'''
lt_cv_sys_global_symbol_to_cdecl='sed -n -e '\''s/^T .* \(.*\)$/extern int \1();/p'\'' -e '\''s/^[ABCDGIRSTW]* .* \(.*\)$/extern char \1;/p'\'''
lt_cv_sys_max_cmd_len=1572864
lt_cv_to_host_file_cmd=func_convert_file_noop
lt_cv_to_tool_file_cmd=func_convert_file_noop
pkg_cv_NSS_CFLAGS='-I/usr/include/nss -I/usr/include/nspr  '
pkg_cv_NSS_LIBS='-lnss3 -lnssutil3 -lsmime3 -lssl3 -lplds4 -lplc4 -lnspr4 -lpthread -ldl  '

## ----------------- ##
## Output variables. ##
## ----------------- ##

ACLOCAL='${SHELL} /var/www/spice/misc/libcacard-0.1.2/missing --run aclocal-1.11'
AMDEPBACKSLASH='\'
AMDEP_FALSE='#'
AMDEP_TRUE=''
AMTAR='${SHELL} /var/www/spice/misc/libcacard-0.1.2/missing --run tar'
AR='ar'
AUTOCONF='${SHELL} /var/www/spice/misc/libcacard-0.1.2/missing --run autoconf'
AUTOHEADER='${SHELL} /var/www/spice/misc/libcacard-0.1.2/missing --run autoheader'
AUTOMAKE='${SHELL} /var/www/spice/misc/libcacard-0.1.2/missing --run automake-1.11'
AWK='mawk'
CAC_CARD_NONPKGCONFIG_LIBS=' -pthread'
CAC_CARD_REQUIRES=' nss'
CAC_COMMON_SRCDIR=''
CAC_LT_VERSION='1:0:2'
CAC_NONPKGCONFIG_CFLAGS=''
CC='gcc'
CCDEPMODE='depmode=gcc3'
CFLAGS='-g -O2 -Wall -Werror'
CPP='gcc -E'
CPPFLAGS=''
CYGPATH_W='echo'
DEFS='-DHAVE_CONFIG_H'
DEPDIR='.deps'
DLLTOOL='false'
DSYMUTIL=''
DUMPBIN=''
ECHO_C=''
ECHO_N='-n'
ECHO_T=''
EGREP='/bin/grep -E'
EXEEXT=''
FGREP='/bin/grep -F'
GREP='/bin/grep'
INSTALL_DATA='${INSTALL} -m 644'
INSTALL_PROGRAM='${INSTALL}'
INSTALL_SCRIPT='${INSTALL}'
INSTALL_STRIP_PROGRAM='$(install_sh) -c -s'
LD='/usr/bin/ld -m elf_x86_64'
LDFLAGS=''
LIBOBJS=''
LIBS=''
LIBTOOL='$(SHELL) $(top_builddir)/libtool'
LIPO=''
LN_S='ln -s'
LTLIBOBJS=''
MAINT='#'
MAINTAINER_MODE_FALSE=''
MAINTAINER_MODE_TRUE='#'
MAKEINFO='${SHELL} /var/www/spice/misc/libcacard-0.1.2/missing --run makeinfo'
MANIFEST_TOOL=':'
MKDIR_P='/bin/mkdir -p'
NM='/usr/bin/nm -B'
NMEDIT=''
NSS_CFLAGS='-I/usr/include/nss -I/usr/include/nspr  '
NSS_LIBS='-lnss3 -lnssutil3 -lsmime3 -lssl3 -lplds4 -lplc4 -lnspr4 -lpthread -ldl  '
OBJDUMP='objdump'
OBJEXT='o'
OTOOL64=''
OTOOL=''
PACKAGE='libcacard'
PACKAGE_BUGREPORT=''
PACKAGE_NAME='libcacard'
PACKAGE_STRING='libcacard 0.1.2'
PACKAGE_TARNAME='libcacard'
PACKAGE_URL=''
PACKAGE_VERSION='0.1.2'
PATH_SEPARATOR=':'
PCSC_CFLAGS=''
PCSC_LIBS=''
PKG_CONFIG='/usr/bin/pkg-config'
PKG_CONFIG_LIBDIR=''
PKG_CONFIG_PATH=''
PYTHON='/usr/bin/python2'
RANLIB='ranlib'
SED='/bin/sed'
SET_MAKE=''
SHELL='/bin/bash'
STRIP='strip'
USE_PASSTHRU=''
VERSION='0.1.2'
ac_ct_AR='ar'
ac_ct_CC='gcc'
ac_ct_DUMPBIN=''
am__EXEEXT_FALSE=''
am__EXEEXT_TRUE='#'
am__fastdepCC_FALSE='#'
am__fastdepCC_TRUE=''
am__include='include'
am__isrc=''
am__leading_dot='.'
am__quote=''
am__tar='${AMTAR} chof - "$$tardir"'
am__untar='${AMTAR} xf -'
bindir='${exec_prefix}/bin'
build='x86_64-unknown-linux-gnu'
build_alias=''
build_cpu='x86_64'
build_os='linux-gnu'
build_vendor='unknown'
datadir='${datarootdir}'
datarootdir='${prefix}/share'
docdir='${datarootdir}/doc/${PACKAGE_TARNAME}'
dvidir='${docdir}'
exec_prefix='${prefix}'
host='x86_64-unknown-linux-gnu'
host_alias=''
host_cpu='x86_64'
host_os='linux-gnu'
host_vendor='unknown'
htmldir='${docdir}'
includedir='${prefix}/include'
infodir='${datarootdir}/info'
install_sh='${SHELL} /var/www/spice/misc/libcacard-0.1.2/install-sh'
libdir='${exec_prefix}/lib'
libexecdir='${exec_prefix}/libexec'
localedir='${datarootdir}/locale'
localstatedir='${prefix}/var'
mandir='${datarootdir}/man'
mkdir_p='/bin/mkdir -p'
oldincludedir='/usr/include'
pdfdir='${docdir}'
prefix='/usr/local'
program_transform_name='s,x,x,'
psdir='${docdir}'
sbindir='${exec_prefix}/sbin'
sharedstatedir='${prefix}/com'
sysconfdir='${prefix}/etc'
target_alias=''

## ----------- ##
## confdefs.h. ##
## ----------- ##

/* confdefs.h */
#define PACKAGE_NAME "libcacard"
#define PACKAGE_TARNAME "libcacard"
#define PACKAGE_VERSION "0.1.2"
#define PACKAGE_STRING "libcacard 0.1.2"
#define PACKAGE_BUGREPORT ""
#define PACKAGE_URL ""
#define PACKAGE "libcacard"
#define VERSION "0.1.2"
#define STDC_HEADERS 1
#define HAVE_SYS_TYPES_H 1
#define HAVE_SYS_STAT_H 1
#define HAVE_STDLIB_H 1
#define HAVE_STRING_H 1
#define HAVE_MEMORY_H 1
#define HAVE_STRINGS_H 1
#define HAVE_INTTYPES_H 1
#define HAVE_STDINT_H 1
#define HAVE_UNISTD_H 1
#define HAVE_DLFCN_H 1
#define LT_OBJDIR ".libs/"

configure: exit 0
