This file contains any messages produced by compilers while
running configure, to aid debugging if configure makes a mistake.

It was created by spice-common configure UNKNOWN-dirty, which was
generated by GNU Autoconf 2.69.  Invocation command line was

  $ ./configure --disable-option-checking --prefix=/usr/local --cache-file=/dev/null --srcdir=.

## --------- ##
## Platform. ##
## --------- ##

hostname = eyeMiddle
uname -m = x86_64
uname -r = 3.2.0-32-generic
uname -s = Linux
uname -v = #51-Ubuntu SMP Wed Sep 26 21:33:09 UTC 2012

/usr/bin/uname -p = unknown
/bin/uname -X     = unknown

/bin/arch              = unknown
/usr/bin/arch -k       = unknown
/usr/convex/getsysinfo = unknown
/usr/bin/hostinfo      = unknown
/bin/machine           = unknown
/usr/bin/oslevel       = unknown
/bin/universe          = unknown

PATH: /usr/local/sbin
PATH: /usr/local/bin
PATH: /usr/sbin
PATH: /usr/bin
PATH: /sbin
PATH: /bin
PATH: /usr/games


## ----------- ##
## Core tests. ##
## ----------- ##

configure:2536: checking for gcc
configure:2552: found /usr/bin/gcc
configure:2563: result: gcc
configure:2792: checking for C compiler version
configure:2801: gcc --version >&5
gcc (Ubuntu/Linaro 4.6.3-1ubuntu5) 4.6.3
Copyright (C) 2011 Free Software Foundation, Inc.
This is free software; see the source for copying conditions.  There is NO
warranty; not even for MERCHANTABILITY or FITNESS FOR A PARTICULAR PURPOSE.

configure:2812: $? = 0
configure:2801: gcc -v >&5
Using built-in specs.
COLLECT_GCC=gcc
COLLECT_LTO_WRAPPER=/usr/lib/gcc/x86_64-linux-gnu/4.6/lto-wrapper
Target: x86_64-linux-gnu
Configured with: ../src/configure -v --with-pkgversion='Ubuntu/Linaro 4.6.3-1ubuntu5' --with-bugurl=file:///usr/share/doc/gcc-4.6/README.Bugs --enable-languages=c,c++,fortran,objc,obj-c++ --prefix=/usr --program-suffix=-4.6 --enable-shared --enable-linker-build-id --with-system-zlib --libexecdir=/usr/lib --without-included-gettext --enable-threads=posix --with-gxx-include-dir=/usr/include/c++/4.6 --libdir=/usr/lib --enable-nls --with-sysroot=/ --enable-clocale=gnu --enable-libstdcxx-debug --enable-libstdcxx-time=yes --enable-gnu-unique-object --enable-plugin --enable-objc-gc --disable-werror --with-arch-32=i686 --with-tune=generic --enable-checking=release --build=x86_64-linux-gnu --host=x86_64-linux-gnu --target=x86_64-linux-gnu
Thread model: posix
gcc version 4.6.3 (Ubuntu/Linaro 4.6.3-1ubuntu5) 
configure:2812: $? = 0
configure:2801: gcc -V >&5
gcc: error: unrecognized option '-V'
gcc: fatal error: no input files
compilation terminated.
configure:2812: $? = 4
configure:2801: gcc -qversion >&5
gcc: error: unrecognized option '-qversion'
gcc: fatal error: no input files
compilation terminated.
configure:2812: $? = 4
configure:2832: checking whether the C compiler works
configure:2854: gcc    conftest.c  >&5
configure:2858: $? = 0
configure:2906: result: yes
configure:2909: checking for C compiler default output file name
configure:2911: result: a.out
configure:2917: checking for suffix of executables
configure:2924: gcc -o conftest    conftest.c  >&5
configure:2928: $? = 0
configure:2950: result: 
configure:2972: checking whether we are cross compiling
configure:2980: gcc -o conftest    conftest.c  >&5
configure:2984: $? = 0
configure:2991: ./conftest
configure:2995: $? = 0
configure:3010: result: no
configure:3015: checking for suffix of object files
configure:3037: gcc -c   conftest.c >&5
configure:3041: $? = 0
configure:3062: result: o
configure:3066: checking whether we are using the GNU C compiler
configure:3085: gcc -c   conftest.c >&5
configure:3085: $? = 0
configure:3094: result: yes
configure:3103: checking whether gcc accepts -g
configure:3123: gcc -c -g  conftest.c >&5
configure:3123: $? = 0
configure:3164: result: yes
configure:3181: checking for gcc option to accept ISO C89
configure:3244: gcc  -c -g -O2  conftest.c >&5
configure:3244: $? = 0
configure:3257: result: none needed
configure:3327: checking for ar
configure:3343: found /usr/bin/ar
configure:3354: result: ar
configure:3380: checking the archiver (ar) interface
configure:3390: gcc -c -g -O2  conftest.c >&5
configure:3390: $? = 0
configure:3392: ar cru libconftest.a conftest.o >&5
configure:3395: $? = 0
configure:3418: result: ar
configure:3456: checking for a BSD-compatible install
configure:3524: result: /usr/bin/install -c
configure:3535: checking whether build environment is sane
configure:3590: result: yes
configure:3738: checking for a thread-safe mkdir -p
configure:3777: result: /bin/mkdir -p
configure:3784: checking for gawk
configure:3814: result: no
configure:3784: checking for mawk
configure:3800: found /usr/bin/mawk
configure:3811: result: mawk
configure:3822: checking whether make sets $(MAKE)
configure:3844: result: yes
configure:3874: checking for style of include used by make
configure:3902: result: GNU
configure:3988: checking how to create a ustar tar archive
configure:4001: tar --version
tar (GNU tar) 1.26
Copyright (C) 2011 Free Software Foundation, Inc.
License GPLv3+: GNU GPL version 3 or later <http://gnu.org/licenses/gpl.html>.
This is free software: you are free to change and redistribute it.
There is NO WARRANTY, to the extent permitted by law.

Written by John Gilmore and Jay Fenlason.
configure:4004: $? = 0
configure:4044: tardir=conftest.dir && eval tar --format=ustar -chf - "$tardir" >conftest.tar
configure:4047: $? = 0
configure:4051: tar -xf - <conftest.tar
configure:4054: $? = 0
configure:4067: result: gnutar
configure:4075: checking dependency style of gcc
configure:4186: result: gcc3
configure:4203: checking whether to enable maintainer-specific portions of Makefiles
configure:4212: result: no
configure:4236: checking whether make supports nested variables
configure:4253: result: yes
configure:4293: checking build system type
configure:4307: result: x86_64-unknown-linux-gnu
configure:4327: checking host system type
configure:4340: result: x86_64-unknown-linux-gnu
configure:4381: checking how to print strings
configure:4408: result: printf
configure:4429: checking for a sed that does not truncate output
configure:4493: result: /bin/sed
configure:4511: checking for grep that handles long lines and -e
configure:4569: result: /bin/grep
configure:4574: checking for egrep
configure:4636: result: /bin/grep -E
configure:4641: checking for fgrep
configure:4703: result: /bin/grep -F
configure:4738: checking for ld used by gcc
configure:4805: result: /usr/bin/ld
configure:4812: checking if the linker (/usr/bin/ld) is GNU ld
configure:4827: result: yes
configure:4839: checking for BSD- or MS-compatible name lister (nm)
configure:4888: result: /usr/bin/nm -B
configure:5018: checking the name lister (/usr/bin/nm -B) interface
configure:5025: gcc -c -g -O2  conftest.c >&5
configure:5028: /usr/bin/nm -B "conftest.o"
configure:5031: output
0000000000000000 B some_variable
configure:5038: result: BSD nm
configure:5041: checking whether ln -s works
configure:5045: result: yes
configure:5053: checking the maximum length of command line arguments
configure:5183: result: 1572864
configure:5200: checking whether the shell understands some XSI constructs
configure:5210: result: yes
configure:5214: checking whether the shell understands "+="
configure:5220: result: yes
configure:5255: checking how to convert x86_64-unknown-linux-gnu file names to x86_64-unknown-linux-gnu format
configure:5295: result: func_convert_file_noop
configure:5302: checking how to convert x86_64-unknown-linux-gnu file names to toolchain format
configure:5322: result: func_convert_file_noop
configure:5329: checking for /usr/bin/ld option to reload object files
configure:5336: result: -r
configure:5410: checking for objdump
configure:5426: found /usr/bin/objdump
configure:5437: result: objdump
configure:5469: checking how to recognize dependent libraries
configure:5671: result: pass_all
configure:5756: checking for dlltool
configure:5786: result: no
configure:5816: checking how to associate runtime and link libraries
configure:5843: result: printf %s\n
configure:5967: checking for archiver @FILE support
configure:5984: gcc -c -g -O2  conftest.c >&5
configure:5984: $? = 0
configure:5987: ar cru libconftest.a @conftest.lst >&5
configure:5990: $? = 0
configure:5995: ar cru libconftest.a @conftest.lst >&5
ar: conftest.o: No such file or directory
configure:5998: $? = 1
configure:6010: result: @
configure:6068: checking for strip
configure:6084: found /usr/bin/strip
configure:6095: result: strip
configure:6167: checking for ranlib
configure:6183: found /usr/bin/ranlib
configure:6194: result: ranlib
configure:6296: checking command to parse /usr/bin/nm -B output from gcc object
configure:6416: gcc -c -g -O2  conftest.c >&5
configure:6419: $? = 0
configure:6423: /usr/bin/nm -B conftest.o \| sed -n -e 's/^.*[ ]\([ABCDGIRSTW][ABCDGIRSTW]*\)[ ][ ]*\([_A-Za-z][_A-Za-z0-9]*\)$/\1 \2 \2/p' | sed '/ __gnu_lto/d' \> conftest.nm
configure:6426: $? = 0
configure:6492: gcc -o conftest -g -O2   conftest.c conftstm.o >&5
configure:6495: $? = 0
configure:6533: result: ok
configure:6570: checking for sysroot
configure:6600: result: no
configure:6677: gcc -c -g -O2  conftest.c >&5
configure:6680: $? = 0
configure:6856: checking for mt
configure:6872: found /bin/mt
configure:6883: result: mt
configure:6906: checking if mt is a manifest tool
configure:6912: mt '-?'
configure:6920: result: no
configure:7562: checking how to run the C preprocessor
configure:7593: gcc -E  conftest.c
configure:7593: $? = 0
configure:7607: gcc -E  conftest.c
conftest.c:11:28: fatal error: ac_nonexistent.h: No such file or directory
compilation terminated.
configure:7607: $? = 1
configure: failed program was:
| /* confdefs.h */
| #define PACKAGE_NAME "spice-common"
| #define PACKAGE_TARNAME "spice-common"
| #define PACKAGE_VERSION "UNKNOWN-dirty"
| #define PACKAGE_STRING "spice-common UNKNOWN-dirty"
| #define PACKAGE_BUGREPORT "spice-devel@lists.freedesktop.org"
| #define PACKAGE_URL ""
| #define PACKAGE "spice-common"
| #define VERSION "UNKNOWN-dirty"
| /* end confdefs.h.  */
| #include <ac_nonexistent.h>
configure:7632: result: gcc -E
configure:7652: gcc -E  conftest.c
configure:7652: $? = 0
configure:7666: gcc -E  conftest.c
conftest.c:11:28: fatal error: ac_nonexistent.h: No such file or directory
compilation terminated.
configure:7666: $? = 1
configure: failed program was:
| /* confdefs.h */
| #define PACKAGE_NAME "spice-common"
| #define PACKAGE_TARNAME "spice-common"
| #define PACKAGE_VERSION "UNKNOWN-dirty"
| #define PACKAGE_STRING "spice-common UNKNOWN-dirty"
| #define PACKAGE_BUGREPORT "spice-devel@lists.freedesktop.org"
| #define PACKAGE_URL ""
| #define PACKAGE "spice-common"
| #define VERSION "UNKNOWN-dirty"
| /* end confdefs.h.  */
| #include <ac_nonexistent.h>
configure:7695: checking for ANSI C header files
configure:7715: gcc -c -g -O2  conftest.c >&5
configure:7715: $? = 0
configure:7788: gcc -o conftest -g -O2   conftest.c  >&5
configure:7788: $? = 0
configure:7788: ./conftest
configure:7788: $? = 0
configure:7799: result: yes
configure:7812: checking for sys/types.h
configure:7812: gcc -c -g -O2  conftest.c >&5
configure:7812: $? = 0
configure:7812: result: yes
configure:7812: checking for sys/stat.h
configure:7812: gcc -c -g -O2  conftest.c >&5
configure:7812: $? = 0
configure:7812: result: yes
configure:7812: checking for stdlib.h
configure:7812: gcc -c -g -O2  conftest.c >&5
configure:7812: $? = 0
configure:7812: result: yes
configure:7812: checking for string.h
configure:7812: gcc -c -g -O2  conftest.c >&5
configure:7812: $? = 0
configure:7812: result: yes
configure:7812: checking for memory.h
configure:7812: gcc -c -g -O2  conftest.c >&5
configure:7812: $? = 0
configure:7812: result: yes
configure:7812: checking for strings.h
configure:7812: gcc -c -g -O2  conftest.c >&5
configure:7812: $? = 0
configure:7812: result: yes
configure:7812: checking for inttypes.h
configure:7812: gcc -c -g -O2  conftest.c >&5
configure:7812: $? = 0
configure:7812: result: yes
configure:7812: checking for stdint.h
configure:7812: gcc -c -g -O2  conftest.c >&5
configure:7812: $? = 0
configure:7812: result: yes
configure:7812: checking for unistd.h
configure:7812: gcc -c -g -O2  conftest.c >&5
configure:7812: $? = 0
configure:7812: result: yes
configure:7826: checking for dlfcn.h
configure:7826: gcc -c -g -O2  conftest.c >&5
configure:7826: $? = 0
configure:7826: result: yes
configure:8032: checking for objdir
configure:8047: result: .libs
configure:8318: checking if gcc supports -fno-rtti -fno-exceptions
configure:8336: gcc -c -g -O2  -fno-rtti -fno-exceptions conftest.c >&5
cc1: warning: command line option '-fno-rtti' is valid for C++/ObjC++ but not for C [enabled by default]
configure:8340: $? = 0
configure:8353: result: no
configure:8680: checking for gcc option to produce PIC
configure:8687: result: -fPIC -DPIC
configure:8695: checking if gcc PIC flag -fPIC -DPIC works
configure:8713: gcc -c -g -O2  -fPIC -DPIC -DPIC conftest.c >&5
configure:8717: $? = 0
configure:8730: result: yes
configure:8759: checking if gcc static flag -static works
configure:8787: result: yes
configure:8802: checking if gcc supports -c -o file.o
configure:8823: gcc -c -g -O2  -o out/conftest2.o conftest.c >&5
configure:8827: $? = 0
configure:8849: result: yes
configure:8857: checking if gcc supports -c -o file.o
configure:8904: result: yes
configure:8937: checking whether the gcc linker (/usr/bin/ld -m elf_x86_64) supports shared libraries
configure:10090: result: yes
configure:10127: checking whether -lc should be explicitly linked in
configure:10135: gcc -c -g -O2  conftest.c >&5
configure:10138: $? = 0
configure:10153: gcc -shared  -fPIC -DPIC conftest.o  -v -Wl,-soname -Wl,conftest -o conftest 2\>\&1 \| /bin/grep  -lc  \>/dev/null 2\>\&1
configure:10156: $? = 0
configure:10170: result: no
configure:10330: checking dynamic linker characteristics
configure:10841: gcc -o conftest -g -O2   -Wl,-rpath -Wl,/foo conftest.c  >&5
configure:10841: $? = 0
configure:11067: result: GNU/Linux ld.so
configure:11174: checking how to hardcode library paths into programs
configure:11199: result: immediate
configure:11739: checking whether stripping libraries is possible
configure:11744: result: yes
configure:11779: checking if libtool supports shared libraries
configure:11781: result: yes
configure:11784: checking whether to build shared libraries
configure:11805: result: yes
configure:11808: checking whether to build static libraries
configure:11812: result: yes
configure:11898: checking for gcc
configure:11925: result: gcc
configure:12154: checking for C compiler version
configure:12163: gcc --version >&5
gcc (Ubuntu/Linaro 4.6.3-1ubuntu5) 4.6.3
Copyright (C) 2011 Free Software Foundation, Inc.
This is free software; see the source for copying conditions.  There is NO
warranty; not even for MERCHANTABILITY or FITNESS FOR A PARTICULAR PURPOSE.

configure:12174: $? = 0
configure:12163: gcc -v >&5
Using built-in specs.
COLLECT_GCC=gcc
COLLECT_LTO_WRAPPER=/usr/lib/gcc/x86_64-linux-gnu/4.6/lto-wrapper
Target: x86_64-linux-gnu
Configured with: ../src/configure -v --with-pkgversion='Ubuntu/Linaro 4.6.3-1ubuntu5' --with-bugurl=file:///usr/share/doc/gcc-4.6/README.Bugs --enable-languages=c,c++,fortran,objc,obj-c++ --prefix=/usr --program-suffix=-4.6 --enable-shared --enable-linker-build-id --with-system-zlib --libexecdir=/usr/lib --without-included-gettext --enable-threads=posix --with-gxx-include-dir=/usr/include/c++/4.6 --libdir=/usr/lib --enable-nls --with-sysroot=/ --enable-clocale=gnu --enable-libstdcxx-debug --enable-libstdcxx-time=yes --enable-gnu-unique-object --enable-plugin --enable-objc-gc --disable-werror --with-arch-32=i686 --with-tune=generic --enable-checking=release --build=x86_64-linux-gnu --host=x86_64-linux-gnu --target=x86_64-linux-gnu
Thread model: posix
gcc version 4.6.3 (Ubuntu/Linaro 4.6.3-1ubuntu5) 
configure:12174: $? = 0
configure:12163: gcc -V >&5
gcc: error: unrecognized option '-V'
gcc: fatal error: no input files
compilation terminated.
configure:12174: $? = 4
configure:12163: gcc -qversion >&5
gcc: error: unrecognized option '-qversion'
gcc: fatal error: no input files
compilation terminated.
configure:12174: $? = 4
configure:12178: checking whether we are using the GNU C compiler
configure:12206: result: yes
configure:12215: checking whether gcc accepts -g
configure:12276: result: yes
configure:12293: checking for gcc option to accept ISO C89
configure:12369: result: none needed
configure:12389: checking for gcc option to accept ISO C99
configure:12538: gcc  -c -g -O2  conftest.c >&5
conftest.c:73:29: error: expected ';', ',' or ')' before 'text'
conftest.c: In function 'main':
conftest.c:127:18: error: expected '=', ',', ';', 'asm' or '__attribute__' before 'newvar'
conftest.c:127:18: error: 'newvar' undeclared (first use in this function)
conftest.c:127:18: note: each undeclared identifier is reported only once for each function it appears in
conftest.c:137:3: error: 'for' loop initial declarations are only allowed in C99 mode
conftest.c:137:3: note: use option -std=c99 or -std=gnu99 to compile your code
configure:12538: $? = 1
configure: failed program was:
| /* confdefs.h */
| #define PACKAGE_NAME "spice-common"
| #define PACKAGE_TARNAME "spice-common"
| #define PACKAGE_VERSION "UNKNOWN-dirty"
| #define PACKAGE_STRING "spice-common UNKNOWN-dirty"
| #define PACKAGE_BUGREPORT "spice-devel@lists.freedesktop.org"
| #define PACKAGE_URL ""
| #define PACKAGE "spice-common"
| #define VERSION "UNKNOWN-dirty"
| #define STDC_HEADERS 1
| #define HAVE_SYS_TYPES_H 1
| #define HAVE_SYS_STAT_H 1
| #define HAVE_STDLIB_H 1
| #define HAVE_STRING_H 1
| #define HAVE_MEMORY_H 1
| #define HAVE_STRINGS_H 1
| #define HAVE_INTTYPES_H 1
| #define HAVE_STDINT_H 1
| #define HAVE_UNISTD_H 1
| #define HAVE_DLFCN_H 1
| #define LT_OBJDIR ".libs/"
| /* end confdefs.h.  */
| #include <stdarg.h>
| #include <stdbool.h>
| #include <stdlib.h>
| #include <wchar.h>
| #include <stdio.h>
| 
| // Check varargs macros.  These examples are taken from C99 6.10.3.5.
| #define debug(...) fprintf (stderr, __VA_ARGS__)
| #define showlist(...) puts (#__VA_ARGS__)
| #define report(test,...) ((test) ? puts (#test) : printf (__VA_ARGS__))
| static void
| test_varargs_macros (void)
| {
|   int x = 1234;
|   int y = 5678;
|   debug ("Flag");
|   debug ("X = %d\n", x);
|   showlist (The first, second, and third items.);
|   report (x>y, "x is %d but y is %d", x, y);
| }
| 
| // Check long long types.
| #define BIG64 18446744073709551615ull
| #define BIG32 4294967295ul
| #define BIG_OK (BIG64 / BIG32 == 4294967297ull && BIG64 % BIG32 == 0)
| #if !BIG_OK
|   your preprocessor is broken;
| #endif
| #if BIG_OK
| #else
|   your preprocessor is broken;
| #endif
| static long long int bignum = -9223372036854775807LL;
| static unsigned long long int ubignum = BIG64;
| 
| struct incomplete_array
| {
|   int datasize;
|   double data[];
| };
| 
| struct named_init {
|   int number;
|   const wchar_t *name;
|   double average;
| };
| 
| typedef const char *ccp;
| 
| static inline int
| test_restrict (ccp restrict text)
| {
|   // See if C++-style comments work.
|   // Iterate through items via the restricted pointer.
|   // Also check for declarations in for loops.
|   for (unsigned int i = 0; *(text+i) != '\0'; ++i)
|     continue;
|   return 0;
| }
| 
| // Check varargs and va_copy.
| static void
| test_varargs (const char *format, ...)
| {
|   va_list args;
|   va_start (args, format);
|   va_list args_copy;
|   va_copy (args_copy, args);
| 
|   const char *str;
|   int number;
|   float fnumber;
| 
|   while (*format)
|     {
|       switch (*format++)
| 	{
| 	case 's': // string
| 	  str = va_arg (args_copy, const char *);
| 	  break;
| 	case 'd': // int
| 	  number = va_arg (args_copy, int);
| 	  break;
| 	case 'f': // float
| 	  fnumber = va_arg (args_copy, double);
| 	  break;
| 	default:
| 	  break;
| 	}
|     }
|   va_end (args_copy);
|   va_end (args);
| }
| 
| int
| main ()
| {
| 
|   // Check bool.
|   _Bool success = false;
| 
|   // Check restrict.
|   if (test_restrict ("String literal") == 0)
|     success = true;
|   char *restrict newvar = "Another string";
| 
|   // Check varargs.
|   test_varargs ("s, d' f .", "string", 65, 34.234);
|   test_varargs_macros ();
| 
|   // Check flexible array members.
|   struct incomplete_array *ia =
|     malloc (sizeof (struct incomplete_array) + (sizeof (double) * 10));
|   ia->datasize = 10;
|   for (int i = 0; i < ia->datasize; ++i)
|     ia->data[i] = i * 1.234;
| 
|   // Check named initializers.
|   struct named_init ni = {
|     .number = 34,
|     .name = L"Test wide string",
|     .average = 543.34343,
|   };
| 
|   ni.number = 58;
| 
|   int dynamic_array[ni.number];
|   dynamic_array[ni.number - 1] = 543;
| 
|   // work around unused variable warnings
|   return (!success || bignum == 0LL || ubignum == 0uLL || newvar[0] == 'x'
| 	  || dynamic_array[ni.number - 1] != 543);
| 
|   ;
|   return 0;
| }
configure:12538: gcc -std=gnu99 -c -g -O2  conftest.c >&5
configure:12538: $? = 0
configure:12558: result: -std=gnu99
configure:12570: checking whether gcc -std=gnu99 and cc understand -c and -o together
configure:12601: gcc -std=gnu99 -c conftest.c -o conftest2.o >&5
configure:12605: $? = 0
configure:12611: gcc -std=gnu99 -c conftest.c -o conftest2.o >&5
configure:12615: $? = 0
configure:12626: cc -c conftest.c >&5
configure:12630: $? = 0
configure:12638: cc -c conftest.c -o conftest2.o >&5
configure:12642: $? = 0
configure:12648: cc -c conftest.c -o conftest2.o >&5
configure:12652: $? = 0
configure:12670: result: yes
configure:12758: checking for pkg-config
configure:12776: found /usr/bin/pkg-config
configure:12788: result: /usr/bin/pkg-config
configure:12813: checking pkg-config is at least version 0.9.0
configure:12816: result: yes
configure:12826: checking for PIXMAN
configure:12833: $PKG_CONFIG --exists --print-errors "pixman-1 >= 0.17.7"
configure:12836: $? = 0
configure:12850: $PKG_CONFIG --exists --print-errors "pixman-1 >= 0.17.7"
configure:12853: $? = 0
configure:12911: result: yes
configure:12937: checking for SMARTCARD
configure:12944: $PKG_CONFIG --exists --print-errors "libcacard >= 0.1.2"
configure:12947: $? = 0
configure:12961: $PKG_CONFIG --exists --print-errors "libcacard >= 0.1.2"
configure:12964: $? = 0
configure:13022: result: yes
configure:13155: checking for X
configure:13263: gcc -E  conftest.c
configure:13263: $? = 0
configure:13294: gcc -std=gnu99 -o conftest -g -O2   conftest.c -lX11  >&5
configure:13294: $? = 0
configure:13344: result: libraries , headers 
configure:13348: checking for size_t
configure:13348: gcc -std=gnu99 -c -g -O2  conftest.c >&5
configure:13348: $? = 0
configure:13348: gcc -std=gnu99 -c -g -O2  conftest.c >&5
conftest.c: In function 'main':
conftest.c:60:21: error: expected expression before ')' token
configure:13348: $? = 1
configure: failed program was:
| /* confdefs.h */
| #define PACKAGE_NAME "spice-common"
| #define PACKAGE_TARNAME "spice-common"
| #define PACKAGE_VERSION "UNKNOWN-dirty"
| #define PACKAGE_STRING "spice-common UNKNOWN-dirty"
| #define PACKAGE_BUGREPORT "spice-devel@lists.freedesktop.org"
| #define PACKAGE_URL ""
| #define PACKAGE "spice-common"
| #define VERSION "UNKNOWN-dirty"
| #define STDC_HEADERS 1
| #define HAVE_SYS_TYPES_H 1
| #define HAVE_SYS_STAT_H 1
| #define HAVE_STDLIB_H 1
| #define HAVE_STRING_H 1
| #define HAVE_MEMORY_H 1
| #define HAVE_STRINGS_H 1
| #define HAVE_INTTYPES_H 1
| #define HAVE_STDINT_H 1
| #define HAVE_UNISTD_H 1
| #define HAVE_DLFCN_H 1
| #define LT_OBJDIR ".libs/"
| #define USE_SMARTCARD 1
| /* end confdefs.h.  */
| #include <stdio.h>
| #ifdef HAVE_SYS_TYPES_H
| # include <sys/types.h>
| #endif
| #ifdef HAVE_SYS_STAT_H
| # include <sys/stat.h>
| #endif
| #ifdef STDC_HEADERS
| # include <stdlib.h>
| # include <stddef.h>
| #else
| # ifdef HAVE_STDLIB_H
| #  include <stdlib.h>
| # endif
| #endif
| #ifdef HAVE_STRING_H
| # if !defined STDC_HEADERS && defined HAVE_MEMORY_H
| #  include <memory.h>
| # endif
| # include <string.h>
| #endif
| #ifdef HAVE_STRINGS_H
| # include <strings.h>
| #endif
| #ifdef HAVE_INTTYPES_H
| # include <inttypes.h>
| #endif
| #ifdef HAVE_STDINT_H
| # include <stdint.h>
| #endif
| #ifdef HAVE_UNISTD_H
| # include <unistd.h>
| #endif
| int
| main ()
| {
| if (sizeof ((size_t)))
| 	    return 0;
|   ;
|   return 0;
| }
configure:13348: result: yes
configure:13361: checking for working alloca.h
configure:13378: gcc -std=gnu99 -o conftest -g -O2   conftest.c  >&5
configure:13378: $? = 0
configure:13386: result: yes
configure:13394: checking for alloca
configure:13431: gcc -std=gnu99 -o conftest -g -O2   conftest.c  >&5
configure:13431: $? = 0
configure:13439: result: yes
configure:13548: checking arpa/inet.h usability
configure:13548: gcc -std=gnu99 -c -g -O2  conftest.c >&5
configure:13548: $? = 0
configure:13548: result: yes
configure:13548: checking arpa/inet.h presence
configure:13548: gcc -E  conftest.c
configure:13548: $? = 0
configure:13548: result: yes
configure:13548: checking for arpa/inet.h
configure:13548: result: yes
configure:13548: checking malloc.h usability
configure:13548: gcc -std=gnu99 -c -g -O2  conftest.c >&5
configure:13548: $? = 0
configure:13548: result: yes
configure:13548: checking malloc.h presence
configure:13548: gcc -E  conftest.c
configure:13548: $? = 0
configure:13548: result: yes
configure:13548: checking for malloc.h
configure:13548: result: yes
configure:13548: checking netinet/in.h usability
configure:13548: gcc -std=gnu99 -c -g -O2  conftest.c >&5
configure:13548: $? = 0
configure:13548: result: yes
configure:13548: checking netinet/in.h presence
configure:13548: gcc -E  conftest.c
configure:13548: $? = 0
configure:13548: result: yes
configure:13548: checking for netinet/in.h
configure:13548: result: yes
configure:13548: checking stddef.h usability
configure:13548: gcc -std=gnu99 -c -g -O2  conftest.c >&5
configure:13548: $? = 0
configure:13548: result: yes
configure:13548: checking stddef.h presence
configure:13548: gcc -E  conftest.c
configure:13548: $? = 0
configure:13548: result: yes
configure:13548: checking for stddef.h
configure:13548: result: yes
configure:13548: checking for stdint.h
configure:13548: result: yes
configure:13548: checking for stdlib.h
configure:13548: result: yes
configure:13548: checking for string.h
configure:13548: result: yes
configure:13548: checking sys/socket.h usability
configure:13548: gcc -std=gnu99 -c -g -O2  conftest.c >&5
configure:13548: $? = 0
configure:13548: result: yes
configure:13548: checking sys/socket.h presence
configure:13548: gcc -E  conftest.c
configure:13548: $? = 0
configure:13548: result: yes
configure:13548: checking for sys/socket.h
configure:13548: result: yes
configure:13548: checking for unistd.h
configure:13548: result: yes
configure:13560: checking for inline
configure:13576: gcc -std=gnu99 -c -g -O2  conftest.c >&5
configure:13576: $? = 0
configure:13584: result: inline
configure:13602: checking for int16_t
configure:13602: gcc -std=gnu99 -c -g -O2  conftest.c >&5
configure:13602: $? = 0
configure:13602: gcc -std=gnu99 -c -g -O2  conftest.c >&5
conftest.c: In function 'main':
conftest.c:72:12: error: size of array 'test_array' is negative
configure:13602: $? = 1
configure: failed program was:
| /* confdefs.h */
| #define PACKAGE_NAME "spice-common"
| #define PACKAGE_TARNAME "spice-common"
| #define PACKAGE_VERSION "UNKNOWN-dirty"
| #define PACKAGE_STRING "spice-common UNKNOWN-dirty"
| #define PACKAGE_BUGREPORT "spice-devel@lists.freedesktop.org"
| #define PACKAGE_URL ""
| #define PACKAGE "spice-common"
| #define VERSION "UNKNOWN-dirty"
| #define STDC_HEADERS 1
| #define HAVE_SYS_TYPES_H 1
| #define HAVE_SYS_STAT_H 1
| #define HAVE_STDLIB_H 1
| #define HAVE_STRING_H 1
| #define HAVE_MEMORY_H 1
| #define HAVE_STRINGS_H 1
| #define HAVE_INTTYPES_H 1
| #define HAVE_STDINT_H 1
| #define HAVE_UNISTD_H 1
| #define HAVE_DLFCN_H 1
| #define LT_OBJDIR ".libs/"
| #define USE_SMARTCARD 1
| #define HAVE_ALLOCA_H 1
| #define HAVE_ALLOCA 1
| #define HAVE_ARPA_INET_H 1
| #define HAVE_MALLOC_H 1
| #define HAVE_NETINET_IN_H 1
| #define HAVE_STDDEF_H 1
| #define HAVE_STDINT_H 1
| #define HAVE_STDLIB_H 1
| #define HAVE_STRING_H 1
| #define HAVE_SYS_SOCKET_H 1
| #define HAVE_UNISTD_H 1
| /* end confdefs.h.  */
| #include <stdio.h>
| #ifdef HAVE_SYS_TYPES_H
| # include <sys/types.h>
| #endif
| #ifdef HAVE_SYS_STAT_H
| # include <sys/stat.h>
| #endif
| #ifdef STDC_HEADERS
| # include <stdlib.h>
| # include <stddef.h>
| #else
| # ifdef HAVE_STDLIB_H
| #  include <stdlib.h>
| # endif
| #endif
| #ifdef HAVE_STRING_H
| # if !defined STDC_HEADERS && defined HAVE_MEMORY_H
| #  include <memory.h>
| # endif
| # include <string.h>
| #endif
| #ifdef HAVE_STRINGS_H
| # include <strings.h>
| #endif
| #ifdef HAVE_INTTYPES_H
| # include <inttypes.h>
| #endif
| #ifdef HAVE_STDINT_H
| # include <stdint.h>
| #endif
| #ifdef HAVE_UNISTD_H
| # include <unistd.h>
| #endif
| 	        enum { N = 16 / 2 - 1 };
| int
| main ()
| {
| static int test_array [1 - 2 * !((int16_t) (((((int16_t) 1 << N) << N) - 1) * 2 + 1)
| 		 < (int16_t) (((((int16_t) 1 << N) << N) - 1) * 2 + 2))];
| test_array [0] = 0;
| return test_array [0];
| 
|   ;
|   return 0;
| }
configure:13602: result: yes
configure:13613: checking for int32_t
configure:13613: gcc -std=gnu99 -c -g -O2  conftest.c >&5
configure:13613: $? = 0
configure:13613: gcc -std=gnu99 -c -g -O2  conftest.c >&5
conftest.c: In function 'main':
conftest.c:73:53: warning: integer overflow in expression [-Woverflow]
conftest.c:72:12: error: size of array 'test_array' is negative
conftest.c:72:12: error: storage size of 'test_array' isn't constant
configure:13613: $? = 1
configure: failed program was:
| /* confdefs.h */
| #define PACKAGE_NAME "spice-common"
| #define PACKAGE_TARNAME "spice-common"
| #define PACKAGE_VERSION "UNKNOWN-dirty"
| #define PACKAGE_STRING "spice-common UNKNOWN-dirty"
| #define PACKAGE_BUGREPORT "spice-devel@lists.freedesktop.org"
| #define PACKAGE_URL ""
| #define PACKAGE "spice-common"
| #define VERSION "UNKNOWN-dirty"
| #define STDC_HEADERS 1
| #define HAVE_SYS_TYPES_H 1
| #define HAVE_SYS_STAT_H 1
| #define HAVE_STDLIB_H 1
| #define HAVE_STRING_H 1
| #define HAVE_MEMORY_H 1
| #define HAVE_STRINGS_H 1
| #define HAVE_INTTYPES_H 1
| #define HAVE_STDINT_H 1
| #define HAVE_UNISTD_H 1
| #define HAVE_DLFCN_H 1
| #define LT_OBJDIR ".libs/"
| #define USE_SMARTCARD 1
| #define HAVE_ALLOCA_H 1
| #define HAVE_ALLOCA 1
| #define HAVE_ARPA_INET_H 1
| #define HAVE_MALLOC_H 1
| #define HAVE_NETINET_IN_H 1
| #define HAVE_STDDEF_H 1
| #define HAVE_STDINT_H 1
| #define HAVE_STDLIB_H 1
| #define HAVE_STRING_H 1
| #define HAVE_SYS_SOCKET_H 1
| #define HAVE_UNISTD_H 1
| /* end confdefs.h.  */
| #include <stdio.h>
| #ifdef HAVE_SYS_TYPES_H
| # include <sys/types.h>
| #endif
| #ifdef HAVE_SYS_STAT_H
| # include <sys/stat.h>
| #endif
| #ifdef STDC_HEADERS
| # include <stdlib.h>
| # include <stddef.h>
| #else
| # ifdef HAVE_STDLIB_H
| #  include <stdlib.h>
| # endif
| #endif
| #ifdef HAVE_STRING_H
| # if !defined STDC_HEADERS && defined HAVE_MEMORY_H
| #  include <memory.h>
| # endif
| # include <string.h>
| #endif
| #ifdef HAVE_STRINGS_H
| # include <strings.h>
| #endif
| #ifdef HAVE_INTTYPES_H
| # include <inttypes.h>
| #endif
| #ifdef HAVE_STDINT_H
| # include <stdint.h>
| #endif
| #ifdef HAVE_UNISTD_H
| # include <unistd.h>
| #endif
| 	        enum { N = 32 / 2 - 1 };
| int
| main ()
| {
| static int test_array [1 - 2 * !((int32_t) (((((int32_t) 1 << N) << N) - 1) * 2 + 1)
| 		 < (int32_t) (((((int32_t) 1 << N) << N) - 1) * 2 + 2))];
| test_array [0] = 0;
| return test_array [0];
| 
|   ;
|   return 0;
| }
configure:13613: result: yes
configure:13624: checking for int64_t
configure:13624: gcc -std=gnu99 -c -g -O2  conftest.c >&5
configure:13624: $? = 0
configure:13624: gcc -std=gnu99 -c -g -O2  conftest.c >&5
conftest.c: In function 'main':
conftest.c:73:53: warning: integer overflow in expression [-Woverflow]
conftest.c:72:12: error: size of array 'test_array' is negative
conftest.c:72:12: error: storage size of 'test_array' isn't constant
configure:13624: $? = 1
configure: failed program was:
| /* confdefs.h */
| #define PACKAGE_NAME "spice-common"
| #define PACKAGE_TARNAME "spice-common"
| #define PACKAGE_VERSION "UNKNOWN-dirty"
| #define PACKAGE_STRING "spice-common UNKNOWN-dirty"
| #define PACKAGE_BUGREPORT "spice-devel@lists.freedesktop.org"
| #define PACKAGE_URL ""
| #define PACKAGE "spice-common"
| #define VERSION "UNKNOWN-dirty"
| #define STDC_HEADERS 1
| #define HAVE_SYS_TYPES_H 1
| #define HAVE_SYS_STAT_H 1
| #define HAVE_STDLIB_H 1
| #define HAVE_STRING_H 1
| #define HAVE_MEMORY_H 1
| #define HAVE_STRINGS_H 1
| #define HAVE_INTTYPES_H 1
| #define HAVE_STDINT_H 1
| #define HAVE_UNISTD_H 1
| #define HAVE_DLFCN_H 1
| #define LT_OBJDIR ".libs/"
| #define USE_SMARTCARD 1
| #define HAVE_ALLOCA_H 1
| #define HAVE_ALLOCA 1
| #define HAVE_ARPA_INET_H 1
| #define HAVE_MALLOC_H 1
| #define HAVE_NETINET_IN_H 1
| #define HAVE_STDDEF_H 1
| #define HAVE_STDINT_H 1
| #define HAVE_STDLIB_H 1
| #define HAVE_STRING_H 1
| #define HAVE_SYS_SOCKET_H 1
| #define HAVE_UNISTD_H 1
| /* end confdefs.h.  */
| #include <stdio.h>
| #ifdef HAVE_SYS_TYPES_H
| # include <sys/types.h>
| #endif
| #ifdef HAVE_SYS_STAT_H
| # include <sys/stat.h>
| #endif
| #ifdef STDC_HEADERS
| # include <stdlib.h>
| # include <stddef.h>
| #else
| # ifdef HAVE_STDLIB_H
| #  include <stdlib.h>
| # endif
| #endif
| #ifdef HAVE_STRING_H
| # if !defined STDC_HEADERS && defined HAVE_MEMORY_H
| #  include <memory.h>
| # endif
| # include <string.h>
| #endif
| #ifdef HAVE_STRINGS_H
| # include <strings.h>
| #endif
| #ifdef HAVE_INTTYPES_H
| # include <inttypes.h>
| #endif
| #ifdef HAVE_STDINT_H
| # include <stdint.h>
| #endif
| #ifdef HAVE_UNISTD_H
| # include <unistd.h>
| #endif
| 	        enum { N = 64 / 2 - 1 };
| int
| main ()
| {
| static int test_array [1 - 2 * !((int64_t) (((((int64_t) 1 << N) << N) - 1) * 2 + 1)
| 		 < (int64_t) (((((int64_t) 1 << N) << N) - 1) * 2 + 2))];
| test_array [0] = 0;
| return test_array [0];
| 
|   ;
|   return 0;
| }
configure:13624: result: yes
configure:13635: checking for int8_t
configure:13635: gcc -std=gnu99 -c -g -O2  conftest.c >&5
configure:13635: $? = 0
configure:13635: gcc -std=gnu99 -c -g -O2  conftest.c >&5
conftest.c: In function 'main':
conftest.c:72:12: error: size of array 'test_array' is negative
configure:13635: $? = 1
configure: failed program was:
| /* confdefs.h */
| #define PACKAGE_NAME "spice-common"
| #define PACKAGE_TARNAME "spice-common"
| #define PACKAGE_VERSION "UNKNOWN-dirty"
| #define PACKAGE_STRING "spice-common UNKNOWN-dirty"
| #define PACKAGE_BUGREPORT "spice-devel@lists.freedesktop.org"
| #define PACKAGE_URL ""
| #define PACKAGE "spice-common"
| #define VERSION "UNKNOWN-dirty"
| #define STDC_HEADERS 1
| #define HAVE_SYS_TYPES_H 1
| #define HAVE_SYS_STAT_H 1
| #define HAVE_STDLIB_H 1
| #define HAVE_STRING_H 1
| #define HAVE_MEMORY_H 1
| #define HAVE_STRINGS_H 1
| #define HAVE_INTTYPES_H 1
| #define HAVE_STDINT_H 1
| #define HAVE_UNISTD_H 1
| #define HAVE_DLFCN_H 1
| #define LT_OBJDIR ".libs/"
| #define USE_SMARTCARD 1
| #define HAVE_ALLOCA_H 1
| #define HAVE_ALLOCA 1
| #define HAVE_ARPA_INET_H 1
| #define HAVE_MALLOC_H 1
| #define HAVE_NETINET_IN_H 1
| #define HAVE_STDDEF_H 1
| #define HAVE_STDINT_H 1
| #define HAVE_STDLIB_H 1
| #define HAVE_STRING_H 1
| #define HAVE_SYS_SOCKET_H 1
| #define HAVE_UNISTD_H 1
| /* end confdefs.h.  */
| #include <stdio.h>
| #ifdef HAVE_SYS_TYPES_H
| # include <sys/types.h>
| #endif
| #ifdef HAVE_SYS_STAT_H
| # include <sys/stat.h>
| #endif
| #ifdef STDC_HEADERS
| # include <stdlib.h>
| # include <stddef.h>
| #else
| # ifdef HAVE_STDLIB_H
| #  include <stdlib.h>
| # endif
| #endif
| #ifdef HAVE_STRING_H
| # if !defined STDC_HEADERS && defined HAVE_MEMORY_H
| #  include <memory.h>
| # endif
| # include <string.h>
| #endif
| #ifdef HAVE_STRINGS_H
| # include <strings.h>
| #endif
| #ifdef HAVE_INTTYPES_H
| # include <inttypes.h>
| #endif
| #ifdef HAVE_STDINT_H
| # include <stdint.h>
| #endif
| #ifdef HAVE_UNISTD_H
| # include <unistd.h>
| #endif
| 	        enum { N = 8 / 2 - 1 };
| int
| main ()
| {
| static int test_array [1 - 2 * !((int8_t) (((((int8_t) 1 << N) << N) - 1) * 2 + 1)
| 		 < (int8_t) (((((int8_t) 1 << N) << N) - 1) * 2 + 2))];
| test_array [0] = 0;
| return test_array [0];
| 
|   ;
|   return 0;
| }
configure:13635: result: yes
configure:13646: checking for pid_t
configure:13646: gcc -std=gnu99 -c -g -O2  conftest.c >&5
configure:13646: $? = 0
configure:13646: gcc -std=gnu99 -c -g -O2  conftest.c >&5
conftest.c: In function 'main':
conftest.c:71:20: error: expected expression before ')' token
configure:13646: $? = 1
configure: failed program was:
| /* confdefs.h */
| #define PACKAGE_NAME "spice-common"
| #define PACKAGE_TARNAME "spice-common"
| #define PACKAGE_VERSION "UNKNOWN-dirty"
| #define PACKAGE_STRING "spice-common UNKNOWN-dirty"
| #define PACKAGE_BUGREPORT "spice-devel@lists.freedesktop.org"
| #define PACKAGE_URL ""
| #define PACKAGE "spice-common"
| #define VERSION "UNKNOWN-dirty"
| #define STDC_HEADERS 1
| #define HAVE_SYS_TYPES_H 1
| #define HAVE_SYS_STAT_H 1
| #define HAVE_STDLIB_H 1
| #define HAVE_STRING_H 1
| #define HAVE_MEMORY_H 1
| #define HAVE_STRINGS_H 1
| #define HAVE_INTTYPES_H 1
| #define HAVE_STDINT_H 1
| #define HAVE_UNISTD_H 1
| #define HAVE_DLFCN_H 1
| #define LT_OBJDIR ".libs/"
| #define USE_SMARTCARD 1
| #define HAVE_ALLOCA_H 1
| #define HAVE_ALLOCA 1
| #define HAVE_ARPA_INET_H 1
| #define HAVE_MALLOC_H 1
| #define HAVE_NETINET_IN_H 1
| #define HAVE_STDDEF_H 1
| #define HAVE_STDINT_H 1
| #define HAVE_STDLIB_H 1
| #define HAVE_STRING_H 1
| #define HAVE_SYS_SOCKET_H 1
| #define HAVE_UNISTD_H 1
| /* end confdefs.h.  */
| #include <stdio.h>
| #ifdef HAVE_SYS_TYPES_H
| # include <sys/types.h>
| #endif
| #ifdef HAVE_SYS_STAT_H
| # include <sys/stat.h>
| #endif
| #ifdef STDC_HEADERS
| # include <stdlib.h>
| # include <stddef.h>
| #else
| # ifdef HAVE_STDLIB_H
| #  include <stdlib.h>
| # endif
| #endif
| #ifdef HAVE_STRING_H
| # if !defined STDC_HEADERS && defined HAVE_MEMORY_H
| #  include <memory.h>
| # endif
| # include <string.h>
| #endif
| #ifdef HAVE_STRINGS_H
| # include <strings.h>
| #endif
| #ifdef HAVE_INTTYPES_H
| # include <inttypes.h>
| #endif
| #ifdef HAVE_STDINT_H
| # include <stdint.h>
| #endif
| #ifdef HAVE_UNISTD_H
| # include <unistd.h>
| #endif
| int
| main ()
| {
| if (sizeof ((pid_t)))
| 	    return 0;
|   ;
|   return 0;
| }
configure:13646: result: yes
configure:13657: checking for size_t
configure:13657: result: yes
configure:13668: checking for uint16_t
configure:13668: gcc -std=gnu99 -c -g -O2  conftest.c >&5
configure:13668: $? = 0
configure:13668: result: yes
configure:13680: checking for uint32_t
configure:13680: gcc -std=gnu99 -c -g -O2  conftest.c >&5
configure:13680: $? = 0
configure:13680: result: yes
configure:13694: checking for uint64_t
configure:13694: gcc -std=gnu99 -c -g -O2  conftest.c >&5
configure:13694: $? = 0
configure:13694: result: yes
configure:13708: checking for uint8_t
configure:13708: gcc -std=gnu99 -c -g -O2  conftest.c >&5
configure:13708: $? = 0
configure:13708: result: yes
configure:13725: checking for error_at_line
configure:13741: gcc -std=gnu99 -o conftest -g -O2   conftest.c  >&5
configure:13741: $? = 0
configure:13749: result: yes
configure:13762: checking vfork.h usability
configure:13762: gcc -std=gnu99 -c -g -O2  conftest.c >&5
conftest.c:68:19: fatal error: vfork.h: No such file or directory
compilation terminated.
configure:13762: $? = 1
configure: failed program was:
| /* confdefs.h */
| #define PACKAGE_NAME "spice-common"
| #define PACKAGE_TARNAME "spice-common"
| #define PACKAGE_VERSION "UNKNOWN-dirty"
| #define PACKAGE_STRING "spice-common UNKNOWN-dirty"
| #define PACKAGE_BUGREPORT "spice-devel@lists.freedesktop.org"
| #define PACKAGE_URL ""
| #define PACKAGE "spice-common"
| #define VERSION "UNKNOWN-dirty"
| #define STDC_HEADERS 1
| #define HAVE_SYS_TYPES_H 1
| #define HAVE_SYS_STAT_H 1
| #define HAVE_STDLIB_H 1
| #define HAVE_STRING_H 1
| #define HAVE_MEMORY_H 1
| #define HAVE_STRINGS_H 1
| #define HAVE_INTTYPES_H 1
| #define HAVE_STDINT_H 1
| #define HAVE_UNISTD_H 1
| #define HAVE_DLFCN_H 1
| #define LT_OBJDIR ".libs/"
| #define USE_SMARTCARD 1
| #define HAVE_ALLOCA_H 1
| #define HAVE_ALLOCA 1
| #define HAVE_ARPA_INET_H 1
| #define HAVE_MALLOC_H 1
| #define HAVE_NETINET_IN_H 1
| #define HAVE_STDDEF_H 1
| #define HAVE_STDINT_H 1
| #define HAVE_STDLIB_H 1
| #define HAVE_STRING_H 1
| #define HAVE_SYS_SOCKET_H 1
| #define HAVE_UNISTD_H 1
| /* end confdefs.h.  */
| #include <stdio.h>
| #ifdef HAVE_SYS_TYPES_H
| # include <sys/types.h>
| #endif
| #ifdef HAVE_SYS_STAT_H
| # include <sys/stat.h>
| #endif
| #ifdef STDC_HEADERS
| # include <stdlib.h>
| # include <stddef.h>
| #else
| # ifdef HAVE_STDLIB_H
| #  include <stdlib.h>
| # endif
| #endif
| #ifdef HAVE_STRING_H
| # if !defined STDC_HEADERS && defined HAVE_MEMORY_H
| #  include <memory.h>
| # endif
| # include <string.h>
| #endif
| #ifdef HAVE_STRINGS_H
| # include <strings.h>
| #endif
| #ifdef HAVE_INTTYPES_H
| # include <inttypes.h>
| #endif
| #ifdef HAVE_STDINT_H
| # include <stdint.h>
| #endif
| #ifdef HAVE_UNISTD_H
| # include <unistd.h>
| #endif
| #include <vfork.h>
configure:13762: result: no
configure:13762: checking vfork.h presence
configure:13762: gcc -E  conftest.c
conftest.c:35:19: fatal error: vfork.h: No such file or directory
compilation terminated.
configure:13762: $? = 1
configure: failed program was:
| /* confdefs.h */
| #define PACKAGE_NAME "spice-common"
| #define PACKAGE_TARNAME "spice-common"
| #define PACKAGE_VERSION "UNKNOWN-dirty"
| #define PACKAGE_STRING "spice-common UNKNOWN-dirty"
| #define PACKAGE_BUGREPORT "spice-devel@lists.freedesktop.org"
| #define PACKAGE_URL ""
| #define PACKAGE "spice-common"
| #define VERSION "UNKNOWN-dirty"
| #define STDC_HEADERS 1
| #define HAVE_SYS_TYPES_H 1
| #define HAVE_SYS_STAT_H 1
| #define HAVE_STDLIB_H 1
| #define HAVE_STRING_H 1
| #define HAVE_MEMORY_H 1
| #define HAVE_STRINGS_H 1
| #define HAVE_INTTYPES_H 1
| #define HAVE_STDINT_H 1
| #define HAVE_UNISTD_H 1
| #define HAVE_DLFCN_H 1
| #define LT_OBJDIR ".libs/"
| #define USE_SMARTCARD 1
| #define HAVE_ALLOCA_H 1
| #define HAVE_ALLOCA 1
| #define HAVE_ARPA_INET_H 1
| #define HAVE_MALLOC_H 1
| #define HAVE_NETINET_IN_H 1
| #define HAVE_STDDEF_H 1
| #define HAVE_STDINT_H 1
| #define HAVE_STDLIB_H 1
| #define HAVE_STRING_H 1
| #define HAVE_SYS_SOCKET_H 1
| #define HAVE_UNISTD_H 1
| /* end confdefs.h.  */
| #include <vfork.h>
configure:13762: result: no
configure:13762: checking for vfork.h
configure:13762: result: no
configure:13775: checking for fork
configure:13775: gcc -std=gnu99 -o conftest -g -O2   conftest.c  >&5
conftest.c:58:6: warning: conflicting types for built-in function 'fork' [enabled by default]
configure:13775: $? = 0
configure:13775: result: yes
configure:13775: checking for vfork
configure:13775: gcc -std=gnu99 -o conftest -g -O2   conftest.c  >&5
configure:13775: $? = 0
configure:13775: result: yes
configure:13785: checking for working fork
configure:13807: gcc -std=gnu99 -o conftest -g -O2   conftest.c  >&5
configure:13807: $? = 0
configure:13807: ./conftest
configure:13807: $? = 0
configure:13817: result: yes
configure:13838: checking for working vfork
configure:13948: result: yes
configure:13976: checking for dup2
configure:13976: gcc -std=gnu99 -o conftest -g -O2   conftest.c  >&5
configure:13976: $? = 0
configure:13976: result: yes
configure:13976: checking for floor
configure:13976: gcc -std=gnu99 -o conftest -g -O2   conftest.c  >&5
conftest.c:63:6: warning: conflicting types for built-in function 'floor' [enabled by default]
/tmp/ccVu6PI5.o: In function `main':
/var/www/spice/misc/spice-0.12.0/spice-common/conftest.c:74: undefined reference to `floor'
collect2: ld returned 1 exit status
configure:13976: $? = 1
configure: failed program was:
| /* confdefs.h */
| #define PACKAGE_NAME "spice-common"
| #define PACKAGE_TARNAME "spice-common"
| #define PACKAGE_VERSION "UNKNOWN-dirty"
| #define PACKAGE_STRING "spice-common UNKNOWN-dirty"
| #define PACKAGE_BUGREPORT "spice-devel@lists.freedesktop.org"
| #define PACKAGE_URL ""
| #define PACKAGE "spice-common"
| #define VERSION "UNKNOWN-dirty"
| #define STDC_HEADERS 1
| #define HAVE_SYS_TYPES_H 1
| #define HAVE_SYS_STAT_H 1
| #define HAVE_STDLIB_H 1
| #define HAVE_STRING_H 1
| #define HAVE_MEMORY_H 1
| #define HAVE_STRINGS_H 1
| #define HAVE_INTTYPES_H 1
| #define HAVE_STDINT_H 1
| #define HAVE_UNISTD_H 1
| #define HAVE_DLFCN_H 1
| #define LT_OBJDIR ".libs/"
| #define USE_SMARTCARD 1
| #define HAVE_ALLOCA_H 1
| #define HAVE_ALLOCA 1
| #define HAVE_ARPA_INET_H 1
| #define HAVE_MALLOC_H 1
| #define HAVE_NETINET_IN_H 1
| #define HAVE_STDDEF_H 1
| #define HAVE_STDINT_H 1
| #define HAVE_STDLIB_H 1
| #define HAVE_STRING_H 1
| #define HAVE_SYS_SOCKET_H 1
| #define HAVE_UNISTD_H 1
| #define HAVE_FORK 1
| #define HAVE_VFORK 1
| #define HAVE_WORKING_VFORK 1
| #define HAVE_WORKING_FORK 1
| #define HAVE_DUP2 1
| /* end confdefs.h.  */
| /* Define floor to an innocuous variant, in case <limits.h> declares floor.
|    For example, HP-UX 11i <limits.h> declares gettimeofday.  */
| #define floor innocuous_floor
| 
| /* System header to define __stub macros and hopefully few prototypes,
|     which can conflict with char floor (); below.
|     Prefer <limits.h> to <assert.h> if __STDC__ is defined, since
|     <limits.h> exists even on freestanding compilers.  */
| 
| #ifdef __STDC__
| # include <limits.h>
| #else
| # include <assert.h>
| #endif
| 
| #undef floor
| 
| /* Override any GCC internal prototype to avoid an error.
|    Use char because int might match the return type of a GCC
|    builtin and then its argument prototype would still apply.  */
| #ifdef __cplusplus
| extern "C"
| #endif
| char floor ();
| /* The GNU C library defines this for functions which it implements
|     to always fail with ENOSYS.  Some functions are actually named
|     something starting with __ and the normal name is an alias.  */
| #if defined __stub_floor || defined __stub___floor
| choke me
| #endif
| 
| int
| main ()
| {
| return floor ();
|   ;
|   return 0;
| }
configure:13976: result: no
configure:13976: checking for inet_ntoa
configure:13976: gcc -std=gnu99 -o conftest -g -O2   conftest.c  >&5
configure:13976: $? = 0
configure:13976: result: yes
configure:13976: checking for memmove
configure:13976: gcc -std=gnu99 -o conftest -g -O2   conftest.c  >&5
conftest.c:64:6: warning: conflicting types for built-in function 'memmove' [enabled by default]
configure:13976: $? = 0
configure:13976: result: yes
configure:13976: checking for memset
configure:13976: gcc -std=gnu99 -o conftest -g -O2   conftest.c  >&5
conftest.c:65:6: warning: conflicting types for built-in function 'memset' [enabled by default]
configure:13976: $? = 0
configure:13976: result: yes
configure:13976: checking for pow
configure:13976: gcc -std=gnu99 -o conftest -g -O2   conftest.c  >&5
conftest.c:66:6: warning: conflicting types for built-in function 'pow' [enabled by default]
/tmp/cc4Smj9q.o: In function `main':
/var/www/spice/misc/spice-0.12.0/spice-common/conftest.c:77: undefined reference to `pow'
collect2: ld returned 1 exit status
configure:13976: $? = 1
configure: failed program was:
| /* confdefs.h */
| #define PACKAGE_NAME "spice-common"
| #define PACKAGE_TARNAME "spice-common"
| #define PACKAGE_VERSION "UNKNOWN-dirty"
| #define PACKAGE_STRING "spice-common UNKNOWN-dirty"
| #define PACKAGE_BUGREPORT "spice-devel@lists.freedesktop.org"
| #define PACKAGE_URL ""
| #define PACKAGE "spice-common"
| #define VERSION "UNKNOWN-dirty"
| #define STDC_HEADERS 1
| #define HAVE_SYS_TYPES_H 1
| #define HAVE_SYS_STAT_H 1
| #define HAVE_STDLIB_H 1
| #define HAVE_STRING_H 1
| #define HAVE_MEMORY_H 1
| #define HAVE_STRINGS_H 1
| #define HAVE_INTTYPES_H 1
| #define HAVE_STDINT_H 1
| #define HAVE_UNISTD_H 1
| #define HAVE_DLFCN_H 1
| #define LT_OBJDIR ".libs/"
| #define USE_SMARTCARD 1
| #define HAVE_ALLOCA_H 1
| #define HAVE_ALLOCA 1
| #define HAVE_ARPA_INET_H 1
| #define HAVE_MALLOC_H 1
| #define HAVE_NETINET_IN_H 1
| #define HAVE_STDDEF_H 1
| #define HAVE_STDINT_H 1
| #define HAVE_STDLIB_H 1
| #define HAVE_STRING_H 1
| #define HAVE_SYS_SOCKET_H 1
| #define HAVE_UNISTD_H 1
| #define HAVE_FORK 1
| #define HAVE_VFORK 1
| #define HAVE_WORKING_VFORK 1
| #define HAVE_WORKING_FORK 1
| #define HAVE_DUP2 1
| #define HAVE_INET_NTOA 1
| #define HAVE_MEMMOVE 1
| #define HAVE_MEMSET 1
| /* end confdefs.h.  */
| /* Define pow to an innocuous variant, in case <limits.h> declares pow.
|    For example, HP-UX 11i <limits.h> declares gettimeofday.  */
| #define pow innocuous_pow
| 
| /* System header to define __stub macros and hopefully few prototypes,
|     which can conflict with char pow (); below.
|     Prefer <limits.h> to <assert.h> if __STDC__ is defined, since
|     <limits.h> exists even on freestanding compilers.  */
| 
| #ifdef __STDC__
| # include <limits.h>
| #else
| # include <assert.h>
| #endif
| 
| #undef pow
| 
| /* Override any GCC internal prototype to avoid an error.
|    Use char because int might match the return type of a GCC
|    builtin and then its argument prototype would still apply.  */
| #ifdef __cplusplus
| extern "C"
| #endif
| char pow ();
| /* The GNU C library defines this for functions which it implements
|     to always fail with ENOSYS.  Some functions are actually named
|     something starting with __ and the normal name is an alias.  */
| #if defined __stub_pow || defined __stub___pow
| choke me
| #endif
| 
| int
| main ()
| {
| return pow ();
|   ;
|   return 0;
| }
configure:13976: result: no
configure:13976: checking for sqrt
configure:13976: gcc -std=gnu99 -o conftest -g -O2   conftest.c  >&5
conftest.c:66:6: warning: conflicting types for built-in function 'sqrt' [enabled by default]
/tmp/cccMNp8v.o: In function `main':
/var/www/spice/misc/spice-0.12.0/spice-common/conftest.c:77: undefined reference to `sqrt'
collect2: ld returned 1 exit status
configure:13976: $? = 1
configure: failed program was:
| /* confdefs.h */
| #define PACKAGE_NAME "spice-common"
| #define PACKAGE_TARNAME "spice-common"
| #define PACKAGE_VERSION "UNKNOWN-dirty"
| #define PACKAGE_STRING "spice-common UNKNOWN-dirty"
| #define PACKAGE_BUGREPORT "spice-devel@lists.freedesktop.org"
| #define PACKAGE_URL ""
| #define PACKAGE "spice-common"
| #define VERSION "UNKNOWN-dirty"
| #define STDC_HEADERS 1
| #define HAVE_SYS_TYPES_H 1
| #define HAVE_SYS_STAT_H 1
| #define HAVE_STDLIB_H 1
| #define HAVE_STRING_H 1
| #define HAVE_MEMORY_H 1
| #define HAVE_STRINGS_H 1
| #define HAVE_INTTYPES_H 1
| #define HAVE_STDINT_H 1
| #define HAVE_UNISTD_H 1
| #define HAVE_DLFCN_H 1
| #define LT_OBJDIR ".libs/"
| #define USE_SMARTCARD 1
| #define HAVE_ALLOCA_H 1
| #define HAVE_ALLOCA 1
| #define HAVE_ARPA_INET_H 1
| #define HAVE_MALLOC_H 1
| #define HAVE_NETINET_IN_H 1
| #define HAVE_STDDEF_H 1
| #define HAVE_STDINT_H 1
| #define HAVE_STDLIB_H 1
| #define HAVE_STRING_H 1
| #define HAVE_SYS_SOCKET_H 1
| #define HAVE_UNISTD_H 1
| #define HAVE_FORK 1
| #define HAVE_VFORK 1
| #define HAVE_WORKING_VFORK 1
| #define HAVE_WORKING_FORK 1
| #define HAVE_DUP2 1
| #define HAVE_INET_NTOA 1
| #define HAVE_MEMMOVE 1
| #define HAVE_MEMSET 1
| /* end confdefs.h.  */
| /* Define sqrt to an innocuous variant, in case <limits.h> declares sqrt.
|    For example, HP-UX 11i <limits.h> declares gettimeofday.  */
| #define sqrt innocuous_sqrt
| 
| /* System header to define __stub macros and hopefully few prototypes,
|     which can conflict with char sqrt (); below.
|     Prefer <limits.h> to <assert.h> if __STDC__ is defined, since
|     <limits.h> exists even on freestanding compilers.  */
| 
| #ifdef __STDC__
| # include <limits.h>
| #else
| # include <assert.h>
| #endif
| 
| #undef sqrt
| 
| /* Override any GCC internal prototype to avoid an error.
|    Use char because int might match the return type of a GCC
|    builtin and then its argument prototype would still apply.  */
| #ifdef __cplusplus
| extern "C"
| #endif
| char sqrt ();
| /* The GNU C library defines this for functions which it implements
|     to always fail with ENOSYS.  Some functions are actually named
|     something starting with __ and the normal name is an alias.  */
| #if defined __stub_sqrt || defined __stub___sqrt
| choke me
| #endif
| 
| int
| main ()
| {
| return sqrt ();
|   ;
|   return 0;
| }
configure:13976: result: no
configure:13989: checking for native Win32
configure:13999: result: no
configure:14125: checking that generated files are newer than configure
configure:14131: result: done
configure:14174: creating ./config.status

## ---------------------- ##
## Running config.status. ##
## ---------------------- ##

This file was extended by spice-common config.status UNKNOWN-dirty, which was
generated by GNU Autoconf 2.69.  Invocation command line was

  CONFIG_FILES    = 
  CONFIG_HEADERS  = 
  CONFIG_LINKS    = 
  CONFIG_COMMANDS = 
  $ ./config.status 

on eyeMiddle

config.status:1124: creating Makefile
config.status:1124: creating common/Makefile
config.status:1124: creating python_modules/Makefile
config.status:1124: creating config.h
config.status:1353: executing depfiles commands
config.status:1353: executing libtool commands
configure:16466: === configuring in spice-protocol (/var/www/spice/misc/spice-0.12.0/spice-common/spice-protocol)
configure:16529: running /bin/bash ./configure --disable-option-checking '--prefix=/usr/local'  --cache-file=/dev/null --srcdir=.

## ---------------- ##
## Cache variables. ##
## ---------------- ##

ac_cv_build=x86_64-unknown-linux-gnu
ac_cv_c_compiler_gnu=yes
ac_cv_c_inline=inline
ac_cv_c_int16_t=yes
ac_cv_c_int32_t=yes
ac_cv_c_int64_t=yes
ac_cv_c_int8_t=yes
ac_cv_c_uint16_t=yes
ac_cv_c_uint32_t=yes
ac_cv_c_uint64_t=yes
ac_cv_c_uint8_t=yes
ac_cv_env_CC_set=
ac_cv_env_CC_value=
ac_cv_env_CFLAGS_set=
ac_cv_env_CFLAGS_value=
ac_cv_env_CPPFLAGS_set=
ac_cv_env_CPPFLAGS_value=
ac_cv_env_CPP_set=
ac_cv_env_CPP_value=
ac_cv_env_LDFLAGS_set=
ac_cv_env_LDFLAGS_value=
ac_cv_env_LIBS_set=
ac_cv_env_LIBS_value=
ac_cv_env_PIXMAN_CFLAGS_set=
ac_cv_env_PIXMAN_CFLAGS_value=
ac_cv_env_PIXMAN_LIBS_set=
ac_cv_env_PIXMAN_LIBS_value=
ac_cv_env_PKG_CONFIG_LIBDIR_set=
ac_cv_env_PKG_CONFIG_LIBDIR_value=
ac_cv_env_PKG_CONFIG_PATH_set=
ac_cv_env_PKG_CONFIG_PATH_value=
ac_cv_env_PKG_CONFIG_set=
ac_cv_env_PKG_CONFIG_value=
ac_cv_env_SMARTCARD_CFLAGS_set=
ac_cv_env_SMARTCARD_CFLAGS_value=
ac_cv_env_SMARTCARD_LIBS_set=
ac_cv_env_SMARTCARD_LIBS_value=
ac_cv_env_XMKMF_set=
ac_cv_env_XMKMF_value=
ac_cv_env_build_alias_set=
ac_cv_env_build_alias_value=
ac_cv_env_host_alias_set=
ac_cv_env_host_alias_value=
ac_cv_env_target_alias_set=
ac_cv_env_target_alias_value=
ac_cv_func_alloca_works=yes
ac_cv_func_dup2=yes
ac_cv_func_floor=no
ac_cv_func_fork=yes
ac_cv_func_fork_works=yes
ac_cv_func_inet_ntoa=yes
ac_cv_func_memmove=yes
ac_cv_func_memset=yes
ac_cv_func_pow=no
ac_cv_func_sqrt=no
ac_cv_func_vfork=yes
ac_cv_func_vfork_works=yes
ac_cv_have_x='have_x=yes	ac_x_includes='\'''\''	ac_x_libraries='\'''\'''
ac_cv_header_arpa_inet_h=yes
ac_cv_header_dlfcn_h=yes
ac_cv_header_inttypes_h=yes
ac_cv_header_malloc_h=yes
ac_cv_header_memory_h=yes
ac_cv_header_netinet_in_h=yes
ac_cv_header_stdc=yes
ac_cv_header_stddef_h=yes
ac_cv_header_stdint_h=yes
ac_cv_header_stdlib_h=yes
ac_cv_header_string_h=yes
ac_cv_header_strings_h=yes
ac_cv_header_sys_socket_h=yes
ac_cv_header_sys_stat_h=yes
ac_cv_header_sys_types_h=yes
ac_cv_header_unistd_h=yes
ac_cv_header_vfork_h=no
ac_cv_host=x86_64-unknown-linux-gnu
ac_cv_lib_error_at_line=yes
ac_cv_objext=o
ac_cv_path_EGREP='/bin/grep -E'
ac_cv_path_FGREP='/bin/grep -F'
ac_cv_path_GREP=/bin/grep
ac_cv_path_SED=/bin/sed
ac_cv_path_ac_pt_PKG_CONFIG=/usr/bin/pkg-config
ac_cv_path_install='/usr/bin/install -c'
ac_cv_path_mkdir=/bin/mkdir
ac_cv_prog_AWK=mawk
ac_cv_prog_CPP='gcc -E'
ac_cv_prog_ac_ct_AR=ar
ac_cv_prog_ac_ct_CC=gcc
ac_cv_prog_ac_ct_MANIFEST_TOOL=mt
ac_cv_prog_ac_ct_OBJDUMP=objdump
ac_cv_prog_ac_ct_RANLIB=ranlib
ac_cv_prog_ac_ct_STRIP=strip
ac_cv_prog_cc_c89=
ac_cv_prog_cc_c99=-std=gnu99
ac_cv_prog_cc_g=yes
ac_cv_prog_cc_gcc_c_o=yes
ac_cv_prog_make_make_set=yes
ac_cv_type_pid_t=yes
ac_cv_type_size_t=yes
ac_cv_working_alloca_h=yes
am_cv_CC_dependencies_compiler_type=gcc3
am_cv_ar_interface=ar
am_cv_make_support_nested_variables=yes
am_cv_prog_tar_ustar=gnutar
lt_cv_ar_at_file=@
lt_cv_archive_cmds_need_lc=no
lt_cv_deplibs_check_method=pass_all
lt_cv_file_magic_cmd='$MAGIC_CMD'
lt_cv_file_magic_test_file=
lt_cv_ld_reload_flag=-r
lt_cv_nm_interface='BSD nm'
lt_cv_objdir=.libs
lt_cv_path_LD=/usr/bin/ld
lt_cv_path_NM='/usr/bin/nm -B'
lt_cv_path_mainfest_tool=no
lt_cv_prog_compiler_c_o=yes
lt_cv_prog_compiler_pic='-fPIC -DPIC'
lt_cv_prog_compiler_pic_works=yes
lt_cv_prog_compiler_rtti_exceptions=no
lt_cv_prog_compiler_static_works=yes
lt_cv_prog_gnu_ld=yes
lt_cv_sharedlib_from_linklib_cmd='printf %s\n'
lt_cv_shlibpath_overrides_runpath=no
lt_cv_sys_global_symbol_pipe='sed -n -e '\''s/^.*[	 ]\([ABCDGIRSTW][ABCDGIRSTW]*\)[	 ][	 ]*\([_A-Za-z][_A-Za-z0-9]*\)$/\1 \2 \2/p'\'' | sed '\''/ __gnu_lto/d'\'''
lt_cv_sys_global_symbol_to_c_name_address='sed -n -e '\''s/^: \([^ ]*\)[ ]*$/  {\"\1\", (void *) 0},/p'\'' -e '\''s/^[ABCDGIRSTW]* \([^ ]*\) \([^ ]*\)$/  {"\2", (void *) \&\2},/p'\'''
lt_cv_sys_global_symbol_to_c_name_address_lib_prefix='sed -n -e '\''s/^: \([^ ]*\)[ ]*$/  {\"\1\", (void *) 0},/p'\'' -e '\''s/^[ABCDGIRSTW]* \([^ ]*\) \(lib[^ ]*\)$/  {"\2", (void *) \&\2},/p'\'' -e '\''s/^[ABCDGIRSTW]* \([^ ]*\) \([^ ]*\)$/  {"lib\2", (void *) \&\2},/p'\'''
lt_cv_sys_global_symbol_to_cdecl='sed -n -e '\''s/^T .* \(.*\)$/extern int \1();/p'\'' -e '\''s/^[ABCDGIRSTW]* .* \(.*\)$/extern char \1;/p'\'''
lt_cv_sys_max_cmd_len=1572864
lt_cv_to_host_file_cmd=func_convert_file_noop
lt_cv_to_tool_file_cmd=func_convert_file_noop
pkg_cv_PIXMAN_CFLAGS='-I/usr/include/pixman-1  '
pkg_cv_PIXMAN_LIBS='-lpixman-1  '
pkg_cv_SMARTCARD_CFLAGS='-I/usr/local/include/cacard -I/usr/include/nss -I/usr/include/nspr  '
pkg_cv_SMARTCARD_LIBS='-L/usr/local/lib -lcacard -lnss3 -lnssutil3 -lsmime3 -lssl3 -lplds4 -lplc4 -lnspr4 -lpthread -ldl  '

## ----------------- ##
## Output variables. ##
## ----------------- ##

ACLOCAL='${SHELL} /var/www/spice/misc/spice-0.12.0/spice-common/build-aux/missing --run aclocal-1.12'
ALLOCA=''
AMDEPBACKSLASH='\'
AMDEP_FALSE='#'
AMDEP_TRUE=''
AMTAR='$${TAR-tar}'
AM_BACKSLASH='\'
AM_DEFAULT_V='$(AM_DEFAULT_VERBOSITY)'
AM_DEFAULT_VERBOSITY='0'
AM_V='$(V)'
AR='ar'
AUTOCONF='${SHELL} /var/www/spice/misc/spice-0.12.0/spice-common/build-aux/missing --run autoconf'
AUTOHEADER='${SHELL} /var/www/spice/misc/spice-0.12.0/spice-common/build-aux/missing --run autoheader'
AUTOMAKE='${SHELL} /var/www/spice/misc/spice-0.12.0/spice-common/build-aux/missing --run automake-1.12'
AWK='mawk'
CC='gcc -std=gnu99'
CCDEPMODE='depmode=gcc3'
CFLAGS='-g -O2'
CPP='gcc -E'
CPPFLAGS=''
CYGPATH_W='echo'
DEFS='-DHAVE_CONFIG_H'
DEPDIR='.deps'
DLLTOOL='false'
DSYMUTIL=''
DUMPBIN=''
ECHO_C=''
ECHO_N='-n'
ECHO_T=''
EGREP='/bin/grep -E'
EXEEXT=''
FGREP='/bin/grep -F'
GL_CFLAGS=''
GL_LIBS=''
GREP='/bin/grep'
INSTALL_DATA='${INSTALL} -m 644'
INSTALL_PROGRAM='${INSTALL}'
INSTALL_SCRIPT='${INSTALL}'
INSTALL_STRIP_PROGRAM='$(install_sh) -c -s'
LD='/usr/bin/ld -m elf_x86_64'
LDFLAGS=''
LIBOBJS=''
LIBS=''
LIBTOOL='$(SHELL) $(top_builddir)/libtool'
LIPO=''
LN_S='ln -s'
LTLIBOBJS=''
MAINT='#'
MAINTAINER_MODE_FALSE=''
MAINTAINER_MODE_TRUE='#'
MAKEINFO='${SHELL} /var/www/spice/misc/spice-0.12.0/spice-common/build-aux/missing --run makeinfo'
MANIFEST_TOOL=':'
MKDIR_P='/bin/mkdir -p'
NM='/usr/bin/nm -B'
NMEDIT=''
OBJDUMP='objdump'
OBJEXT='o'
OS_WIN32_FALSE=''
OS_WIN32_TRUE='#'
OTOOL64=''
OTOOL=''
PACKAGE='spice-common'
PACKAGE_BUGREPORT='spice-devel@lists.freedesktop.org'
PACKAGE_NAME='spice-common'
PACKAGE_STRING='spice-common UNKNOWN-dirty'
PACKAGE_TARNAME='spice-common'
PACKAGE_URL=''
PACKAGE_VERSION='UNKNOWN-dirty'
PATH_SEPARATOR=':'
PIXMAN_CFLAGS='-I/usr/include/pixman-1  '
PIXMAN_LIBS='-lpixman-1  '
PKG_CONFIG='/usr/bin/pkg-config'
PKG_CONFIG_LIBDIR=''
PKG_CONFIG_PATH=''
PROTOCOL_CFLAGS='-I ${top_srcdir}/spice-protocol'
RANLIB='ranlib'
SED='/bin/sed'
SET_MAKE=''
SHELL='/bin/bash'
SMARTCARD_CFLAGS='-I/usr/local/include/cacard -I/usr/include/nss -I/usr/include/nspr  '
SMARTCARD_LIBS='-L/usr/local/lib -lcacard -lnss3 -lnssutil3 -lsmime3 -lssl3 -lplds4 -lplc4 -lnspr4 -lpthread -ldl  '
STRIP='strip'
SUPPORT_GL_FALSE=''
SUPPORT_GL_TRUE='#'
VERSION='UNKNOWN-dirty'
WITH_SMARTCARD_FALSE='#'
WITH_SMARTCARD_TRUE=''
XMKMF=''
ac_ct_AR='ar'
ac_ct_CC='gcc'
ac_ct_DUMPBIN=''
am__EXEEXT_FALSE=''
am__EXEEXT_TRUE='#'
am__fastdepCC_FALSE='#'
am__fastdepCC_TRUE=''
am__include='include'
am__isrc=''
am__leading_dot='.'
am__nodep='_no'
am__quote=''
am__tar='tar --format=ustar -chf - "$$tardir"'
am__untar='tar -xf -'
bindir='${exec_prefix}/bin'
build='x86_64-unknown-linux-gnu'
build_alias=''
build_cpu='x86_64'
build_os='linux-gnu'
build_vendor='unknown'
datadir='${datarootdir}'
datarootdir='${prefix}/share'
docdir='${datarootdir}/doc/${PACKAGE_TARNAME}'
dvidir='${docdir}'
exec_prefix='${prefix}'
host='x86_64-unknown-linux-gnu'
host_alias=''
host_cpu='x86_64'
host_os='linux-gnu'
host_vendor='unknown'
htmldir='${docdir}'
includedir='${prefix}/include'
infodir='${datarootdir}/info'
install_sh='${SHELL} /var/www/spice/misc/spice-0.12.0/spice-common/build-aux/install-sh'
libdir='${exec_prefix}/lib'
libexecdir='${exec_prefix}/libexec'
localedir='${datarootdir}/locale'
localstatedir='${prefix}/var'
mandir='${datarootdir}/man'
mkdir_p='$(MKDIR_P)'
oldincludedir='/usr/include'
pdfdir='${docdir}'
prefix='/usr/local'
program_transform_name='s,x,x,'
psdir='${docdir}'
sbindir='${exec_prefix}/sbin'
sharedstatedir='${prefix}/com'
subdirs=' spice-protocol'
sysconfdir='${prefix}/etc'
target_alias=''

## ----------- ##
## confdefs.h. ##
## ----------- ##

/* confdefs.h */
#define PACKAGE_NAME "spice-common"
#define PACKAGE_TARNAME "spice-common"
#define PACKAGE_VERSION "UNKNOWN-dirty"
#define PACKAGE_STRING "spice-common UNKNOWN-dirty"
#define PACKAGE_BUGREPORT "spice-devel@lists.freedesktop.org"
#define PACKAGE_URL ""
#define PACKAGE "spice-common"
#define VERSION "UNKNOWN-dirty"
#define STDC_HEADERS 1
#define HAVE_SYS_TYPES_H 1
#define HAVE_SYS_STAT_H 1
#define HAVE_STDLIB_H 1
#define HAVE_STRING_H 1
#define HAVE_MEMORY_H 1
#define HAVE_STRINGS_H 1
#define HAVE_INTTYPES_H 1
#define HAVE_STDINT_H 1
#define HAVE_UNISTD_H 1
#define HAVE_DLFCN_H 1
#define LT_OBJDIR ".libs/"
#define USE_SMARTCARD 1
#define HAVE_ALLOCA_H 1
#define HAVE_ALLOCA 1
#define HAVE_ARPA_INET_H 1
#define HAVE_MALLOC_H 1
#define HAVE_NETINET_IN_H 1
#define HAVE_STDDEF_H 1
#define HAVE_STDINT_H 1
#define HAVE_STDLIB_H 1
#define HAVE_STRING_H 1
#define HAVE_SYS_SOCKET_H 1
#define HAVE_UNISTD_H 1
#define HAVE_FORK 1
#define HAVE_VFORK 1
#define HAVE_WORKING_VFORK 1
#define HAVE_WORKING_FORK 1
#define HAVE_DUP2 1
#define HAVE_INET_NTOA 1
#define HAVE_MEMMOVE 1
#define HAVE_MEMSET 1

configure: exit 0
